#
# A fatal error has been detected by the Java Runtime Environment:
#
#  EXCEPTION_ACCESS_VIOLATION (0xc0000005) at pc=0x00007ffe9ef1b330, pid=2924, tid=6936
#
# JRE version: Java(TM) SE Runtime Environment (15.0.1+9) (build 15.0.1+9-18)
# Java VM: Java HotSpot(TM) 64-Bit Server VM (15.0.1+9-18, mixed mode, sharing, tiered, compressed oops, g1 gc, windows-amd64)
# Problematic frame:
# V  [jvm.dll+0x2ab330]
#
# No core dump will be written. Minidumps are not enabled by default on client versions of Windows
#
# If you would like to submit a bug report, please visit:
#   https://bugreport.java.com/bugreport/crash.jsp
#

---------------  S U M M A R Y ------------

Command Line: -Dspring.lsp.client-port=45556 -Dserver.port=45556 -Dsts.lsp.client=vscode -Dsts.log.file=/dev/null -XX:TieredStopAtLevel=1 -Dspring.config.location=file:c:\Users\home\.vscode\extensions\pivotal.vscode-spring-boot-1.26.0\language-server\BOOT-INF\classes\application.properties org.springframework.ide.vscode.boot.app.BootLanguageServerBootApp

Host: Intel(R) Core(TM) i3-3217U CPU @ 1.80GHz, 4 cores, 3G,  Windows 10 , 64 bit Build 17133 (10.0.17133.1)
Time: Thu Jul  8 15:06:45 2021 Hora Padrão de Buenos Aires elapsed time: 328.895977 seconds (0d 0h 5m 28s)

---------------  T H R E A D  ---------------

Current thread (0x00000118522d78c0):  GCTaskThread "GC Thread#0" [stack: 0x0000000974000000,0x0000000974100000] [id=6936]

Stack: [0x0000000974000000,0x0000000974100000],  sp=0x00000009740ff230,  free space=1020k
Native frames: (J=compiled Java code, j=interpreted, Vv=VM code, C=native code)
V  [jvm.dll+0x2ab330]
V  [jvm.dll+0x2a64b1]
V  [jvm.dll+0x2a6aa9]
V  [jvm.dll+0x2a6ba7]
V  [jvm.dll+0x2acd0d]
V  [jvm.dll+0x7adba0]
V  [jvm.dll+0x73d65a]
V  [jvm.dll+0x629c56]
C  [ucrtbase.dll+0x1c1ae]
C  [KERNEL32.DLL+0x13034]
C  [ntdll.dll+0x71551]


siginfo: EXCEPTION_ACCESS_VIOLATION (0xc0000005), reading address 0x0000000000400000


Register to memory mapping:

RIP=0x00007ffe9ef1b330 jvm.dll
RAX=0x00000118522d5430 points into unknown readable memory: 0x0000000000000000 | 00 00 00 00 00 00 00 00
RBX=0x00000118720aba90 points into unknown readable memory: 0x00007ffe9f4fa628 | 28 a6 4f 9f fe 7f 00 00
RCX=0x0 is NULL
RDX=0x0000000000000004 is an unknown value
RSP=0x00000009740ff230 points into unknown readable memory: 0x00000118720aba90 | 90 ba 0a 72 18 01 00 00
RBP=0x000001185222cd40 points into unknown readable memory: 0x00007ffe9f4f40a8 | a8 40 4f 9f fe 7f 00 00
RSI=0x00000000c34c1860 is pointing into object: org.eclipse.jdt.internal.compiler.lookup.BinaryModuleBinding 
{0x00000000c34c1800} - klass: 'org/eclipse/jdt/internal/compiler/lookup/BinaryModuleBinding'
RDI=0x000000000000603d is an unknown value
R8 =0x00000416000007eb is an unknown value
R9 =0x0000000000000002 is an unknown value
R10=0x0000000000400000 is an unknown value
R11=0x0000000000000010 is an unknown value
R12=0x0000000000000003 is an unknown value
R13=0x00000009740ff350 points into unknown readable memory: 0x00007ffe9f4f4070 | 70 40 4f 9f fe 7f 00 00
R14=0x00000118720aba90 points into unknown readable memory: 0x00007ffe9f4fa628 | 28 a6 4f 9f fe 7f 00 00
R15=0x000000000000000c is an unknown value


Registers:
RAX=0x00000118522d5430, RBX=0x00000118720aba90, RCX=0x0000000000000000, RDX=0x0000000000000004
RSP=0x00000009740ff230, RBP=0x000001185222cd40, RSI=0x00000000c34c1860, RDI=0x000000000000603d
R8 =0x00000416000007eb, R9 =0x0000000000000002, R10=0x0000000000400000, R11=0x0000000000000010
R12=0x0000000000000003, R13=0x00000009740ff350, R14=0x00000118720aba90, R15=0x000000000000000c
RIP=0x00007ffe9ef1b330, EFLAGS=0x0000000000010246

Top of Stack: (sp=0x00000009740ff230)
0x00000009740ff230:   00000118720aba90 00000118720aba90
0x00000009740ff240:   00000000c630991c 00000416000007ec
0x00000009740ff250:   00000118522c15d0 00000118720aba90
0x00000009740ff260:   00000009745ff200 00000009740ff2e0
0x00000009740ff270:   0000000000000000 00007ffe9ef164b1
0x00000009740ff280:   0000000000000000 00007ffe9f4f87e8
0x00000009740ff290:   00000000c34c1861 00007ffe9ef36c17
0x00000009740ff2a0:   00000009745ff210 00007ffe9f294a3f
0x00000009740ff2b0:   0000000000000000 0000000000000000
0x00000009740ff2c0:   0000000000000000 0000000000000000
0x00000009740ff2d0:   0000000000000001 00007ffe9f3bd397
0x00000009740ff2e0:   00000118522b6a80 00000118522bedf0
0x00000009740ff2f0:   00000000000003d8 00000118522b6e58
0x00000009740ff300:   0000000000000001 00007ffe9ef16aa9
0x00000009740ff310:   00000118720aba90 00000118720aba90
0x00000009740ff320:   0000000000000015 00000009745ff210 

Instructions: (pc=0x00007ffe9ef1b330)
0x00007ffe9ef1b230:   c2 00 01 00 00 03 c8 48 8b 05 5a a1 76 00 89 4c
0x00007ffe9ef1b240:   24 24 48 8b 4c 24 20 ff d0 48 3b c3 0f 94 c0 84
0x00007ffe9ef1b250:   c0 75 2a 41 8b 4e 08 41 ff c7 8d 04 09 44 3b f8
0x00007ffe9ef1b260:   0f 82 fa fc ff ff 32 c0 48 8b 5c 24 78 48 83 c4
0x00007ffe9ef1b270:   30 41 5f 41 5e 41 5d 41 5c 5f 5e 5d c3 b0 01 eb
0x00007ffe9ef1b280:   e7 cc cc cc cc cc cc cc cc cc cc cc cc cc cc cc
0x00007ffe9ef1b290:   40 53 55 48 83 ec 38 48 8b ea 48 c7 44 24 60 00
0x00007ffe9ef1b2a0:   00 00 00 8b 91 c8 01 00 00 4c 8d 44 24 60 48 8b
0x00007ffe9ef1b2b0:   d9 48 8b cd e8 77 fc ff ff 84 c0 0f 84 95 03 00
0x00007ffe9ef1b2c0:   00 4c 89 7c 24 20 41 bf 0c 00 00 00 48 89 74 24
0x00007ffe9ef1b2d0:   58 48 89 7c 24 30 4c 89 74 24 28 0f 1f 44 00 00
0x00007ffe9ef1b2e0:   48 8b 44 24 60 a8 01 0f 84 44 01 00 00 8b 0d 1d
0x00007ffe9ef1b2f0:   07 75 00 48 8d 70 ff 48 8b 43 08 44 8b 16 49 d3
0x00007ffe9ef1b300:   e2 4c 03 15 00 07 75 00 8b 88 48 04 00 00 49 8b
0x00007ffe9ef1b310:   d2 48 8b 80 38 04 00 00 48 d3 ea 0f b7 0c 50 66
0x00007ffe9ef1b320:   89 4c 24 50 66 c1 e9 08 84 c9 0f 88 ef 02 00 00
0x00007ffe9ef1b330:   4d 8b 02 41 0f b6 c0 24 03 3c 03 75 1e 80 3d fe
0x00007ffe9ef1b340:   7c 7d 00 00 74 0f 41 0f b6 c0 24 07 3c 05 75 05
0x00007ffe9ef1b350:   45 33 c0 eb 1c 49 83 e0 fc eb 16 0f b7 54 24 50
0x00007ffe9ef1b360:   4d 8b c8 4d 8b c2 48 8b cb e8 12 62 02 00 4c 8b
0x00007ffe9ef1b370:   c0 8b 0d 99 06 75 00 49 8b d0 48 2b 15 87 06 75
0x00007ffe9ef1b380:   00 48 d3 ea 89 16 48 8b d6 8b 0d 51 86 7d 00 49
0x00007ffe9ef1b390:   33 d0 48 d3 ea 48 85 d2 0f 84 81 02 00 00 48 8b
0x00007ffe9ef1b3a0:   43 08 48 8b d6 48 8b 80 00 01 00 00 8b 48 68 48
0x00007ffe9ef1b3b0:   8b 40 58 48 d3 ea 48 8b 0c d0 8b 81 cc 00 00 00
0x00007ffe9ef1b3c0:   d1 e8 a8 01 0f 85 55 02 00 00 48 8b 43 08 8b 88
0x00007ffe9ef1b3d0:   48 04 00 00 48 8b 80 38 04 00 00 49 d3 e8 42 80
0x00007ffe9ef1b3e0:   3c 40 00 0f 84 36 02 00 00 48 8b 83 80 00 00 00
0x00007ffe9ef1b3f0:   48 c1 ee 09 48 8b 78 48 48 8b 50 40 48 03 fe 48
0x00007ffe9ef1b400:   2b fa 48 39 bb d0 01 00 00 0f 84 10 02 00 00 80
0x00007ffe9ef1b410:   7b 28 00 48 8d 4b 18 0f 84 2b 01 00 00 48 03 d7
0x00007ffe9ef1b420:   e8 3b 2e 3c 00 48 89 bb d0 01 00 00 e9 ee 01 00 


Stack slot to memory mapping:
stack at sp + 0 slots: 0x00000118720aba90 points into unknown readable memory: 0x00007ffe9f4fa628 | 28 a6 4f 9f fe 7f 00 00
stack at sp + 1 slots: 0x00000118720aba90 points into unknown readable memory: 0x00007ffe9f4fa628 | 28 a6 4f 9f fe 7f 00 00
stack at sp + 2 slots: 0x00000000c630991c is pointing into object: reactor.core.publisher.MonoSubscribeOn$SubscribeOnSubscriber 
{0x00000000c6309900} - klass: 'reactor/core/publisher/MonoSubscribeOn$SubscribeOnSubscriber'
stack at sp + 3 slots: 0x00000416000007ec is an unknown value
stack at sp + 4 slots: 0x00000118522c15d0 points into unknown readable memory: 0x000001185222d390 | 90 d3 22 52 18 01 00 00
stack at sp + 5 slots: 0x00000118720aba90 points into unknown readable memory: 0x00007ffe9f4fa628 | 28 a6 4f 9f fe 7f 00 00
stack at sp + 6 slots: 0x00000009745ff200 points into unknown readable memory: 0x0000000000000000 | 00 00 00 00 00 00 00 00
stack at sp + 7 slots: 0x00000009740ff2e0 points into unknown readable memory: 0x00000118522b6a80 | 80 6a 2b 52 18 01 00 00


---------------  P R O C E S S  ---------------

Threads class SMR info:
_java_thread_list=0x00000118723645c0, length=20, elements={
0x000001186fd55d60, 0x000001186fd574f0, 0x000001186fd703f0, 0x000001186fd72dc0,
0x000001186fd74340, 0x000001186fd768d0, 0x000001186fd7bf50, 0x00000118707959e0,
0x00000118707aa080, 0x0000011871cc1350, 0x00000118522ab740, 0x0000011871d31e30,
0x0000011871dd2020, 0x00000118711dce90, 0x00000118711ddd00, 0x00000118711dc4f0,
0x00000118711de1d0, 0x00000118711dd360, 0x0000011870c078e0, 0x0000011870c09f60
}

Java Threads: ( => current thread )
  0x000001186fd55d60 JavaThread "Reference Handler" daemon [_thread_blocked, id=8308, stack(0x0000000974600000,0x0000000974700000)]
  0x000001186fd574f0 JavaThread "Finalizer" daemon [_thread_blocked, id=7272, stack(0x0000000974700000,0x0000000974800000)]
  0x000001186fd703f0 JavaThread "Signal Dispatcher" daemon [_thread_blocked, id=3468, stack(0x0000000974800000,0x0000000974900000)]
  0x000001186fd72dc0 JavaThread "Attach Listener" daemon [_thread_blocked, id=9940, stack(0x0000000974900000,0x0000000974a00000)]
  0x000001186fd74340 JavaThread "Service Thread" daemon [_thread_blocked, id=8804, stack(0x0000000974a00000,0x0000000974b00000)]
  0x000001186fd768d0 JavaThread "C1 CompilerThread0" daemon [_thread_blocked, id=4208, stack(0x0000000974b00000,0x0000000974c00000)]
  0x000001186fd7bf50 JavaThread "Sweeper thread" daemon [_thread_blocked, id=9864, stack(0x0000000974c00000,0x0000000974d00000)]
  0x00000118707959e0 JavaThread "Notification Thread" daemon [_thread_blocked, id=2156, stack(0x0000000974d00000,0x0000000974e00000)]
  0x00000118707aa080 JavaThread "Common-Cleaner" daemon [_thread_blocked, id=2876, stack(0x0000000974f00000,0x0000000975000000)]
  0x0000011871cc1350 JavaThread "LanguageServerApp-lifecycle" [_thread_blocked, id=2976, stack(0x0000000975100000,0x0000000975200000)]
  0x00000118522ab740 JavaThread "DestroyJavaVM" [_thread_blocked, id=432, stack(0x0000000973f00000,0x0000000974000000)]
  0x0000011871d31e30 JavaThread "pool-5-thread-1" [_thread_in_native, id=8036, stack(0x0000000975200000,0x0000000975300000)]
  0x0000011871dd2020 JavaThread "Simple-Language-Server main thread" daemon [_thread_blocked, id=6088, stack(0x0000000975500000,0x0000000975600000)]
  0x00000118711dce90 JavaThread "pool-4-thread-1" [_thread_blocked, id=2852, stack(0x0000000975600000,0x0000000975700000)]
  0x00000118711ddd00 JavaThread "Reconciler-1" [_thread_blocked, id=6644, stack(0x0000000975700000,0x0000000975800000)]
  0x00000118711dc4f0 JavaThread "parallel-1" daemon [_thread_blocked, id=7916, stack(0x0000000975800000,0x0000000975900000)]
  0x00000118711de1d0 JavaThread "ForkJoinPool.commonPool-worker-5" daemon [_thread_blocked, id=2884, stack(0x0000000975a00000,0x0000000975b00000)]
  0x00000118711dd360 JavaThread "pool-2-thread-1" [_thread_blocked, id=4192, stack(0x0000000975c00000,0x0000000975d00000)]
  0x0000011870c078e0 JavaThread "ForkJoinPool.commonPool-worker-1" daemon [_thread_blocked, id=8728, stack(0x0000000973c00000,0x0000000973d00000)]
  0x0000011870c09f60 JavaThread "ForkJoinPool.commonPool-worker-3" daemon [_thread_blocked, id=9968, stack(0x0000000973e00000,0x0000000973f00000)]

Other Threads:
  0x000001186fd4f900 VMThread "VM Thread" [stack: 0x0000000974500000,0x0000000974600000] [id=7616]
  0x00000118707a2b00 WatcherThread [stack: 0x0000000974e00000,0x0000000974f00000] [id=4260]
=>0x00000118522d78c0 GCTaskThread "GC Thread#0" [stack: 0x0000000974000000,0x0000000974100000] [id=6936]
  0x0000011870e73380 GCTaskThread "GC Thread#1" [stack: 0x0000000975000000,0x0000000975100000] [id=4972]
  0x0000011870e73050 GCTaskThread "GC Thread#2" [stack: 0x0000000975300000,0x0000000975400000] [id=8328]
  0x0000011870e72060 GCTaskThread "GC Thread#3" [stack: 0x0000000975400000,0x0000000975500000] [id=7408]
  0x00000118522e1520 ConcurrentGCThread "G1 Main Marker" [stack: 0x0000000974100000,0x0000000974200000] [id=6588]
  0x00000118522e2110 ConcurrentGCThread "G1 Conc#0" [stack: 0x0000000974200000,0x0000000974300000] [id=4060]
  0x0000011852369d80 ConcurrentGCThread "G1 Refine#0" [stack: 0x0000000974300000,0x0000000974400000] [id=10096]
  0x00000118726ce840 ConcurrentGCThread "G1 Refine#1" [stack: 0x0000000975f00000,0x0000000976000000] [id=9324]
  0x00000118726cdac0 ConcurrentGCThread "G1 Refine#2" [stack: 0x0000000973d00000,0x0000000973e00000] [id=1080]
  0x000001185236a980 ConcurrentGCThread "G1 Young RemSet Sampling" [stack: 0x0000000974400000,0x0000000974500000] [id=6976]

Threads with active compile tasks:

VM state: at safepoint (normal execution)

VM Mutex/Monitor currently owned by a thread:  ([mutex/lock_event])
[0x00000118522a5430] Threads_lock - owner thread: 0x000001186fd4f900
[0x00000118522a5790] Heap_lock - owner thread: 0x00000118711ddd00

Heap address: 0x00000000c2800000, size: 984 MB, Compressed Oops mode: 32-bit
CDS archive(s) mapped at: [0x0000000800000000-0x0000000800b50000-0x0000000800b50000), size 11862016, SharedBaseAddress: 0x0000000800000000, ArchiveRelocationMode: 0.
Compressed class space mapped at: 0x0000000800b50000-0x0000000840b50000, size: 1073741824
Narrow klass base: 0x0000000800000000, Narrow klass shift: 3, Narrow klass range: 0x100000000

GC Precious Log:
 CPUs: 4 total, 4 available
 Memory: 3932M
 Large Page Support: Disabled
 NUMA Support: Disabled
 Compressed Oops: Enabled (32-bit)
 Heap Region Size: 1M
 Heap Min Capacity: 8M
 Heap Initial Capacity: 62M
 Heap Max Capacity: 984M
 Pre-touch: Disabled
 Parallel Workers: 4
 Concurrent Workers: 1
 Concurrent Refinement Workers: 4
 Periodic GC: Disabled

Heap:
 garbage-first heap   total 65536K, used 32339K [0x00000000c2800000, 0x0000000100000000)
  region size 1024K, 4 young (4096K), 1 survivors (1024K)
 Metaspace       used 34192K, capacity 34567K, committed 34608K, reserved 1079296K
  class space    used 4304K, capacity 4474K, committed 4480K, reserved 1048576K

Heap Regions: E=young(eden), S=young(survivor), O=old, HS=humongous(starts), HC=humongous(continues), CS=collection set, F=free, OA=open archive, CA=closed archive, TAMS=top-at-mark-start (previous, next)
|   0|0x00000000c2800000, 0x00000000c2900000, 0x00000000c2900000|100%| O|  |TAMS 0x00000000c2900000, 0x00000000c2900000| Untracked 
|   1|0x00000000c2900000, 0x00000000c2a00000, 0x00000000c2a00000|100%| O|  |TAMS 0x00000000c2a00000, 0x00000000c2a00000| Untracked 
|   2|0x00000000c2a00000, 0x00000000c2b00000, 0x00000000c2b00000|100%| O|  |TAMS 0x00000000c2b00000, 0x00000000c2b00000| Untracked 
|   3|0x00000000c2b00000, 0x00000000c2c00000, 0x00000000c2c00000|100%| O|  |TAMS 0x00000000c2c00000, 0x00000000c2c00000| Untracked 
|   4|0x00000000c2c00000, 0x00000000c2d00000, 0x00000000c2d00000|100%| O|  |TAMS 0x00000000c2d00000, 0x00000000c2d00000| Untracked 
|   5|0x00000000c2d00000, 0x00000000c2e00000, 0x00000000c2e00000|100%| O|  |TAMS 0x00000000c2e00000, 0x00000000c2e00000| Untracked 
|   6|0x00000000c2e00000, 0x00000000c2f00000, 0x00000000c2f00000|100%| O|  |TAMS 0x00000000c2f00000, 0x00000000c2f00000| Untracked 
|   7|0x00000000c2f00000, 0x00000000c3000000, 0x00000000c3000000|100%| O|  |TAMS 0x00000000c3000000, 0x00000000c3000000| Untracked 
|   8|0x00000000c3000000, 0x00000000c3100000, 0x00000000c3100000|100%| O|  |TAMS 0x00000000c3000000, 0x00000000c3100000| Untracked 
|   9|0x00000000c3100000, 0x00000000c3200000, 0x00000000c3200000|100%| O|  |TAMS 0x00000000c312b000, 0x00000000c3200000| Untracked 
|  10|0x00000000c3200000, 0x00000000c3300000, 0x00000000c3300000|100%| O|  |TAMS 0x00000000c3300000, 0x00000000c3300000| Untracked 
|  11|0x00000000c3300000, 0x00000000c3400000, 0x00000000c3400000|100%| O|  |TAMS 0x00000000c3300000, 0x00000000c3400000| Untracked 
|  12|0x00000000c3400000, 0x00000000c3500000, 0x00000000c3500000|100%| O|  |TAMS 0x00000000c3400000, 0x00000000c3500000| Untracked 
|  13|0x00000000c3500000, 0x00000000c3600000, 0x00000000c3600000|100%|HS|  |TAMS 0x00000000c3600000, 0x00000000c3600000| Complete 
|  14|0x00000000c3600000, 0x00000000c3700000, 0x00000000c3700000|100%| O|  |TAMS 0x00000000c3700000, 0x00000000c3700000| Untracked 
|  15|0x00000000c3700000, 0x00000000c3800000, 0x00000000c3800000|100%| O|  |TAMS 0x00000000c3800000, 0x00000000c3800000| Untracked 
|  16|0x00000000c3800000, 0x00000000c3900000, 0x00000000c3900000|100%| O|  |TAMS 0x00000000c3900000, 0x00000000c3900000| Untracked 
|  17|0x00000000c3900000, 0x00000000c3a00000, 0x00000000c3a00000|100%| O|  |TAMS 0x00000000c3a00000, 0x00000000c3a00000| Untracked 
|  18|0x00000000c3a00000, 0x00000000c3b00000, 0x00000000c3b00000|100%| O|  |TAMS 0x00000000c3a00000, 0x00000000c3b00000| Untracked 
|  19|0x00000000c3b00000, 0x00000000c3c00000, 0x00000000c3c00000|100%|HS|  |TAMS 0x00000000c3b00000, 0x00000000c3c00000| Complete 
|  20|0x00000000c3c00000, 0x00000000c3d00000, 0x00000000c3d00000|100%| O|  |TAMS 0x00000000c3d00000, 0x00000000c3d00000| Untracked 
|  21|0x00000000c3d00000, 0x00000000c3e00000, 0x00000000c3e00000|100%| O|  |TAMS 0x00000000c3e00000, 0x00000000c3e00000| Untracked 
|  22|0x00000000c3e00000, 0x00000000c3f00000, 0x00000000c3f00000|100%| O|  |TAMS 0x00000000c3f00000, 0x00000000c3f00000| Untracked 
|  23|0x00000000c3f00000, 0x00000000c4000000, 0x00000000c4000000|100%| O|  |TAMS 0x00000000c4000000, 0x00000000c4000000| Untracked 
|  24|0x00000000c4000000, 0x00000000c4100000, 0x00000000c4100000|100%| O|  |TAMS 0x00000000c4000000, 0x00000000c4100000| Untracked 
|  25|0x00000000c4100000, 0x00000000c4100000, 0x00000000c4200000|  0%| F|  |TAMS 0x00000000c4100000, 0x00000000c4100000| Untracked 
|  26|0x00000000c4200000, 0x00000000c4300000, 0x00000000c4300000|100%| O|  |TAMS 0x00000000c4300000, 0x00000000c4300000| Untracked 
|  27|0x00000000c4300000, 0x00000000c4300000, 0x00000000c4400000|  0%| F|  |TAMS 0x00000000c4300000, 0x00000000c4300000| Untracked 
|  28|0x00000000c4400000, 0x00000000c4400000, 0x00000000c4500000|  0%| F|  |TAMS 0x00000000c4400000, 0x00000000c4400000| Untracked 
|  29|0x00000000c4500000, 0x00000000c4500000, 0x00000000c4600000|  0%| F|  |TAMS 0x00000000c4500000, 0x00000000c4500000| Untracked 
|  30|0x00000000c4600000, 0x00000000c4600000, 0x00000000c4700000|  0%| F|  |TAMS 0x00000000c4600000, 0x00000000c4600000| Untracked 
|  31|0x00000000c4700000, 0x00000000c4700000, 0x00000000c4800000|  0%| F|  |TAMS 0x00000000c4700000, 0x00000000c4700000| Untracked 
|  32|0x00000000c4800000, 0x00000000c4900000, 0x00000000c4900000|100%| O|  |TAMS 0x00000000c4800000, 0x00000000c4900000| Untracked 
|  33|0x00000000c4900000, 0x00000000c4a00000, 0x00000000c4a00000|100%| O|  |TAMS 0x00000000c4900000, 0x00000000c4a00000| Untracked 
|  34|0x00000000c4a00000, 0x00000000c4a21400, 0x00000000c4b00000| 12%| O|  |TAMS 0x00000000c4a00000, 0x00000000c4a21400| Untracked 
|  35|0x00000000c4b00000, 0x00000000c4b00000, 0x00000000c4c00000|  0%| F|  |TAMS 0x00000000c4b00000, 0x00000000c4b00000| Untracked 
|  36|0x00000000c4c00000, 0x00000000c4c00000, 0x00000000c4d00000|  0%| F|  |TAMS 0x00000000c4c00000, 0x00000000c4c00000| Untracked 
|  37|0x00000000c4d00000, 0x00000000c4d00000, 0x00000000c4e00000|  0%| F|  |TAMS 0x00000000c4d00000, 0x00000000c4d00000| Untracked 
|  38|0x00000000c4e00000, 0x00000000c4e00000, 0x00000000c4f00000|  0%| F|  |TAMS 0x00000000c4e00000, 0x00000000c4e00000| Untracked 
|  39|0x00000000c4f00000, 0x00000000c4f00000, 0x00000000c5000000|  0%| F|  |TAMS 0x00000000c4f00000, 0x00000000c4f00000| Untracked 
|  40|0x00000000c5000000, 0x00000000c5000000, 0x00000000c5100000|  0%| F|  |TAMS 0x00000000c5000000, 0x00000000c5000000| Untracked 
|  41|0x00000000c5100000, 0x00000000c5100000, 0x00000000c5200000|  0%| F|  |TAMS 0x00000000c5100000, 0x00000000c5100000| Untracked 
|  42|0x00000000c5200000, 0x00000000c5200000, 0x00000000c5300000|  0%| F|  |TAMS 0x00000000c5200000, 0x00000000c5200000| Untracked 
|  43|0x00000000c5300000, 0x00000000c5300000, 0x00000000c5400000|  0%| F|  |TAMS 0x00000000c5300000, 0x00000000c5300000| Untracked 
|  44|0x00000000c5400000, 0x00000000c5400000, 0x00000000c5500000|  0%| F|  |TAMS 0x00000000c5400000, 0x00000000c5400000| Untracked 
|  45|0x00000000c5500000, 0x00000000c5500000, 0x00000000c5600000|  0%| F|  |TAMS 0x00000000c5500000, 0x00000000c5500000| Untracked 
|  46|0x00000000c5600000, 0x00000000c5600000, 0x00000000c5700000|  0%| F|  |TAMS 0x00000000c5600000, 0x00000000c5600000| Untracked 
|  47|0x00000000c5700000, 0x00000000c5700000, 0x00000000c5800000|  0%| F|  |TAMS 0x00000000c5700000, 0x00000000c5700000| Untracked 
|  48|0x00000000c5800000, 0x00000000c5800000, 0x00000000c5900000|  0%| F|  |TAMS 0x00000000c5800000, 0x00000000c5800000| Untracked 
|  49|0x00000000c5900000, 0x00000000c5900000, 0x00000000c5a00000|  0%| F|  |TAMS 0x00000000c5900000, 0x00000000c5900000| Untracked 
|  50|0x00000000c5a00000, 0x00000000c5a00000, 0x00000000c5b00000|  0%| F|  |TAMS 0x00000000c5a00000, 0x00000000c5a00000| Untracked 
|  51|0x00000000c5b00000, 0x00000000c5b00000, 0x00000000c5c00000|  0%| F|  |TAMS 0x00000000c5b00000, 0x00000000c5b00000| Untracked 
|  52|0x00000000c5c00000, 0x00000000c5c00000, 0x00000000c5d00000|  0%| F|  |TAMS 0x00000000c5c00000, 0x00000000c5c00000| Untracked 
|  53|0x00000000c5d00000, 0x00000000c5d00000, 0x00000000c5e00000|  0%| F|  |TAMS 0x00000000c5d00000, 0x00000000c5d00000| Untracked 
|  54|0x00000000c5e00000, 0x00000000c5e00000, 0x00000000c5f00000|  0%| F|  |TAMS 0x00000000c5e00000, 0x00000000c5e00000| Untracked 
|  55|0x00000000c5f00000, 0x00000000c5f00000, 0x00000000c6000000|  0%| F|  |TAMS 0x00000000c5f00000, 0x00000000c5f00000| Untracked 
|  56|0x00000000c6000000, 0x00000000c6000000, 0x00000000c6100000|  0%| F|  |TAMS 0x00000000c6000000, 0x00000000c6000000| Untracked 
|  57|0x00000000c6100000, 0x00000000c6100000, 0x00000000c6200000|  0%| F|  |TAMS 0x00000000c6100000, 0x00000000c6100000| Untracked 
|  58|0x00000000c6200000, 0x00000000c6200000, 0x00000000c6300000|  0%| F|  |TAMS 0x00000000c6200000, 0x00000000c6200000| Untracked 
|  59|0x00000000c6300000, 0x00000000c636d148, 0x00000000c6400000| 42%| S|  |TAMS 0x00000000c6300000, 0x00000000c6300000| Complete 
|  60|0x00000000c6400000, 0x00000000c64f0840, 0x00000000c6500000| 93%| E|CS|TAMS 0x00000000c6400000, 0x00000000c64f0840| Complete 
|  61|0x00000000c6500000, 0x00000000c6600000, 0x00000000c6600000|100%| E|CS|TAMS 0x00000000c6500000, 0x00000000c6600000| Complete 
|  62|0x00000000c6600000, 0x00000000c6683250, 0x00000000c6700000| 51%| E|CS|TAMS 0x00000000c6600000, 0x00000000c6683250| Complete 
|  63|0x00000000c6700000, 0x00000000c6800000, 0x00000000c6800000|100%| E|CS|TAMS 0x00000000c6700000, 0x00000000c6800000| Complete 

Card table byte_map: [0x000001186b4f0000,0x000001186b6e0000] _byte_map_base: 0x000001186aedc000

Marking Bits (Prev, Next): (CMBitMap*) 0x00000118522d9100, (CMBitMap*) 0x00000118522d90c0
 Prev Bits: [0x000001186c830000, 0x000001186d790000)
 Next Bits: [0x000001186b8d0000, 0x000001186c830000)

Polling page: 0x0000011852370000

Metaspace:

Usage:
  Non-class:     29.39 MB capacity,    29.19 MB (>99%) used,   155.41 KB ( <1%) free+waste,    50.25 KB ( <1%) overhead. 
      Class:      4.37 MB capacity,     4.20 MB ( 96%) used,   148.98 KB (  3%) free+waste,    20.25 KB ( <1%) overhead. 
       Both:     33.76 MB capacity,    33.39 MB ( 99%) used,   304.40 KB ( <1%) free+waste,    70.50 KB ( <1%) overhead. 

Virtual space:
  Non-class space:       30.00 MB reserved,      29.42 MB ( 98%) committed 
      Class space:        1.00 GB reserved,       4.38 MB ( <1%) committed 
             Both:        1.03 GB reserved,      33.80 MB (  3%) committed 

Chunk freelists:
   Non-Class:  35.00 KB
       Class:  6.00 KB
        Both:  41.00 KB

MaxMetaspaceSize: 17179869184.00 GB
CompressedClassSpaceSize: 1.00 GB

CodeHeap 'non-profiled nmethods': size=238912Kb used=8019Kb max_used=8019Kb free=230893Kb
 bounds [0x000001185c390000, 0x000001185cb70000, 0x000001186ace0000]
CodeHeap 'non-nmethods': size=6848Kb used=1272Kb max_used=1272Kb free=5575Kb
 bounds [0x000001185bce0000, 0x000001185bf50000, 0x000001185c390000]
 total_blobs=5465 nmethods=4905 adapters=486
 compilation: enabled
              stopped_count=0, restarted_count=0
 full_count=0

Compilation events (20 events):
Event: 327.091 Thread 0x000001186fd768d0 4890       1       org.springframework.ide.vscode.commons.protocol.java.TypeDescriptorData::getSuperClassName (5 bytes)
Event: 327.091 Thread 0x000001186fd768d0 nmethod 4890 0x000001185cb62d90 code [0x000001185cb62f20, 0x000001185cb62fd8]
Event: 327.091 Thread 0x000001186fd768d0 4893       1       com.google.common.cache.LocalCache$StrongEntry::getNext (5 bytes)
Event: 327.092 Thread 0x000001186fd768d0 nmethod 4893 0x000001185cb63090 code [0x000001185cb63220, 0x000001185cb632d8]
Event: 327.092 Thread 0x000001186fd768d0 4887       1       org.springframework.ide.vscode.commons.util.text.TextDocument::getUri (5 bytes)
Event: 327.092 Thread 0x000001186fd768d0 nmethod 4887 0x000001185cb63390 code [0x000001185cb63520, 0x000001185cb635d8]
Event: 327.280 Thread 0x000001186fd768d0 4899       1       org.eclipse.lsp4j.jsonrpc.json.JsonRpcMethod::getParameterTypes (5 bytes)
Event: 327.280 Thread 0x000001186fd768d0 nmethod 4899 0x000001185cb63690 code [0x000001185cb63820, 0x000001185cb638d8]
Event: 328.752 Thread 0x000001186fd768d0 4900       1       org.springframework.ide.vscode.boot.metadata.PropertiesLoader$$Lambda$653/0x0000000800f7b918::test (8 bytes)
Event: 328.753 Thread 0x000001186fd768d0 nmethod 4900 0x000001185cb63990 code [0x000001185cb63b20, 0x000001185cb63c38]
Event: 328.753 Thread 0x000001186fd768d0 4901       1       org.springframework.ide.vscode.boot.metadata.PropertiesLoader::lambda$load$0 (13 bytes)
Event: 328.754 Thread 0x000001186fd768d0 nmethod 4901 0x000001185cb63d10 code [0x000001185cb63ea0, 0x000001185cb63f58]
Event: 328.756 Thread 0x000001186fd768d0 4902       1       sun.nio.fs.WindowsException::lastError (5 bytes)
Event: 328.757 Thread 0x000001186fd768d0 nmethod 4902 0x000001185cb64010 code [0x000001185cb641a0, 0x000001185cb64258]
Event: 328.800 Thread 0x000001186fd768d0 4903       1       org.springframework.ide.vscode.boot.configurationmetadata.ValueHint::setValue (6 bytes)
Event: 328.800 Thread 0x000001186fd768d0 nmethod 4903 0x000001185cb64310 code [0x000001185cb644a0, 0x000001185cb64598]
Event: 328.800 Thread 0x000001186fd768d0 4904       1       org.springframework.ide.vscode.boot.configurationmetadata.ValueHint::setDescription (6 bytes)
Event: 328.800 Thread 0x000001186fd768d0 nmethod 4904 0x000001185cb64610 code [0x000001185cb647a0, 0x000001185cb64898]
Event: 328.800 Thread 0x000001186fd768d0 4905       1       org.springframework.ide.vscode.boot.configurationmetadata.ValueHint::setShortDescription (6 bytes)
Event: 328.801 Thread 0x000001186fd768d0 nmethod 4905 0x000001185cb64910 code [0x000001185cb64aa0, 0x000001185cb64b98]

GC Heap History (20 events):
Event: 26.200 GC heap after
{Heap after GC invocations=13 (full 0):
 garbage-first heap   total 56320K, used 27452K [0x00000000c2800000, 0x0000000100000000)
  region size 1024K, 3 young (3072K), 3 survivors (3072K)
 Metaspace       used 32256K, capacity 32643K, committed 32816K, reserved 1077248K
  class space    used 4034K, capacity 4187K, committed 4224K, reserved 1048576K
}
Event: 36.755 GC heap before
{Heap before GC invocations=14 (full 0):
 garbage-first heap   total 60416K, used 40764K [0x00000000c2800000, 0x0000000100000000)
  region size 1024K, 17 young (17408K), 3 survivors (3072K)
 Metaspace       used 32404K, capacity 32743K, committed 32816K, reserved 1077248K
  class space    used 4060K, capacity 4197K, committed 4224K, reserved 1048576K
}
Event: 36.762 GC heap after
{Heap after GC invocations=15 (full 0):
 garbage-first heap   total 60416K, used 28285K [0x00000000c2800000, 0x0000000100000000)
  region size 1024K, 3 young (3072K), 3 survivors (3072K)
 Metaspace       used 32404K, capacity 32743K, committed 32816K, reserved 1077248K
  class space    used 4060K, capacity 4197K, committed 4224K, reserved 1048576K
}
Event: 36.768 GC heap before
{Heap before GC invocations=15 (full 0):
 garbage-first heap   total 60416K, used 29309K [0x00000000c2800000, 0x0000000100000000)
  region size 1024K, 4 young (4096K), 3 survivors (3072K)
 Metaspace       used 32404K, capacity 32743K, committed 32816K, reserved 1077248K
  class space    used 4060K, capacity 4197K, committed 4224K, reserved 1048576K
}
Event: 36.780 GC heap after
{Heap after GC invocations=16 (full 0):
 garbage-first heap   total 60416K, used 26242K [0x00000000c2800000, 0x0000000100000000)
  region size 1024K, 1 young (1024K), 1 survivors (1024K)
 Metaspace       used 32404K, capacity 32743K, committed 32816K, reserved 1077248K
  class space    used 4060K, capacity 4197K, committed 4224K, reserved 1048576K
}
Event: 54.450 GC heap before
{Heap before GC invocations=16 (full 0):
 garbage-first heap   total 60416K, used 46722K [0x00000000c2800000, 0x0000000100000000)
  region size 1024K, 21 young (21504K), 1 survivors (1024K)
 Metaspace       used 32758K, capacity 33133K, committed 33456K, reserved 1079296K
  class space    used 4109K, capacity 4262K, committed 4352K, reserved 1048576K
}
Event: 54.455 GC heap after
{Heap after GC invocations=17 (full 0):
 garbage-first heap   total 60416K, used 27329K [0x00000000c2800000, 0x0000000100000000)
  region size 1024K, 2 young (2048K), 2 survivors (2048K)
 Metaspace       used 32758K, capacity 33133K, committed 33456K, reserved 1079296K
  class space    used 4109K, capacity 4262K, committed 4352K, reserved 1048576K
}
Event: 130.270 GC heap before
{Heap before GC invocations=17 (full 0):
 garbage-first heap   total 60416K, used 46785K [0x00000000c2800000, 0x0000000100000000)
  region size 1024K, 21 young (21504K), 2 survivors (2048K)
 Metaspace       used 32772K, capacity 33148K, committed 33456K, reserved 1079296K
  class space    used 4114K, capacity 4265K, committed 4352K, reserved 1048576K
}
Event: 130.274 GC heap after
{Heap after GC invocations=18 (full 0):
 garbage-first heap   total 60416K, used 27766K [0x00000000c2800000, 0x0000000100000000)
  region size 1024K, 2 young (2048K), 2 survivors (2048K)
 Metaspace       used 32772K, capacity 33148K, committed 33456K, reserved 1079296K
  class space    used 4114K, capacity 4265K, committed 4352K, reserved 1048576K
}
Event: 136.290 GC heap before
{Heap before GC invocations=18 (full 0):
 garbage-first heap   total 60416K, used 35958K [0x00000000c2800000, 0x0000000100000000)
  region size 1024K, 11 young (11264K), 2 survivors (2048K)
 Metaspace       used 33048K, capacity 33460K, committed 33712K, reserved 1079296K
  class space    used 4146K, capacity 4304K, committed 4352K, reserved 1048576K
}
Event: 136.294 GC heap after
{Heap after GC invocations=19 (full 0):
 garbage-first heap   total 60416K, used 28775K [0x00000000c2800000, 0x0000000100000000)
  region size 1024K, 1 young (1024K), 1 survivors (1024K)
 Metaspace       used 33048K, capacity 33460K, committed 33712K, reserved 1079296K
  class space    used 4146K, capacity 4304K, committed 4352K, reserved 1048576K
}
Event: 147.635 GC heap before
{Heap before GC invocations=20 (full 0):
 garbage-first heap   total 60416K, used 50279K [0x00000000c2800000, 0x0000000100000000)
  region size 1024K, 20 young (20480K), 1 survivors (1024K)
 Metaspace       used 34058K, capacity 34461K, committed 34608K, reserved 1079296K
  class space    used 4288K, capacity 4466K, committed 4480K, reserved 1048576K
}
Event: 147.642 GC heap after
{Heap after GC invocations=21 (full 0):
 garbage-first heap   total 60416K, used 29868K [0x00000000c2800000, 0x0000000100000000)
  region size 1024K, 3 young (3072K), 3 survivors (3072K)
 Metaspace       used 34058K, capacity 34461K, committed 34608K, reserved 1079296K
  class space    used 4288K, capacity 4466K, committed 4480K, reserved 1048576K
}
Event: 153.018 GC heap before
{Heap before GC invocations=21 (full 0):
 garbage-first heap   total 60416K, used 30892K [0x00000000c2800000, 0x0000000100000000)
  region size 1024K, 6 young (6144K), 3 survivors (3072K)
 Metaspace       used 34087K, capacity 34470K, committed 34608K, reserved 1079296K
  class space    used 4291K, capacity 4468K, committed 4480K, reserved 1048576K
}
Event: 153.028 GC heap after
{Heap after GC invocations=22 (full 0):
 garbage-first heap   total 60416K, used 29770K [0x00000000c2800000, 0x0000000100000000)
  region size 1024K, 1 young (1024K), 1 survivors (1024K)
 Metaspace       used 34087K, capacity 34470K, committed 34608K, reserved 1079296K
  class space    used 4291K, capacity 4468K, committed 4480K, reserved 1048576K
}
Event: 320.631 GC heap before
{Heap before GC invocations=23 (full 0):
 garbage-first heap   total 65536K, used 51274K [0x00000000c2800000, 0x0000000100000000)
  region size 1024K, 19 young (19456K), 1 survivors (1024K)
 Metaspace       used 34191K, capacity 34567K, committed 34608K, reserved 1079296K
  class space    used 4304K, capacity 4474K, committed 4480K, reserved 1048576K
}
Event: 320.637 GC heap after
{Heap after GC invocations=24 (full 0):
 garbage-first heap   total 65536K, used 31217K [0x00000000c2800000, 0x0000000100000000)
  region size 1024K, 3 young (3072K), 3 survivors (3072K)
 Metaspace       used 34191K, capacity 34567K, committed 34608K, reserved 1079296K
  class space    used 4304K, capacity 4474K, committed 4480K, reserved 1048576K
}
Event: 323.852 GC heap before
{Heap before GC invocations=24 (full 0):
 garbage-first heap   total 65536K, used 32241K [0x00000000c2800000, 0x0000000100000000)
  region size 1024K, 4 young (4096K), 3 survivors (3072K)
 Metaspace       used 34191K, capacity 34567K, committed 34608K, reserved 1079296K
  class space    used 4304K, capacity 4474K, committed 4480K, reserved 1048576K
}
Event: 323.868 GC heap after
{Heap after GC invocations=25 (full 0):
 garbage-first heap   total 65536K, used 28305K [0x00000000c2800000, 0x0000000100000000)
  region size 1024K, 1 young (1024K), 1 survivors (1024K)
 Metaspace       used 34191K, capacity 34567K, committed 34608K, reserved 1079296K
  class space    used 4304K, capacity 4474K, committed 4480K, reserved 1048576K
}
Event: 328.806 GC heap before
{Heap before GC invocations=25 (full 0):
 garbage-first heap   total 65536K, used 31377K [0x00000000c2800000, 0x0000000100000000)
  region size 1024K, 4 young (4096K), 1 survivors (1024K)
 Metaspace       used 34192K, capacity 34567K, committed 34608K, reserved 1079296K
  class space    used 4304K, capacity 4474K, committed 4480K, reserved 1048576K
}

Deoptimization events (14 events):
Event: 8.959 Thread 0x0000011871d31e30 DEOPT PACKING pc=0x000001185c6299fe sp=0x00000009752fd6c0
Event: 8.959 Thread 0x0000011871d31e30 DEOPT UNPACKING pc=0x000001185bd2e23f sp=0x00000009752fcb50 mode 3
Event: 9.984 Thread 0x0000011871dd2020 DEOPT PACKING pc=0x000001185c5bbb11 sp=0x00000009755fece0
Event: 9.984 Thread 0x0000011871dd2020 DEOPT UNPACKING pc=0x000001185bd2e23f sp=0x00000009755fe138 mode 3
Event: 11.015 Thread 0x00000118711ddd00 DEOPT PACKING pc=0x000001185c9030ac sp=0x00000009757fd330
Event: 11.015 Thread 0x00000118711ddd00 DEOPT UNPACKING pc=0x000001185bd2e23f sp=0x00000009757fc7b0 mode 0
Event: 11.015 Thread 0x00000118711ddd00 DEOPT PACKING pc=0x000001185c9030ac sp=0x00000009757fd450
Event: 11.015 Thread 0x00000118711ddd00 DEOPT UNPACKING pc=0x000001185bd2e23f sp=0x00000009757fc8d0 mode 0
Event: 11.015 Thread 0x00000118711ddd00 DEOPT PACKING pc=0x000001185c9030ac sp=0x00000009757fd570
Event: 11.015 Thread 0x00000118711ddd00 DEOPT UNPACKING pc=0x000001185bd2e23f sp=0x00000009757fc9f0 mode 0
Event: 11.015 Thread 0x00000118711ddd00 DEOPT PACKING pc=0x000001185c901024 sp=0x00000009757fd690
Event: 11.015 Thread 0x00000118711ddd00 DEOPT UNPACKING pc=0x000001185bd2e23f sp=0x00000009757fcb68 mode 0
Event: 11.017 Thread 0x00000118711ddd00 DEOPT PACKING pc=0x000001185c901024 sp=0x00000009757fd820
Event: 11.017 Thread 0x00000118711ddd00 DEOPT UNPACKING pc=0x000001185bd2e23f sp=0x00000009757fccf8 mode 0

Classes unloaded (0 events):
No events

Classes redefined (0 events):
No events

Internal exceptions (20 events):
Event: 153.220 Thread 0x00000118711ddd00 Exception <a 'sun/nio/fs/WindowsException'{0x00000000c6209578}> (0x00000000c6209578) 
thrown [./open/src/hotspot/share/prims/jni.cpp, line 578]
Event: 153.221 Thread 0x00000118711ddd00 Exception <a 'sun/nio/fs/WindowsException'{0x00000000c620a248}> (0x00000000c620a248) 
thrown [./open/src/hotspot/share/prims/jni.cpp, line 578]
Event: 153.221 Thread 0x00000118711ddd00 Exception <a 'sun/nio/fs/WindowsException'{0x00000000c620a7d8}> (0x00000000c620a7d8) 
thrown [./open/src/hotspot/share/prims/jni.cpp, line 578]
Event: 153.221 Thread 0x00000118711ddd00 Exception <a 'sun/nio/fs/WindowsException'{0x00000000c620aac8}> (0x00000000c620aac8) 
thrown [./open/src/hotspot/share/prims/jni.cpp, line 578]
Event: 153.221 Thread 0x00000118711ddd00 Exception <a 'sun/nio/fs/WindowsException'{0x00000000c620b980}> (0x00000000c620b980) 
thrown [./open/src/hotspot/share/prims/jni.cpp, line 578]
Event: 153.221 Thread 0x00000118711ddd00 Exception <a 'sun/nio/fs/WindowsException'{0x00000000c620bcb0}> (0x00000000c620bcb0) 
thrown [./open/src/hotspot/share/prims/jni.cpp, line 578]
Event: 153.319 Thread 0x00000118711de1d0 Exception <a 'java/lang/ArrayIndexOutOfBoundsException'{0x00000000c5d7dd20}> (0x00000000c5d7dd20) 
thrown [./open/src/hotspot/share/runtime/sharedRuntime.cpp, line 585]
Event: 228.882 Thread 0x0000011870c078e0 Exception <a 'java/lang/ArrayIndexOutOfBoundsException'{0x00000000c5a716e8}> (0x00000000c5a716e8) 
thrown [./open/src/hotspot/share/runtime/sharedRuntime.cpp, line 585]
Event: 237.810 Thread 0x0000011870c078e0 Exception <a 'java/lang/ArrayIndexOutOfBoundsException'{0x00000000c571c018}> (0x00000000c571c018) 
thrown [./open/src/hotspot/share/runtime/sharedRuntime.cpp, line 585]
Event: 320.612 Thread 0x0000011870c078e0 Exception <a 'java/lang/ArrayIndexOutOfBoundsException'{0x00000000c5673070}> (0x00000000c5673070) 
thrown [./open/src/hotspot/share/runtime/sharedRuntime.cpp, line 585]
Event: 328.753 Thread 0x00000118711ddd00 Exception <a 'sun/nio/fs/WindowsException'{0x00000000c67cbec0}> (0x00000000c67cbec0) 
thrown [./open/src/hotspot/share/prims/jni.cpp, line 578]
Event: 328.754 Thread 0x00000118711ddd00 Exception <a 'sun/nio/fs/WindowsException'{0x00000000c67cc428}> (0x00000000c67cc428) 
thrown [./open/src/hotspot/share/prims/jni.cpp, line 578]
Event: 328.754 Thread 0x00000118711ddd00 Exception <a 'sun/nio/fs/WindowsException'{0x00000000c67cc6f8}> (0x00000000c67cc6f8) 
thrown [./open/src/hotspot/share/prims/jni.cpp, line 578]
Event: 328.755 Thread 0x00000118711ddd00 Exception <a 'sun/nio/fs/WindowsException'{0x00000000c67cd598}> (0x00000000c67cd598) 
thrown [./open/src/hotspot/share/prims/jni.cpp, line 578]
Event: 328.755 Thread 0x00000118711ddd00 Exception <a 'sun/nio/fs/WindowsException'{0x00000000c67cd8a8}> (0x00000000c67cd8a8) 
thrown [./open/src/hotspot/share/prims/jni.cpp, line 578]
Event: 328.756 Thread 0x00000118711ddd00 Exception <a 'sun/nio/fs/WindowsException'{0x00000000c67ce578}> (0x00000000c67ce578) 
thrown [./open/src/hotspot/share/prims/jni.cpp, line 578]
Event: 328.756 Thread 0x00000118711ddd00 Exception <a 'sun/nio/fs/WindowsException'{0x00000000c67ceb08}> (0x00000000c67ceb08) 
thrown [./open/src/hotspot/share/prims/jni.cpp, line 578]
Event: 328.756 Thread 0x00000118711ddd00 Exception <a 'sun/nio/fs/WindowsException'{0x00000000c67cedf8}> (0x00000000c67cedf8) 
thrown [./open/src/hotspot/share/prims/jni.cpp, line 578]
Event: 328.757 Thread 0x00000118711ddd00 Exception <a 'sun/nio/fs/WindowsException'{0x00000000c67cfcb0}> (0x00000000c67cfcb0) 
thrown [./open/src/hotspot/share/prims/jni.cpp, line 578]
Event: 328.757 Thread 0x00000118711ddd00 Exception <a 'sun/nio/fs/WindowsException'{0x00000000c67cffe0}> (0x00000000c67cffe0) 
thrown [./open/src/hotspot/share/prims/jni.cpp, line 578]

Events (20 events):
Event: 138.354 loading class java/util/concurrent/CompletionException
Event: 138.354 loading class java/util/concurrent/CompletionException done
Event: 147.635 Executing VM operation: G1CollectForAllocation
Event: 147.643 Executing VM operation: G1CollectForAllocation done
Event: 150.856 loading class java/util/logging/LogRecord
Event: 150.857 loading class java/util/logging/LogRecord done
Event: 152.988 Loaded shared library C:\Program Files\Java\jdk-15.0.1\bin\zip.dll
Event: 153.018 Executing VM operation: G1TryInitiateConcMark
Event: 153.031 Executing VM operation: G1TryInitiateConcMark done
Event: 153.115 Executing VM operation: G1Concurrent
Event: 153.131 Executing VM operation: G1Concurrent done
Event: 153.177 Executing VM operation: G1Concurrent
Event: 153.177 Executing VM operation: G1Concurrent done
Event: 305.368 Thread 0x00000118711dc9c0 Thread exited: 0x00000118711dc9c0
Event: 320.631 Executing VM operation: G1CollectForAllocation
Event: 320.637 Executing VM operation: G1CollectForAllocation done
Event: 323.851 Executing VM operation: G1CollectForAllocation
Event: 323.868 Executing VM operation: G1CollectForAllocation done
Event: 323.874 Thread 0x0000011870c09f60 Thread added: 0x0000011870c09f60
Event: 328.806 Executing VM operation: G1TryInitiateConcMark


Dynamic libraries:
0x00007ff758390000 - 0x00007ff75839f000 	C:\Program Files\Java\jdk-15.0.1\bin\java.exe
0x00007ffefe990000 - 0x00007ffefeb71000 	C:\Windows\SYSTEM32\ntdll.dll
0x00007ffefe8a0000 - 0x00007ffefe952000 	C:\Windows\System32\KERNEL32.DLL
0x00007ffefba80000 - 0x00007ffefbcf3000 	C:\Windows\System32\KERNELBASE.dll
0x00007ffefbd20000 - 0x00007ffefbe1a000 	C:\Windows\System32\ucrtbase.dll
0x00007ffee8fc0000 - 0x00007ffee8fd9000 	C:\Program Files\Java\jdk-15.0.1\bin\VCRUNTIME140.dll
0x00007ffee9890000 - 0x00007ffee98a8000 	C:\Program Files\Java\jdk-15.0.1\bin\jli.dll
0x00007ffefc630000 - 0x00007ffefc6d1000 	C:\Windows\System32\ADVAPI32.dll
0x00007ffefe510000 - 0x00007ffefe5ae000 	C:\Windows\System32\msvcrt.dll
0x00007ffefcf50000 - 0x00007ffefcfab000 	C:\Windows\System32\sechost.dll
0x00007ffefe670000 - 0x00007ffefe794000 	C:\Windows\System32\RPCRT4.dll
0x00007ffefcdb0000 - 0x00007ffefcf40000 	C:\Windows\System32\USER32.dll
0x00007ffefbd00000 - 0x00007ffefbd20000 	C:\Windows\System32\win32u.dll
0x00007ffeed590000 - 0x00007ffeed7f9000 	C:\Windows\WinSxS\amd64_microsoft.windows.common-controls_6595b64144ccf1df_6.0.17133.1_none_e4d992df105abfa4\COMCTL32.dll
0x00007ffefc510000 - 0x00007ffefc538000 	C:\Windows\System32\GDI32.dll
0x00007ffefb180000 - 0x00007ffefb312000 	C:\Windows\System32\gdi32full.dll
0x00007ffefc1e0000 - 0x00007ffefc503000 	C:\Windows\System32\combase.dll
0x00007ffefb060000 - 0x00007ffefb0ff000 	C:\Windows\System32\msvcp_win.dll
0x00007ffefb100000 - 0x00007ffefb17a000 	C:\Windows\System32\bcryptPrimitives.dll
0x00007ffef1950000 - 0x00007ffef195a000 	C:\Windows\SYSTEM32\VERSION.dll
0x00007ffefe870000 - 0x00007ffefe89d000 	C:\Windows\System32\IMM32.DLL
0x00007ffef1d80000 - 0x00007ffef1d8c000 	C:\Program Files\Java\jdk-15.0.1\bin\vcruntime140_1.dll
0x00007ffec0580000 - 0x00007ffec0611000 	C:\Program Files\Java\jdk-15.0.1\bin\msvcp140.dll
0x00007ffe9ec70000 - 0x00007ffe9f7ce000 	C:\Program Files\Java\jdk-15.0.1\bin\server\jvm.dll
0x00007ffefc1d0000 - 0x00007ffefc1d8000 	C:\Windows\System32\PSAPI.DLL
0x00007ffef7980000 - 0x00007ffef7989000 	C:\Windows\SYSTEM32\WSOCK32.dll
0x00007ffef78f0000 - 0x00007ffef7913000 	C:\Windows\SYSTEM32\WINMM.dll
0x00007ffefc6e0000 - 0x00007ffefc74c000 	C:\Windows\System32\WS2_32.dll
0x00007ffef78c0000 - 0x00007ffef78ea000 	C:\Windows\SYSTEM32\winmmbase.dll
0x00007ffefba30000 - 0x00007ffefba79000 	C:\Windows\System32\cfgmgr32.dll
0x00007ffefaca0000 - 0x00007ffefacb1000 	C:\Windows\System32\kernel.appcore.dll
0x00007ffef0db0000 - 0x00007ffef0dba000 	C:\Program Files\Java\jdk-15.0.1\bin\jimage.dll
0x00007ffeebba0000 - 0x00007ffeebd69000 	C:\Windows\SYSTEM32\DBGHELP.DLL
0x00007ffeec2e0000 - 0x00007ffeec309000 	C:\Windows\SYSTEM32\dbgcore.DLL
0x00007ffedf8e0000 - 0x00007ffedf905000 	C:\Program Files\Java\jdk-15.0.1\bin\java.dll
0x00007ffefd0b0000 - 0x00007ffefe4f0000 	C:\Windows\System32\SHELL32.dll
0x00007ffefc750000 - 0x00007ffefc7f9000 	C:\Windows\System32\shcore.dll
0x00007ffefb320000 - 0x00007ffefba2d000 	C:\Windows\System32\windows.storage.dll
0x00007ffefe5b0000 - 0x00007ffefe601000 	C:\Windows\System32\shlwapi.dll
0x00007ffefacc0000 - 0x00007ffefacdf000 	C:\Windows\System32\profapi.dll
0x00007ffefacf0000 - 0x00007ffefad3c000 	C:\Windows\System32\powrprof.dll
0x00007ffeface0000 - 0x00007ffefacea000 	C:\Windows\System32\FLTLIB.DLL
0x00007ffee8980000 - 0x00007ffee8999000 	C:\Program Files\Java\jdk-15.0.1\bin\net.dll
0x00007ffef38d0000 - 0x00007ffef39ad000 	C:\Windows\SYSTEM32\WINHTTP.dll
0x00007ffefa520000 - 0x00007ffefa586000 	C:\Windows\system32\mswsock.dll
0x00007ffed90a0000 - 0x00007ffed90b2000 	C:\Program Files\Java\jdk-15.0.1\bin\nio.dll
0x00007ffed6c80000 - 0x00007ffed6c98000 	C:\Program Files\Java\jdk-15.0.1\bin\zip.dll
0x00007ffeece90000 - 0x00007ffeecea0000 	C:\Program Files\Java\jdk-15.0.1\bin\verify.dll
0x00007ffeec580000 - 0x00007ffeec589000 	C:\Program Files\Java\jdk-15.0.1\bin\management.dll
0x00007ffeebf00000 - 0x00007ffeebf0b000 	C:\Program Files\Java\jdk-15.0.1\bin\management_ext.dll
0x00007ffee9500000 - 0x00007ffee9516000 	C:\Windows\system32\napinsp.dll
0x00007ffee9520000 - 0x00007ffee953a000 	C:\Windows\system32\pnrpnsp.dll
0x00007ffef7ad0000 - 0x00007ffef7ae9000 	C:\Windows\system32\NLAapi.dll
0x00007ffefa2e0000 - 0x00007ffefa39e000 	C:\Windows\SYSTEM32\DNSAPI.dll
0x00007ffefcf40000 - 0x00007ffefcf48000 	C:\Windows\System32\NSI.dll
0x00007ffefa2a0000 - 0x00007ffefa2d8000 	C:\Windows\SYSTEM32\IPHLPAPI.DLL
0x00007ffee9540000 - 0x00007ffee954e000 	C:\Windows\System32\winrnr.dll
0x00007ffef3820000 - 0x00007ffef382a000 	C:\Windows\System32\rasadhlp.dll
0x00007ffef3be0000 - 0x00007ffef3c52000 	C:\Windows\System32\fwpuclnt.dll
0x00007ffefa800000 - 0x00007ffefa825000 	C:\Windows\SYSTEM32\bcrypt.dll
0x00007ffefa6d0000 - 0x00007ffefa6e7000 	C:\Windows\SYSTEM32\CRYPTSP.dll
0x00007ffefa100000 - 0x00007ffefa133000 	C:\Windows\system32\rsaenh.dll
0x00007ffefaba0000 - 0x00007ffefabc8000 	C:\Windows\SYSTEM32\USERENV.dll
0x00007ffefa6f0000 - 0x00007ffefa6fb000 	C:\Windows\SYSTEM32\CRYPTBASE.dll
0x00007ffef4570000 - 0x00007ffef4586000 	C:\Windows\SYSTEM32\dhcpcsvc6.DLL
0x00007ffef4140000 - 0x00007ffef415a000 	C:\Windows\SYSTEM32\dhcpcsvc.DLL

dbghelp: loaded successfully - version: 4.0.5 - missing functions: none
symbol engine: initialized successfully - sym options: 0x614 - pdb path: .;C:\Program Files\Java\jdk-15.0.1\bin;C:\Windows\SYSTEM32;C:\Windows\WinSxS\amd64_microsoft.windows.common-controls_6595b64144ccf1df_6.0.17133.1_none_e4d992df105abfa4;C:\Program Files\Java\jdk-15.0.1\bin\server

VM Arguments:
jvm_args: -Dspring.lsp.client-port=45556 -Dserver.port=45556 -Dsts.lsp.client=vscode -Dsts.log.file=/dev/null -XX:TieredStopAtLevel=1 -Dspring.config.location=file:c:\Users\home\.vscode\extensions\pivotal.vscode-spring-boot-1.26.0\language-server\BOOT-INF\classes\application.properties 
java_command: org.springframework.ide.vscode.boot.app.BootLanguageServerBootApp
java_class_path (initial): c:\Users\home\.vscode\extensions\pivotal.vscode-spring-boot-1.26.0\language-server\BOOT-INF\classes;c:\Users\home\.vscode\extensions\pivotal.vscode-spring-boot-1.26.0\language-server\BOOT-INF\lib\antlr4-runtime-4.5.3.jar;c:\Users\home\.vscode\extensions\pivotal.vscode-spring-boot-1.26.0\language-server\BOOT-INF\lib\byte-buddy-1.10.18.jar;c:\Users\home\.vscode\extensions\pivotal.vscode-spring-boot-1.26.0\language-server\BOOT-INF\lib\commons-codec-1.14.jar;c:\Users\home\.vscode\extensions\pivotal.vscode-spring-boot-1.26.0\language-server\BOOT-INF\lib\commons-io-2.4.jar;c:\Users\home\.vscode\extensions\pivotal.vscode-spring-boot-1.26.0\language-server\BOOT-INF\lib\commons-java-1.26.0-SNAPSHOT.jar;c:\Users\home\.vscode\extensions\pivotal.vscode-spring-boot-1.26.0\language-server\BOOT-INF\lib\commons-lang3-3.10.jar;c:\Users\home\.vscode\extensions\pivotal.vscode-spring-boot-1.26.0\language-server\BOOT-INF\lib\commons-language-server-1.26.0-SNAPSHOT.jar;c:\Users\home\.vscode\extensions\pivotal.vscode-spring-boot-1.26.0\language-server\BOOT-INF\lib\commons-lsp-extensions-1.26.0-SNAPSHOT.jar;c:\Users\home\.vscode\extensions\pivotal.vscode-spring-boot-1.26.0\language-server\BOOT-INF\lib\commons-util-1.26.0-SNAPSHOT.jar;c:\Users\home\.vscode\extensions\pivotal.vscode-spring-boot-1.26.0\language-server\BOOT-INF\lib\commons-yaml-1.26.0-SNAPSHOT.jar;c:\Users\home\.vscode\extensions\pivotal.vscode-spring-boot-1.26.0\language-server\BOOT-INF\lib\gson-2.8.6.jar;c:\Users\home\.vscode\extensions\pivotal.vscode-spring-boot-1.26.0\language-server\BOOT-INF\lib\guava-19.0.jar;c:\Users\home\.vscode\extensions\pivotal.vscode-spring-boot-1.26.0\language-server\BOOT-INF\lib\jakarta.annotation-api-1.3.5.jar;c:\Users\home\.vscode\extensions\pivotal.vscode-spring-boot-1.26.0\language-server\BOOT-INF\lib\jandex-2.0.5.Final.jar;c:\Users\home\.vscode\extensions\pivotal.vscode-spring-boot-1.26.0\language-server\BOOT-INF\lib\java-properties-1.26.0-SNAPSHOT.jar;c:\Users\h
Launcher Type: SUN_STANDARD

[Global flags]
     intx CICompilerCount                          = 3                                         {product} {ergonomic}
     uint ConcGCThreads                            = 1                                         {product} {ergonomic}
     uint G1ConcRefinementThreads                  = 4                                         {product} {ergonomic}
   size_t G1HeapRegionSize                         = 1048576                                   {product} {ergonomic}
    uintx GCDrainStackTargetSize                   = 64                                        {product} {ergonomic}
   size_t InitialHeapSize                          = 65011712                                  {product} {ergonomic}
   size_t MarkStackSize                            = 4194304                                   {product} {ergonomic}
   size_t MaxHeapSize                              = 1031798784                                {product} {ergonomic}
   size_t MaxNewSize                               = 618659840                                 {product} {ergonomic}
   size_t MinHeapDeltaBytes                        = 1048576                                   {product} {ergonomic}
   size_t MinHeapSize                              = 8388608                                   {product} {ergonomic}
    uintx NonNMethodCodeHeapSize                   = 6973028                                {pd product} {ergonomic}
    uintx NonProfiledCodeHeapSize                  = 244685212                              {pd product} {ergonomic}
    uintx ProfiledCodeHeapSize                     = 0                                      {pd product} {ergonomic}
    uintx ReservedCodeCacheSize                    = 251658240                              {pd product} {ergonomic}
     bool SegmentedCodeCache                       = true                                      {product} {ergonomic}
   size_t SoftMaxHeapSize                          = 1031798784                             {manageable} {ergonomic}
     intx TieredStopAtLevel                        = 1                                         {product} {command line}
     bool UseCompressedClassPointers               = true                                 {lp64_product} {ergonomic}
     bool UseCompressedOops                        = true                                 {lp64_product} {ergonomic}
     bool UseG1GC                                  = true                                      {product} {ergonomic}
     bool UseLargePagesIndividualAllocation        = false                                  {pd product} {ergonomic}

Logging:
Log output configuration:
 #0: stdout all=warning uptime,level,tags
 #1: stderr all=off uptime,level,tags

Environment Variables:
PATH=C:\Program Files\Microsoft MPI\Bin\;C:\Program Files\Common Files\Oracle\Java\javapath;C:\Windows\system32;C:\Windows;C:\Windows\System32\Wbem;C:\Windows\System32\WindowsPowerShell\v1.0\;C:\Windows\System32\OpenSSH\;C:\Program Files\Git\cmd;C:\Program Files (x86)\Microsoft SQL Server\150\DTS\Binn\;C:\Program Files\Azure Data Studio\bin;C:\Program Files (x86)\Microsoft SQL Server\110\Tools\Binn\;C:\Program Files\Microsoft SQL Server\110\Tools\Binn\;C:\Program Files\Microsoft SQL Server\110\DTS\Binn\;C:\Program Files (x86)\Microsoft SQL Server\110\Tools\Binn\ManagementStudio\;C:\Program Files (x86)\Microsoft Visual Studio 10.0\Common7\IDE\PrivateAssemblies\;C:\Program Files (x86)\Microsoft SQL Server\110\DTS\Binn\;C:\Program Files\Microsoft SQL Server\Client SDK\ODBC\170\Tools\Binn\;C:\Program Files (x86)\Microsoft SQL Server\150\Tools\Binn\;C:\Program Files\Microsoft SQL Server\150\Tools\Binn\;C:\Program Files\Microsoft SQL Server\150\DTS\Binn\;C:\Users\home\AppData\Local\Microsoft\WindowsApps;C:\Program Files\heroku\bin;C:\Users\home\AppData\Local\Programs\Microsoft VS Code\bin;C:\Program Files\Azure Data Studio\bin
USERNAME=home
OS=Windows_NT
PROCESSOR_IDENTIFIER=Intel64 Family 6 Model 58 Stepping 9, GenuineIntel



---------------  S Y S T E M  ---------------

OS:
 Windows 10 , 64 bit Build 17133 (10.0.17133.1)
OS uptime: 0 days 7:07 hours

CPU: total 4 (initial active 4) (2 cores per cpu, 2 threads per core) family 6 model 58 stepping 9 microcode 0x1c, cmov, cx8, fxsr, mmx, sse, sse2, sse3, ssse3, sse4.1, sse4.2, popcnt, vzeroupper, avx, clmul, erms, ht, tsc, tscinvbit, tscinv, clflush

Memory: 4k page, system-wide physical 3932M (998M free)
TotalPageFile size 6609M (AvailPageFile size 1841M)
current process WorkingSet (physical memory assigned to process): 158M, peak: 160M
current process commit charge ("private bytes"): 191M, peak: 193M

vm_info: Java HotSpot(TM) 64-Bit Server VM (15.0.1+9-18) for windows-amd64 JRE (15.0.1+9-18), built on Sep 15 2020 14:43:54 by "mach5one" with unknown MS VC++:1925

END.
