#
# A fatal error has been detected by the Java Runtime Environment:
#
#  EXCEPTION_ACCESS_VIOLATION (0xc0000005) at pc=0x00007ffba9e1bbf2, pid=10944, tid=10860
#
# JRE version: Java(TM) SE Runtime Environment (14.0.2+12) (build 14.0.2+12-46)
# Java VM: Java HotSpot(TM) 64-Bit Server VM (14.0.2+12-46, mixed mode, sharing, tiered, compressed oops, parallel gc, windows-amd64)
# Problematic frame:
# V  [jvm.dll+0x62bbf2]
#
# No core dump will be written. Minidumps are not enabled by default on client versions of Windows
#
# If you would like to submit a bug report, please visit:
#   https://bugreport.java.com/bugreport/crash.jsp
#

---------------  S U M M A R Y ------------

Command Line: --add-modules=ALL-SYSTEM --add-opens=java.base/java.util=ALL-UNNAMED --add-opens=java.base/java.lang=ALL-UNNAMED -Declipse.application=org.eclipse.jdt.ls.core.id1 -Dosgi.bundles.defaultStartLevel=4 -Declipse.product=org.eclipse.jdt.ls.core.product -Dfile.encoding=utf8 -DwatchParentProcess=false -XX:+UseParallelGC -XX:GCTimeRatio=4 -XX:AdaptiveSizePolicyWeight=90 -Dsun.zip.disableMemoryMapping=true -Xmx1G -Xms100m c:\Users\home\.vscode\extensions\redhat.java-0.81.0\server\plugins\org.eclipse.equinox.launcher_1.6.200.v20210416-2027.jar -configuration c:\Users\home\AppData\Roaming\Code\User\globalStorage\redhat.java\0.81.0\config_win -data c:\Users\home\AppData\Roaming\Code\User\workspaceStorage\241be999a8395db7aadbd350242fa534\redhat.java\jdt_ws

Host: Intel(R) Core(TM) i3-3217U CPU @ 1.80GHz, 4 cores, 3G,  Windows 10 , 64 bit Build 17133 (10.0.17133.1)
Time: Sat Sep  4 14:10:31 2021 Hora Padrão de Buenos Aires elapsed time: 119 seconds (0d 0h 1m 59s)

---------------  T H R E A D  ---------------

Current thread (0x00000268fed3a800):  GCTaskThread "GC Thread#2" [stack: 0x000000c131d00000,0x000000c131e00000] [id=10860]

Stack: [0x000000c131d00000,0x000000c131e00000],  sp=0x000000c131dff8c0,  free space=1022k
Native frames: (J=compiled Java code, j=interpreted, Vv=VM code, C=native code)
V  [jvm.dll+0x62bbf2]
V  [jvm.dll+0x629082]
V  [jvm.dll+0x629a8e]
V  [jvm.dll+0x62b436]
V  [jvm.dll+0x636bec]
V  [jvm.dll+0x76ec00]
V  [jvm.dll+0x6ffeda]
V  [jvm.dll+0x5f78f6]
C  [ucrtbase.dll+0x1c1ae]
C  [KERNEL32.DLL+0x13034]
C  [ntdll.dll+0x71551]


siginfo: EXCEPTION_ACCESS_VIOLATION (0xc0000005), reading address 0x00000008023a1390


Register to memory mapping:

RIP=0x00007ffba9e1bbf2 jvm.dll
RAX=0x0000000000000001 is an unknown value
RBX=
[error occurred during error reporting (printing register info), id 0xc0000005, EXCEPTION_ACCESS_VIOLATION (0xc0000005) at pc=0x00007ffba9df3d96]

Registers:
RAX=0x0000000000000001, RBX=0x00000000c453d858, RCX=0x0000000000000003, RDX=0x00000000c453d84c
RSP=0x000000c131dff8c0, RBP=0x000000c131dff9b8, RSI=0x00000000c453d850, RDI=0x00000268e37365d0
R8 =0x00000008023a1388, R9 =0x00000000000229ec, R10=0x0000000000000054, R11=0x00000000c453d530
R12=0x00007ffbaa1c9250, R13=0x0000000000000000, R14=0x00000008003225d8, R15=0x00000000c453d840
RIP=0x00007ffba9e1bbf2, EFLAGS=0x0000000000010206

Top of Stack: (sp=0x000000c131dff8c0)
0x000000c131dff8c0:   00000000c453d818 000000c131dff9b8
0x000000c131dff8d0:   00000000c453d810 0000000000000005
0x000000c131dff8e0:   00000268e37365d0 00007ffba9e19082
0x000000c131dff8f0:   00000000c453d858 00000000c453d818
0x000000c131dff900:   00000000c453d840 00007ffbaa08e978
0x000000c131dff910:   00000008003225d0 00007ffba9e19a8e
0x000000c131dff920:   00000000c453d84c 000000c131dff9b8
0x000000c131dff930:   00000268e37365d0 000000000000000d
0x000000c131dff940:   00007ffbaa007450 00007ffbaa08e978
0x000000c131dff950:   00000268e37365d0 00007ffba9e1b436
0x000000c131dff960:   00000268e37365d0 0000000000000cb0
0x000000c131dff970:   000000c131dff9f9 00000268e37365d0
0x000000c131dff980:   00007ffba97f0000 0000000000000428
0x000000c131dff990:   0000000000000428 00007ffba9e1bc91
0x000000c131dff9a0:   00000000c078b288 00000268e369ae70
0x000000c131dff9b0:   0000000000000085 00007ffbaa08e978 

Instructions: (pc=0x00007ffba9e1bbf2)
0x00007ffba9e1baf2:   06 e8 c8 6d a7 ff 48 8b f8 48 85 c0 74 5e ba 08
0x00007ffba9e1bb02:   00 00 00 89 18 48 8b c8 c7 40 04 0a 00 00 00 c7
0x00007ffba9e1bb12:   40 10 08 00 00 00 48 c7 40 08 01 00 00 00 e8 7b
0x00007ffba9e1bb22:   73 cd ff 83 7f 04 00 8b d3 48 89 47 18 7e 30 0f
0x00007ffba9e1bb32:   1f 40 00 66 66 66 0f 1f 84 00 00 00 00 00 48 8b
0x00007ffba9e1bb42:   47 18 48 63 ca 4c 8d 04 c8 4d 85 c0 74 05 33 c0
0x00007ffba9e1bb52:   49 89 00 ff c2 3b 57 04 7c e4 eb 03 48 8b fb 45
0x00007ffba9e1bb62:   33 c0 48 89 3d ad e4 42 00 41 8d 50 15 8d 4a 63
0x00007ffba9e1bb72:   e8 f9 6e a7 ff 48 8b 7c 24 50 48 85 c0 74 28 41
0x00007ffba9e1bb82:   b1 01 89 5c 24 20 4c 8d 05 21 30 27 00 ba 15 00
0x00007ffba9e1bb92:   00 00 48 8b c8 e8 e4 0b fa ff 48 89 05 7d e4 42
0x00007ffba9e1bba2:   00 48 83 c4 30 5b c3 48 89 1d 70 e4 42 00 48 83
0x00007ffba9e1bbb2:   c4 30 5b c3 cc cc cc cc cc cc cc cc cc cc 48 89
0x00007ffba9e1bbc2:   5c 24 08 57 48 83 ec 20 0f b6 05 d0 44 41 00 48
0x00007ffba9e1bbd2:   8b d9 84 c0 74 16 44 8b 41 08 8b 0d be 37 39 00
0x00007ffba9e1bbe2:   49 d3 e0 4c 03 05 ac 37 39 00 eb 04 4c 8b 41 08
0x00007ffba9e1bbf2:   45 8b 48 08 45 85 c9 7e 0c 41 f6 c1 01 75 53 41
0x00007ffba9e1bc02:   c1 f9 03 eb 5f 79 4b 84 c0 ba 0c 00 00 00 8b 05
0x00007ffba9e1bc12:   8e 47 39 00 b9 10 00 00 00 0f 45 ca ff c8 4c 63
0x00007ffba9e1bc22:   c0 41 8b c1 48 c1 f8 10 48 63 14 19 41 8b c9 83
0x00007ffba9e1bc32:   e1 3f 48 d3 e2 0f b6 c8 49 8d 04 10 49 f7 d0 48
0x00007ffba9e1bc42:   03 c8 4d 8b c8 49 c1 e9 03 48 c1 e9 03 44 23 c9
0x00007ffba9e1bc52:   eb 12 49 8b 00 48 8b d3 49 8b c8 ff 90 f8 00 00
0x00007ffba9e1bc62:   00 44 8b c8 49 63 f9 48 8d 0d b0 e5 42 00 4c 8b
0x00007ffba9e1bc72:   c7 48 8b d3 e8 25 63 fd ff 84 c0 74 1f 4c 8b c7
0x00007ffba9e1bc82:   48 8d 0d d7 e5 42 00 48 8b d3 e8 ff 4a 00 00 b0
0x00007ffba9e1bc92:   01 48 8b 5c 24 30 48 83 c4 20 5f c3 48 8b 5c 24
0x00007ffba9e1bca2:   30 32 c0 48 83 c4 20 5f c3 cc cc cc cc cc 48 89
0x00007ffba9e1bcb2:   5c 24 08 57 48 83 ec 20 48 8b 1d 5f e3 42 00 48
0x00007ffba9e1bcc2:   8b f9 48 85 db 74 08 48 8b cb e8 5f 0d fa ff 4c
0x00007ffba9e1bcd2:   8b 05 40 e3 42 00 41 83 38 00 75 27 66 90 8b 47
0x00007ffba9e1bce2:   1c 3b 05 db 37 27 00 73 47 ba 01 00 00 00 48 8b 


Stack slot to memory mapping:
stack at sp + 0 slots: 0x00000000c453d818 is an oop: [B 
{0x00000000c453d818} - klass: {type array byte}
 - length: 23
stack at sp + 1 slots: 0x000000c131dff9b8 points into unknown readable memory: 78 e9 08 aa fb 7f 00 00
stack at sp + 2 slots: 0x00000000c453d810 is pointing into object: java.lang.String 
{0x00000000c453d800} - klass: 'java/lang/String'
stack at sp + 3 slots: 0x0000000000000005 is an unknown value
stack at sp + 4 slots: 0x00000268e37365d0 points into unknown readable memory: b0 0c 00 00 68 02 00 00
stack at sp + 5 slots: 0x00007ffba9e19082 jvm.dll
stack at sp + 6 slots: 
[error occurred during error reporting (inspecting top of stack), id 0xc0000005, EXCEPTION_ACCESS_VIOLATION (0xc0000005) at pc=0x00007ffba9df3d96]


---------------  P R O C E S S  ---------------

Threads class SMR info:
_java_thread_list=0x00000268ff0b5e80, length=29, elements={
0x00000268e367e800, 0x00000268e3739800, 0x00000268e373c800, 0x00000268fd7a8000,
0x00000268fd7a9800, 0x00000268fd7ab000, 0x00000268fd7ae000, 0x00000268fd7b6800,
0x00000268fd7ba800, 0x00000268fe9e8800, 0x00000268fea79000, 0x00000268ff0ed800,
0x00000268ff414000, 0x00000268fec9d000, 0x00000268ff13b000, 0x00000268fe9da800,
0x00000268ff4ea000, 0x00000268ff207000, 0x00000268ff208000, 0x00000268ff20c000,
0x00000268ff206000, 0x00000268ff208800, 0x00000268ff20a800, 0x00000268ff20c800,
0x000002688284d000, 0x000002688284b000, 0x000002688284c000, 0x0000026882847000,
0x0000026882848000
}

Java Threads: ( => current thread )
  0x00000268e367e800 JavaThread "main" [_thread_blocked, id=7840, stack(0x000000c130a00000,0x000000c130b00000)]
  0x00000268e3739800 JavaThread "Reference Handler" daemon [_thread_blocked, id=10072, stack(0x000000c130d00000,0x000000c130e00000)]
  0x00000268e373c800 JavaThread "Finalizer" daemon [_thread_blocked, id=4012, stack(0x000000c130e00000,0x000000c130f00000)]
  0x00000268fd7a8000 JavaThread "Signal Dispatcher" daemon [_thread_blocked, id=116, stack(0x000000c130f00000,0x000000c131000000)]
  0x00000268fd7a9800 JavaThread "Attach Listener" daemon [_thread_blocked, id=5064, stack(0x000000c131000000,0x000000c131100000)]
  0x00000268fd7ab000 JavaThread "Service Thread" daemon [_thread_blocked, id=10132, stack(0x000000c131100000,0x000000c131200000)]
  0x00000268fd7ae000 JavaThread "C2 CompilerThread0" daemon [_thread_blocked, id=3468, stack(0x000000c131200000,0x000000c131300000)]
  0x00000268fd7b6800 JavaThread "C1 CompilerThread0" daemon [_thread_blocked, id=4816, stack(0x000000c131300000,0x000000c131400000)]
  0x00000268fd7ba800 JavaThread "Sweeper thread" daemon [_thread_blocked, id=2132, stack(0x000000c131400000,0x000000c131500000)]
  0x00000268fe9e8800 JavaThread "Common-Cleaner" daemon [_thread_blocked, id=5964, stack(0x000000c131500000,0x000000c131600000)]
  0x00000268fea79000 JavaThread "Notification Thread" daemon [_thread_blocked, id=9912, stack(0x000000c131600000,0x000000c131700000)]
  0x00000268ff0ed800 JavaThread "Active Thread: Equinox Container: 65c2fa85-37d4-4ad0-b136-3710f59b3a1b" [_thread_blocked, id=10556, stack(0x000000c131800000,0x000000c131900000)]
  0x00000268ff414000 JavaThread "Framework Event Dispatcher: Equinox Container: 65c2fa85-37d4-4ad0-b136-3710f59b3a1b" daemon [_thread_blocked, id=10756, stack(0x000000c131a00000,0x000000c131b00000)]
  0x00000268fec9d000 JavaThread "Start Level: Equinox Container: 65c2fa85-37d4-4ad0-b136-3710f59b3a1b" daemon [_thread_blocked, id=5916, stack(0x000000c131b00000,0x000000c131c00000)]
  0x00000268ff13b000 JavaThread "SCR Component Actor" daemon [_thread_blocked, id=1712, stack(0x000000c131900000,0x000000c131a00000)]
  0x00000268fe9da800 JavaThread "Bundle File Closer" daemon [_thread_blocked, id=11036, stack(0x000000c132000000,0x000000c132100000)]
  0x00000268ff4ea000 JavaThread "Worker-JM" [_thread_blocked, id=11108, stack(0x000000c132200000,0x000000c132300000)]
  0x00000268ff207000 JavaThread "Worker-0: Publish Diagnostics" [_thread_blocked, id=6384, stack(0x000000c132300000,0x000000c132400000)]
  0x00000268ff208000 JavaThread "Worker-1: Initialize workspace" [_thread_blocked, id=10272, stack(0x000000c132400000,0x000000c132500000)]
  0x00000268ff20c000 JavaThread "Java indexing" daemon [_thread_blocked, id=8724, stack(0x000000c130700000,0x000000c130800000)]
  0x00000268ff206000 JavaThread "logback configurator timer" daemon [_thread_blocked, id=9324, stack(0x000000c132500000,0x000000c132600000)]
  0x00000268ff208800 JavaThread "pool-2-thread-1" [_thread_in_native, id=9060, stack(0x000000c132600000,0x000000c132700000)]
  0x00000268ff20a800 JavaThread "Worker-2: Refreshing workspace" [_thread_blocked, id=7268, stack(0x000000c130900000,0x000000c130a00000)]
  0x00000268ff20c800 JavaThread "Worker-3: Register Watchers" [_thread_blocked, id=8980, stack(0x000000c132700000,0x000000c132800000)]
  0x000002688284d000 JavaThread "Worker-4" [_thread_blocked, id=2108, stack(0x000000c132b00000,0x000000c132c00000)]
  0x000002688284b000 JavaThread "ForkJoinPool.commonPool-worker-3" daemon [_thread_blocked, id=10668, stack(0x000000c132900000,0x000000c132a00000)]
  0x000002688284c000 JavaThread "Worker-5" [_thread_blocked, id=10044, stack(0x000000c132e00000,0x000000c132f00000)]
  0x0000026882847000 JavaThread "ForkJoinPool.commonPool-worker-5" daemon [_thread_blocked, id=4864, stack(0x000000c132f00000,0x000000c133000000)]
  0x0000026882848000 JavaThread "ForkJoinPool.commonPool-worker-7" daemon [_thread_blocked, id=2380, stack(0x000000c133000000,0x000000c133100000)]

Other Threads:
  0x00000268fd7a0000 VMThread "VM Thread" [stack: 0x000000c130c00000,0x000000c130d00000] [id=10520]
  0x00000268fea7a000 WatcherThread [stack: 0x000000c131700000,0x000000c131800000] [id=2604]
  0x00000268e3696800 GCTaskThread "GC Thread#0" [stack: 0x000000c130b00000,0x000000c130c00000] [id=4956]
  0x00000268fec9d800 GCTaskThread "GC Thread#1" [stack: 0x000000c131c00000,0x000000c131d00000] [id=6336]
=>0x00000268fed3a800 GCTaskThread "GC Thread#2" [stack: 0x000000c131d00000,0x000000c131e00000] [id=10860]
  0x00000268fed3b800 GCTaskThread "GC Thread#3" [stack: 0x000000c131e00000,0x000000c131f00000] [id=10932]

Threads with active compile tasks:
C2 CompilerThread0   119644 5595   !   4       java.nio.file.FileTreeWalker::next (144 bytes)

VM state:at safepoint (normal execution)

VM Mutex/Monitor currently owned by a thread:  ([mutex/lock_event])
[0x00000268e367aad0] Threads_lock - owner thread: 0x00000268fd7a0000
[0x00000268e367a890] Heap_lock - owner thread: 0x00000268ff207000

Heap address: 0x00000000c0000000, size: 1024 MB, Compressed Oops mode: 32-bit
Narrow klass base: 0x0000000800000000, Narrow klass shift: 3
Compressed class space size: 1073741824 Address: 0x0000000800b30000

Heap:
 PSYoungGen      total 25088K, used 3872K [0x00000000eab00000, 0x00000000ecf80000, 0x0000000100000000)
  eden space 20992K, 0% used [0x00000000eab00000,0x00000000eab00000,0x00000000ebf80000)
  from space 4096K, 94% used [0x00000000ebf80000,0x00000000ec348000,0x00000000ec380000)
  to   space 8192K, 0% used [0x00000000ec780000,0x00000000ec780000,0x00000000ecf80000)
 ParOldGen       total 84992K, used 81614K [0x00000000c0000000, 0x00000000c5300000, 0x00000000eab00000)
  object space 84992K, 96% used [0x00000000c0000000,0x00000000c4fb3af8,0x00000000c5300000)
 Metaspace       used 51310K, capacity 54153K, committed 54360K, reserved 1097728K
  class space    used 5675K, capacity 6627K, committed 6744K, reserved 1048576K

Card table byte_map: [0x00000268e3030000,0x00000268e3240000] _byte_map_base: 0x00000268e2a30000

Marking Bits: (ParMarkBitMap*) 0x00007ffbaa24a220
 Begin Bits: [0x00000268fae20000, 0x00000268fbe20000)
 End Bits:   [0x00000268fbe20000, 0x00000268fce20000)

Polling page: 0x00000268e14f0000

Metaspace:

Usage:
  Non-class:     46.41 MB capacity,    44.57 MB ( 96%) used,     1.75 MB (  4%) free+waste,   102.19 KB ( <1%) overhead. 
      Class:      6.47 MB capacity,     5.54 MB ( 86%) used,   902.36 KB ( 14%) free+waste,    49.38 KB ( <1%) overhead. 
       Both:     52.88 MB capacity,    50.11 MB ( 95%) used,     2.63 MB (  5%) free+waste,   151.56 KB ( <1%) overhead. 

Virtual space:
  Non-class space:       48.00 MB reserved,      46.50 MB ( 97%) committed 
      Class space:        1.00 GB reserved,       6.59 MB ( <1%) committed 
             Both:        1.05 GB reserved,      53.09 MB (  5%) committed 

Chunk freelists:
   Non-Class:  26.00 KB
       Class:  0 bytes
        Both:  26.00 KB

MaxMetaspaceSize: 17179869184.00 GB
CompressedClassSpaceSize: 1.00 GB

CodeHeap 'non-profiled nmethods': size=120000Kb used=2994Kb max_used=2994Kb free=117005Kb
 bounds [0x00000268f38f0000, 0x00000268f3be0000, 0x00000268fae20000]
CodeHeap 'profiled nmethods': size=120000Kb used=11188Kb max_used=11188Kb free=108812Kb
 bounds [0x00000268ec3c0000, 0x00000268eceb0000, 0x00000268f38f0000]
CodeHeap 'non-nmethods': size=5760Kb used=1333Kb max_used=1369Kb free=4426Kb
 bounds [0x00000268ebe20000, 0x00000268ec090000, 0x00000268ec3c0000]
 total_blobs=5564 nmethods=4930 adapters=548
 compilation: enabled
              stopped_count=0, restarted_count=0
 full_count=0

Compilation events (20 events):
Event: 117.511 Thread 0x00000268fd7b6800 5624       2       org.eclipse.core.internal.resources.Resource::checkAccessible (7 bytes)
Event: 117.511 Thread 0x00000268fd7b6800 nmethod 5624 0x00000268ecea5f90 code [0x00000268ecea6120, 0x00000268ecea6248]
Event: 117.512 Thread 0x00000268fd7b6800 5625  s    2       org.eclipse.jdt.internal.core.JavaModelManager$PerProjectInfo::getResolvedClasspath (17 bytes)
Event: 117.512 Thread 0x00000268fd7b6800 nmethod 5625 0x00000268ecea6310 code [0x00000268ecea64a0, 0x00000268ecea67b8]
Event: 117.513 Thread 0x00000268fd7b6800 5627       2       org.eclipse.jdt.internal.core.JavaProject::getResolvedClasspath (49 bytes)
Event: 117.515 Thread 0x00000268fd7b6800 nmethod 5627 0x00000268ecea6890 code [0x00000268ecea6a80, 0x00000268ecea7208]
Event: 117.516 Thread 0x00000268fd7b6800 5628       2       java.util.HashMap::removeNode (291 bytes)
Event: 117.518 Thread 0x00000268fd7b6800 nmethod 5628 0x00000268ecea7490 code [0x00000268ecea76a0, 0x00000268ecea7db8]
Event: 117.521 Thread 0x00000268fd7b6800 5629       2       org.eclipse.jdt.internal.core.PackageFragment::equals (53 bytes)
Event: 117.522 Thread 0x00000268fd7b6800 nmethod 5629 0x00000268ecea8210 code [0x00000268ecea83c0, 0x00000268ecea8638]
Event: 117.526 Thread 0x00000268fd7b6800 5631       2       java.text.Format::<init> (5 bytes)
Event: 117.526 Thread 0x00000268fd7b6800 nmethod 5631 0x00000268ecea8790 code [0x00000268ecea8920, 0x00000268ecea8a38]
Event: 117.527 Thread 0x00000268fd7b6800 5632       2       org.eclipse.core.runtime.Status::<init> (42 bytes)
Event: 117.528 Thread 0x00000268fd7b6800 nmethod 5632 0x00000268ecea8b10 code [0x00000268ecea8cc0, 0x00000268ecea8ff8]
Event: 117.528 Thread 0x00000268fd7b6800 5633   !   2       java.text.MessageFormat::makeFormat (656 bytes)
Event: 117.534 Thread 0x00000268fd7b6800 nmethod 5633 0x00000268ecea9210 code [0x00000268ecea96a0, 0x00000268eceab508]
Event: 117.534 Thread 0x00000268fd7b6800 5634       2       java.text.AttributedCharacterIterator$Attribute::equals (6 bytes)
Event: 117.535 Thread 0x00000268fd7b6800 nmethod 5634 0x00000268eceac610 code [0x00000268eceac7a0, 0x00000268eceac8d8]
Event: 117.543 Thread 0x00000268fd7b6800 5635   !   2       java.nio.file.Files::walkFileTree (295 bytes)
Event: 117.547 Thread 0x00000268fd7b6800 nmethod 5635 0x00000268eceac990 code [0x00000268eceacc60, 0x00000268ecead6a8]

GC Heap History (20 events):
Event: 107.431 GC heap after
{Heap after GC invocations=12 (full 2):
 PSYoungGen      total 27648K, used 4457K [0x00000000eab00000, 0x00000000ecb80000, 0x0000000100000000)
  eden space 23040K, 0% used [0x00000000eab00000,0x00000000eab00000,0x00000000ec180000)
  from space 4608K, 96% used [0x00000000ec700000,0x00000000ecb5a408,0x00000000ecb80000)
  to   space 4608K, 0% used [0x00000000ec280000,0x00000000ec280000,0x00000000ec700000)
 ParOldGen       total 68608K, used 20692K [0x00000000c0000000, 0x00000000c4300000, 0x00000000eab00000)
  object space 68608K, 30% used [0x00000000c0000000,0x00000000c1435360,0x00000000c4300000)
 Metaspace       used 44341K, capacity 46720K, committed 47064K, reserved 1091584K
  class space    used 4891K, capacity 5735K, committed 5848K, reserved 1048576K
}
Event: 107.632 GC heap before
{Heap before GC invocations=13 (full 2):
 PSYoungGen      total 27648K, used 27497K [0x00000000eab00000, 0x00000000ecb80000, 0x0000000100000000)
  eden space 23040K, 100% used [0x00000000eab00000,0x00000000ec180000,0x00000000ec180000)
  from space 4608K, 96% used [0x00000000ec700000,0x00000000ecb5a408,0x00000000ecb80000)
  to   space 4608K, 0% used [0x00000000ec280000,0x00000000ec280000,0x00000000ec700000)
 ParOldGen       total 68608K, used 20692K [0x00000000c0000000, 0x00000000c4300000, 0x00000000eab00000)
  object space 68608K, 30% used [0x00000000c0000000,0x00000000c1435360,0x00000000c4300000)
 Metaspace       used 44524K, capacity 46912K, committed 47064K, reserved 1091584K
  class space    used 4926K, capacity 5799K, committed 5848K, reserved 1048576K
}
Event: 107.647 GC heap after
{Heap after GC invocations=13 (full 2):
 PSYoungGen      total 25600K, used 2720K [0x00000000eab00000, 0x00000000ec800000, 0x0000000100000000)
  eden space 22528K, 0% used [0x00000000eab00000,0x00000000eab00000,0x00000000ec100000)
  from space 3072K, 88% used [0x00000000ec280000,0x00000000ec528010,0x00000000ec580000)
  to   space 2560K, 0% used [0x00000000ec580000,0x00000000ec580000,0x00000000ec800000)
 ParOldGen       total 68608K, used 25069K [0x00000000c0000000, 0x00000000c4300000, 0x00000000eab00000)
  object space 68608K, 36% used [0x00000000c0000000,0x00000000c187b7d0,0x00000000c4300000)
 Metaspace       used 44524K, capacity 46912K, committed 47064K, reserved 1091584K
  class space    used 4926K, capacity 5799K, committed 5848K, reserved 1048576K
}
Event: 107.776 GC heap before
{Heap before GC invocations=14 (full 2):
 PSYoungGen      total 25600K, used 25248K [0x00000000eab00000, 0x00000000ec800000, 0x0000000100000000)
  eden space 22528K, 100% used [0x00000000eab00000,0x00000000ec100000,0x00000000ec100000)
  from space 3072K, 88% used [0x00000000ec280000,0x00000000ec528010,0x00000000ec580000)
  to   space 2560K, 0% used [0x00000000ec580000,0x00000000ec580000,0x00000000ec800000)
 ParOldGen       total 68608K, used 25069K [0x00000000c0000000, 0x00000000c4300000, 0x00000000eab00000)
  object space 68608K, 36% used [0x00000000c0000000,0x00000000c187b7d0,0x00000000c4300000)
 Metaspace       used 44622K, capacity 46976K, committed 47064K, reserved 1091584K
  class space    used 4948K, capacity 5799K, committed 5848K, reserved 1048576K
}
Event: 107.784 GC heap after
{Heap after GC invocations=14 (full 2):
 PSYoungGen      total 23552K, used 2528K [0x00000000eab00000, 0x00000000ecc80000, 0x0000000100000000)
  eden space 20992K, 0% used [0x00000000eab00000,0x00000000eab00000,0x00000000ebf80000)
  from space 2560K, 98% used [0x00000000ec580000,0x00000000ec7f8010,0x00000000ec800000)
  to   space 6144K, 0% used [0x00000000ebf80000,0x00000000ebf80000,0x00000000ec580000)
 ParOldGen       total 68608K, used 27811K [0x00000000c0000000, 0x00000000c4300000, 0x00000000eab00000)
  object space 68608K, 40% used [0x00000000c0000000,0x00000000c1b28d30,0x00000000c4300000)
 Metaspace       used 44622K, capacity 46976K, committed 47064K, reserved 1091584K
  class space    used 4948K, capacity 5799K, committed 5848K, reserved 1048576K
}
Event: 108.234 GC heap before
{Heap before GC invocations=15 (full 2):
 PSYoungGen      total 23552K, used 23520K [0x00000000eab00000, 0x00000000ecc80000, 0x0000000100000000)
  eden space 20992K, 100% used [0x00000000eab00000,0x00000000ebf80000,0x00000000ebf80000)
  from space 2560K, 98% used [0x00000000ec580000,0x00000000ec7f8010,0x00000000ec800000)
  to   space 6144K, 0% used [0x00000000ebf80000,0x00000000ebf80000,0x00000000ec580000)
 ParOldGen       total 68608K, used 27811K [0x00000000c0000000, 0x00000000c4300000, 0x00000000eab00000)
  object space 68608K, 40% used [0x00000000c0000000,0x00000000c1b28d30,0x00000000c4300000)
 Metaspace       used 44907K, capacity 47278K, committed 47448K, reserved 1091584K
  class space    used 4967K, capacity 5835K, committed 5976K, reserved 1048576K
}
Event: 108.251 GC heap after
{Heap after GC invocations=15 (full 2):
 PSYoungGen      total 24576K, used 3168K [0x00000000eab00000, 0x00000000ec780000, 0x0000000100000000)
  eden space 20992K, 0% used [0x00000000eab00000,0x00000000eab00000,0x00000000ebf80000)
  from space 3584K, 88% used [0x00000000ebf80000,0x00000000ec298000,0x00000000ec300000)
  to   space 4096K, 0% used [0x00000000ec380000,0x00000000ec380000,0x00000000ec780000)
 ParOldGen       total 68608K, used 30345K [0x00000000c0000000, 0x00000000c4300000, 0x00000000eab00000)
  object space 68608K, 44% used [0x00000000c0000000,0x00000000c1da25c0,0x00000000c4300000)
 Metaspace       used 44907K, capacity 47278K, committed 47448K, reserved 1091584K
  class space    used 4967K, capacity 5835K, committed 5976K, reserved 1048576K
}
Event: 112.316 GC heap before
{Heap before GC invocations=16 (full 2):
 PSYoungGen      total 24576K, used 24160K [0x00000000eab00000, 0x00000000ec780000, 0x0000000100000000)
  eden space 20992K, 100% used [0x00000000eab00000,0x00000000ebf80000,0x00000000ebf80000)
  from space 3584K, 88% used [0x00000000ebf80000,0x00000000ec298000,0x00000000ec300000)
  to   space 4096K, 0% used [0x00000000ec380000,0x00000000ec380000,0x00000000ec780000)
 ParOldGen       total 68608K, used 30345K [0x00000000c0000000, 0x00000000c4300000, 0x00000000eab00000)
  object space 68608K, 44% used [0x00000000c0000000,0x00000000c1da25c0,0x00000000c4300000)
 Metaspace       used 47016K, capacity 49413K, committed 49496K, reserved 1093632K
  class space    used 5189K, capacity 6161K, committed 6232K, reserved 1048576K
}
Event: 112.328 GC heap after
{Heap after GC invocations=16 (full 2):
 PSYoungGen      total 23552K, used 2148K [0x00000000eab00000, 0x00000000ec600000, 0x0000000100000000)
  eden space 20992K, 0% used [0x00000000eab00000,0x00000000eab00000,0x00000000ebf80000)
  from space 2560K, 83% used [0x00000000ec380000,0x00000000ec599140,0x00000000ec600000)
  to   space 3072K, 0% used [0x00000000ec000000,0x00000000ec000000,0x00000000ec300000)
 ParOldGen       total 68608K, used 33497K [0x00000000c0000000, 0x00000000c4300000, 0x00000000eab00000)
  object space 68608K, 48% used [0x00000000c0000000,0x00000000c20b65c0,0x00000000c4300000)
 Metaspace       used 47016K, capacity 49413K, committed 49496K, reserved 1093632K
  class space    used 5189K, capacity 6161K, committed 6232K, reserved 1048576K
}
Event: 114.097 GC heap before
{Heap before GC invocations=17 (full 2):
 PSYoungGen      total 23552K, used 22205K [0x00000000eab00000, 0x00000000ec600000, 0x0000000100000000)
  eden space 20992K, 95% used [0x00000000eab00000,0x00000000ebe96500,0x00000000ebf80000)
  from space 2560K, 83% used [0x00000000ec380000,0x00000000ec599140,0x00000000ec600000)
  to   space 3072K, 0% used [0x00000000ec000000,0x00000000ec000000,0x00000000ec300000)
 ParOldGen       total 68608K, used 33497K [0x00000000c0000000, 0x00000000c4300000, 0x00000000eab00000)
  object space 68608K, 48% used [0x00000000c0000000,0x00000000c20b65c0,0x00000000c4300000)
 Metaspace       used 50829K, capacity 53552K, committed 53848K, reserved 1095680K
  class space    used 5632K, capacity 6621K, committed 6744K, reserved 1048576K
}
Event: 114.121 GC heap after
{Heap after GC invocations=17 (full 2):
 PSYoungGen      total 24064K, used 3071K [0x00000000eab00000, 0x00000000ed580000, 0x0000000100000000)
  eden space 20992K, 0% used [0x00000000eab00000,0x00000000eab00000,0x00000000ebf80000)
  from space 3072K, 99% used [0x00000000ec000000,0x00000000ec2ffe58,0x00000000ec300000)
  to   space 11264K, 0% used [0x00000000eca80000,0x00000000eca80000,0x00000000ed580000)
 ParOldGen       total 68608K, used 40188K [0x00000000c0000000, 0x00000000c4300000, 0x00000000eab00000)
  object space 68608K, 58% used [0x00000000c0000000,0x00000000c273f090,0x00000000c4300000)
 Metaspace       used 50829K, capacity 53552K, committed 53848K, reserved 1095680K
  class space    used 5632K, capacity 6621K, committed 6744K, reserved 1048576K
}
Event: 114.570 GC heap before
{Heap before GC invocations=18 (full 3):
 PSYoungGen      total 24064K, used 24063K [0x00000000eab00000, 0x00000000ed580000, 0x0000000100000000)
  eden space 20992K, 100% used [0x00000000eab00000,0x00000000ebf80000,0x00000000ebf80000)
  from space 3072K, 99% used [0x00000000ec000000,0x00000000ec2ffe58,0x00000000ec300000)
  to   space 11264K, 0% used [0x00000000eca80000,0x00000000eca80000,0x00000000ed580000)
 ParOldGen       total 79872K, used 77526K [0x00000000c0000000, 0x00000000c4e00000, 0x00000000eab00000)
  object space 79872K, 97% used [0x00000000c0000000,0x00000000c4bb5be0,0x00000000c4e00000)
 Metaspace       used 50950K, capacity 53747K, committed 54104K, reserved 1097728K
  class space    used 5650K, capacity 6622K, committed 6744K, reserved 1048576K
}
Event: 114.999 GC heap after
{Heap after GC invocations=18 (full 3):
 PSYoungGen      total 32256K, used 0K [0x00000000eab00000, 0x00000000ed580000, 0x0000000100000000)
  eden space 20992K, 0% used [0x00000000eab00000,0x00000000eab00000,0x00000000ebf80000)
  from space 11264K, 0% used [0x00000000eca80000,0x00000000eca80000,0x00000000ed580000)
  to   space 11264K, 0% used [0x00000000ebf80000,0x00000000ebf80000,0x00000000eca80000)
 ParOldGen       total 84992K, used 52278K [0x00000000c0000000, 0x00000000c5300000, 0x00000000eab00000)
  object space 84992K, 61% used [0x00000000c0000000,0x00000000c330daf8,0x00000000c5300000)
 Metaspace       used 50950K, capacity 53747K, committed 54104K, reserved 1097728K
  class space    used 5650K, capacity 6622K, committed 6744K, reserved 1048576K
}
Event: 115.102 GC heap before
{Heap before GC invocations=19 (full 3):
 PSYoungGen      total 32256K, used 20992K [0x00000000eab00000, 0x00000000ed580000, 0x0000000100000000)
  eden space 20992K, 100% used [0x00000000eab00000,0x00000000ebf80000,0x00000000ebf80000)
  from space 11264K, 0% used [0x00000000eca80000,0x00000000eca80000,0x00000000ed580000)
  to   space 11264K, 0% used [0x00000000ebf80000,0x00000000ebf80000,0x00000000eca80000)
 ParOldGen       total 84992K, used 52278K [0x00000000c0000000, 0x00000000c5300000, 0x00000000eab00000)
  object space 84992K, 61% used [0x00000000c0000000,0x00000000c330daf8,0x00000000c5300000)
 Metaspace       used 50960K, capacity 53761K, committed 54104K, reserved 1097728K
  class space    used 5652K, capacity 6624K, committed 6744K, reserved 1048576K
}
Event: 115.129 GC heap after
{Heap after GC invocations=19 (full 3):
 PSYoungGen      total 32256K, used 11264K [0x00000000eab00000, 0x00000000ede80000, 0x0000000100000000)
  eden space 20992K, 0% used [0x00000000eab00000,0x00000000eab00000,0x00000000ebf80000)
  from space 11264K, 100% used [0x00000000ebf80000,0x00000000eca80000,0x00000000eca80000)
  to   space 15872K, 0% used [0x00000000ecf00000,0x00000000ecf00000,0x00000000ede80000)
 ParOldGen       total 84992K, used 55670K [0x00000000c0000000, 0x00000000c5300000, 0x00000000eab00000)
  object space 84992K, 65% used [0x00000000c0000000,0x00000000c365daf8,0x00000000c5300000)
 Metaspace       used 50960K, capacity 53761K, committed 54104K, reserved 1097728K
  class space    used 5652K, capacity 6624K, committed 6744K, reserved 1048576K
}
Event: 115.229 GC heap before
{Heap before GC invocations=20 (full 3):
 PSYoungGen      total 32256K, used 32256K [0x00000000eab00000, 0x00000000ede80000, 0x0000000100000000)
  eden space 20992K, 100% used [0x00000000eab00000,0x00000000ebf80000,0x00000000ebf80000)
  from space 11264K, 100% used [0x00000000ebf80000,0x00000000eca80000,0x00000000eca80000)
  to   space 15872K, 0% used [0x00000000ecf00000,0x00000000ecf00000,0x00000000ede80000)
 ParOldGen       total 84992K, used 55670K [0x00000000c0000000, 0x00000000c5300000, 0x00000000eab00000)
  object space 84992K, 65% used [0x00000000c0000000,0x00000000c365daf8,0x00000000c5300000)
 Metaspace       used 50960K, capacity 53761K, committed 54104K, reserved 1097728K
  class space    used 5652K, capacity 6624K, committed 6744K, reserved 1048576K
}
Event: 115.276 GC heap after
{Heap after GC invocations=20 (full 3):
 PSYoungGen      total 35840K, used 14624K [0x00000000eab00000, 0x00000000edd80000, 0x0000000100000000)
  eden space 20992K, 0% used [0x00000000eab00000,0x00000000eab00000,0x00000000ebf80000)
  from space 14848K, 98% used [0x00000000ecf00000,0x00000000edd48000,0x00000000edd80000)
  to   space 15360K, 0% used [0x00000000ebf80000,0x00000000ebf80000,0x00000000ece80000)
 ParOldGen       total 84992K, used 66982K [0x00000000c0000000, 0x00000000c5300000, 0x00000000eab00000)
  object space 84992K, 78% used [0x00000000c0000000,0x00000000c4169af8,0x00000000c5300000)
 Metaspace       used 50960K, capacity 53761K, committed 54104K, reserved 1097728K
  class space    used 5652K, capacity 6624K, committed 6744K, reserved 1048576K
}
Event: 117.570 GC heap before
{Heap before GC invocations=21 (full 3):
 PSYoungGen      total 35840K, used 35616K [0x00000000eab00000, 0x00000000edd80000, 0x0000000100000000)
  eden space 20992K, 100% used [0x00000000eab00000,0x00000000ebf80000,0x00000000ebf80000)
  from space 14848K, 98% used [0x00000000ecf00000,0x00000000edd48000,0x00000000edd80000)
  to   space 15360K, 0% used [0x00000000ebf80000,0x00000000ebf80000,0x00000000ece80000)
 ParOldGen       total 84992K, used 66982K [0x00000000c0000000, 0x00000000c5300000, 0x00000000eab00000)
  object space 84992K, 78% used [0x00000000c0000000,0x00000000c4169af8,0x00000000c5300000)
 Metaspace       used 51310K, capacity 54153K, committed 54360K, reserved 1097728K
  class space    used 5675K, capacity 6627K, committed 6744K, reserved 1048576K
}
Event: 117.607 GC heap after
{Heap after GC invocations=21 (full 3):
 PSYoungGen      total 25088K, used 3872K [0x00000000eab00000, 0x00000000ecf80000, 0x0000000100000000)
  eden space 20992K, 0% used [0x00000000eab00000,0x00000000eab00000,0x00000000ebf80000)
  from space 4096K, 94% used [0x00000000ebf80000,0x00000000ec348000,0x00000000ec380000)
  to   space 8192K, 0% used [0x00000000ec780000,0x00000000ec780000,0x00000000ecf80000)
 ParOldGen       total 84992K, used 81614K [0x00000000c0000000, 0x00000000c5300000, 0x00000000eab00000)
  object space 84992K, 96% used [0x00000000c0000000,0x00000000c4fb3af8,0x00000000c5300000)
 Metaspace       used 51310K, capacity 54153K, committed 54360K, reserved 1097728K
  class space    used 5675K, capacity 6627K, committed 6744K, reserved 1048576K
}
Event: 117.607 GC heap before
{Heap before GC invocations=22 (full 4):
 PSYoungGen      total 25088K, used 3872K [0x00000000eab00000, 0x00000000ecf80000, 0x0000000100000000)
  eden space 20992K, 0% used [0x00000000eab00000,0x00000000eab00000,0x00000000ebf80000)
  from space 4096K, 94% used [0x00000000ebf80000,0x00000000ec348000,0x00000000ec380000)
  to   space 8192K, 0% used [0x00000000ec780000,0x00000000ec780000,0x00000000ecf80000)
 ParOldGen       total 84992K, used 81614K [0x00000000c0000000, 0x00000000c5300000, 0x00000000eab00000)
  object space 84992K, 96% used [0x00000000c0000000,0x00000000c4fb3af8,0x00000000c5300000)
 Metaspace       used 51310K, capacity 54153K, committed 54360K, reserved 1097728K
  class space    used 5675K, capacity 6627K, committed 6744K, reserved 1048576K
}

Deoptimization events (20 events):
Event: 114.294 Thread 0x0000026882849800 Uncommon trap: trap_request=0xffffff45 fr.pc=0x00000268f3bc3130 relative=0x00000000000001f0
Event: 114.294 Thread 0x0000026882849800 Uncommon trap: reason=unstable_if action=reinterpret pc=0x00000268f3bc3130 method=java.util.zip.GZIPInputStream.read([BII)I @ 25 c2
Event: 114.294 Thread 0x0000026882849800 DEOPT PACKING pc=0x00000268f3bc3130 sp=0x000000c132dfec00
Event: 114.294 Thread 0x0000026882849800 DEOPT UNPACKING pc=0x00000268ebe6912f sp=0x000000c132dfeb48 mode 2
Event: 114.343 Thread 0x0000026882849800 Uncommon trap: trap_request=0xffffffde fr.pc=0x00000268f39a6a04 relative=0x0000000000000cc4
Event: 114.343 Thread 0x0000026882849800 Uncommon trap: reason=class_check action=maybe_recompile pc=0x00000268f39a6a04 method=java.util.concurrent.ConcurrentHashMap.putVal(Ljava/lang/Object;Ljava/lang/Object;Z)Ljava/lang/Object; @ 242 c2
Event: 114.343 Thread 0x0000026882849800 DEOPT PACKING pc=0x00000268f39a6a04 sp=0x000000c132dfe060
Event: 114.343 Thread 0x0000026882849800 DEOPT UNPACKING pc=0x00000268ebe6912f sp=0x000000c132dfdfe0 mode 2
Event: 114.343 Thread 0x0000026882849800 Uncommon trap: trap_request=0xffffff45 fr.pc=0x00000268f3ba7188 relative=0x0000000000000628
Event: 114.343 Thread 0x0000026882849800 Uncommon trap: reason=unstable_if action=reinterpret pc=0x00000268f3ba7188 method=java.util.HashMap.removeNode(ILjava/lang/Object;Ljava/lang/Object;ZZ)Ljava/util/HashMap$Node; @ 71 c2
Event: 114.343 Thread 0x0000026882849800 DEOPT PACKING pc=0x00000268f3ba7188 sp=0x000000c132dfe0b0
Event: 114.343 Thread 0x0000026882849800 DEOPT UNPACKING pc=0x00000268ebe6912f sp=0x000000c132dfe030 mode 2
Event: 114.343 Thread 0x0000026882849800 Uncommon trap: trap_request=0xffffffde fr.pc=0x00000268f39a6a04 relative=0x0000000000000cc4
Event: 114.343 Thread 0x0000026882849800 Uncommon trap: reason=class_check action=maybe_recompile pc=0x00000268f39a6a04 method=java.util.concurrent.ConcurrentHashMap.putVal(Ljava/lang/Object;Ljava/lang/Object;Z)Ljava/lang/Object; @ 242 c2
Event: 114.343 Thread 0x0000026882849800 DEOPT PACKING pc=0x00000268f39a6a04 sp=0x000000c132dfe220
Event: 114.343 Thread 0x0000026882849800 DEOPT UNPACKING pc=0x00000268ebe6912f sp=0x000000c132dfe1a0 mode 2
Event: 114.481 Thread 0x000002688284b000 Uncommon trap: trap_request=0xffffff76 fr.pc=0x00000268f3a2ce68 relative=0x00000000000004e8
Event: 114.481 Thread 0x000002688284b000 Uncommon trap: reason=predicate action=maybe_recompile pc=0x00000268f3a2ce68 method=org.eclipse.core.internal.jobs.JobManager.select(Ljava/util/List;Ljava/lang/Object;Lorg/eclipse/core/internal/jobs/InternalJob;I)V @ 8 c2
Event: 114.481 Thread 0x000002688284b000 DEOPT PACKING pc=0x00000268f3a2ce68 sp=0x000000c1329fe4d0
Event: 114.481 Thread 0x000002688284b000 DEOPT UNPACKING pc=0x00000268ebe6912f sp=0x000000c1329fe4c8 mode 2

Classes unloaded (0 events):
No events

Classes redefined (0 events):
No events

Internal exceptions (20 events):
Event: 108.282 Thread 0x00000268ff208000 Exception <a 'sun/nio/fs/WindowsException'{0x00000000eab13a70}> (0x00000000eab13a70) 
thrown [./open/src/hotspot/share/prims/jni.cpp, line 599]
Event: 108.282 Thread 0x00000268ff208000 Exception <a 'sun/nio/fs/WindowsException'{0x00000000eab14010}> (0x00000000eab14010) 
thrown [./open/src/hotspot/share/prims/jni.cpp, line 599]
Event: 108.284 Thread 0x00000268ff208000 Exception <a 'sun/nio/fs/WindowsException'{0x00000000eab18868}> (0x00000000eab18868) 
thrown [./open/src/hotspot/share/prims/jni.cpp, line 599]
Event: 108.284 Thread 0x00000268ff208000 Exception <a 'sun/nio/fs/WindowsException'{0x00000000eab18e18}> (0x00000000eab18e18) 
thrown [./open/src/hotspot/share/prims/jni.cpp, line 599]
Event: 108.286 Thread 0x00000268ff208000 Exception <a 'sun/nio/fs/WindowsException'{0x00000000eab1d568}> (0x00000000eab1d568) 
thrown [./open/src/hotspot/share/prims/jni.cpp, line 599]
Event: 108.286 Thread 0x00000268ff208000 Exception <a 'sun/nio/fs/WindowsException'{0x00000000eab1db20}> (0x00000000eab1db20) 
thrown [./open/src/hotspot/share/prims/jni.cpp, line 599]
Event: 108.292 Thread 0x00000268ff208000 Exception <a 'sun/nio/fs/WindowsException'{0x00000000eab224d8}> (0x00000000eab224d8) 
thrown [./open/src/hotspot/share/prims/jni.cpp, line 599]
Event: 108.292 Thread 0x00000268ff208000 Exception <a 'sun/nio/fs/WindowsException'{0x00000000eab22a90}> (0x00000000eab22a90) 
thrown [./open/src/hotspot/share/prims/jni.cpp, line 599]
Event: 108.296 Thread 0x00000268ff208000 Exception <a 'sun/nio/fs/WindowsException'{0x00000000eab270e8}> (0x00000000eab270e8) 
thrown [./open/src/hotspot/share/prims/jni.cpp, line 599]
Event: 108.296 Thread 0x00000268ff208000 Exception <a 'sun/nio/fs/WindowsException'{0x00000000eab276a0}> (0x00000000eab276a0) 
thrown [./open/src/hotspot/share/prims/jni.cpp, line 599]
Event: 108.299 Thread 0x00000268ff208000 Exception <a 'sun/nio/fs/WindowsException'{0x00000000eab2bf78}> (0x00000000eab2bf78) 
thrown [./open/src/hotspot/share/prims/jni.cpp, line 599]
Event: 108.299 Thread 0x00000268ff208000 Exception <a 'sun/nio/fs/WindowsException'{0x00000000eab2c548}> (0x00000000eab2c548) 
thrown [./open/src/hotspot/share/prims/jni.cpp, line 599]
Event: 111.977 Thread 0x00000268ff208000 Exception <a 'java/lang/NoClassDefFoundError'{0x00000000ebe000b0}: org/slf4j/impl/StaticLoggerBinder> (0x00000000ebe000b0) 
thrown [./open/src/hotspot/share/classfile/systemDictionary.cpp, line 215]
Event: 112.462 Thread 0x00000268ff208000 Exception <a 'sun/nio/fs/WindowsException'{0x00000000eab348c8}> (0x00000000eab348c8) 
thrown [./open/src/hotspot/share/prims/jni.cpp, line 599]
Event: 112.556 Thread 0x00000268ff207000 Exception <a 'java/lang/NoSuchMethodError'{0x00000000eac0a858}: 'java.lang.Object java.lang.invoke.DirectMethodHandle$Holder.invokeStatic(java.lang.Object, java.lang.Object, java.lang.Object, long)'> (0x00000000eac0a858) 
thrown [./open/src/hotspot/share/interpreter/linkResolver.cpp, line 766]
Event: 112.558 Thread 0x00000268ff207000 Exception <a 'java/lang/NoSuchMethodError'{0x00000000eac1de48}: 'java.lang.Object java.lang.invoke.DirectMethodHandle$Holder.invokeSpecial(java.lang.Object, java.lang.Object, java.lang.Object, java.lang.Object, long)'> (0x00000000eac1de48) 
thrown [./open/src/hotspot/share/interpreter/linkResolver.cpp, line 766]
Event: 112.559 Thread 0x00000268ff207000 Exception <a 'java/lang/NoSuchMethodError'{0x00000000eac20c68}: 'java.lang.Object java.lang.invoke.Invokers$Holder.linkToTargetMethod(java.lang.Object, java.lang.Object, long, java.lang.Object)'> (0x00000000eac20c68) 
thrown [./open/src/hotspot/share/interpreter/linkResolver.cpp, line 766]
Event: 112.816 Thread 0x00000268ff208800 Exception <a 'java/lang/NoSuchMethodError'{0x00000000eada8770}: 'java.lang.Object java.lang.invoke.DirectMethodHandle$Holder.invokeInterface(java.lang.Object, java.lang.Object, java.lang.Object)'> (0x00000000eada8770) 
thrown [./open/src/hotspot/share/interpreter/linkResolver.cpp, line 766]
Event: 113.012 Thread 0x00000268ff208800 Exception <a 'java/io/FileNotFoundException'{0x00000000eaf08ac8}> (0x00000000eaf08ac8) 
thrown [./open/src/hotspot/share/prims/jni.cpp, line 599]
Event: 113.287 Thread 0x00000268ff208800 Exception <a 'java/lang/ArrayIndexOutOfBoundsException'{0x00000000eb462fe8}: Index 1819 out of bounds for length 1819> (0x00000000eb462fe8) 
thrown [./open/src/hotspot/share/interpreter/interpreterRuntime.cpp, line 458]

Events (20 events):
Event: 117.425 Executing VM operation: HandshakeOneThread done
Event: 117.426 Executing VM operation: HandshakeOneThread
Event: 117.426 Executing VM operation: HandshakeOneThread done
Event: 117.427 loading class sun/security/ssl/Alert done
Event: 117.428 loading class sun/security/ssl/Alert$AlertConsumer
Event: 117.451 loading class sun/security/ssl/Alert$AlertConsumer done
Event: 117.451 loading class sun/security/ssl/Alert$Level
Event: 117.451 loading class sun/security/ssl/Alert$Level done
Event: 117.452 Executing VM operation: HandshakeOneThread
Event: 117.452 Executing VM operation: HandshakeOneThread done
Event: 117.453 Executing VM operation: HandshakeOneThread
Event: 117.454 Executing VM operation: HandshakeOneThread done
Event: 117.454 Executing VM operation: HandshakeOneThread
Event: 117.454 Executing VM operation: HandshakeOneThread done
Event: 117.454 loading class javax/crypto/AEADBadTagException
Event: 117.454 loading class javax/crypto/AEADBadTagException done
Event: 117.454 Executing VM operation: HandshakeOneThread
Event: 117.455 Executing VM operation: HandshakeOneThread done
Event: 117.455 Thread 0x0000026882848800 Thread exited: 0x0000026882848800
Event: 117.570 Executing VM operation: ParallelGCFailedAllocation


Dynamic libraries:
0x00007ff681bb0000 - 0x00007ff681bbf000 	C:\Program Files\Java\jdk-14.0.2\bin\java.exe
0x00007ffbfaab0000 - 0x00007ffbfac91000 	C:\Windows\SYSTEM32\ntdll.dll
0x00007ffbfa780000 - 0x00007ffbfa832000 	C:\Windows\System32\KERNEL32.DLL
0x00007ffbf78f0000 - 0x00007ffbf7b63000 	C:\Windows\System32\KERNELBASE.dll
0x00007ffbf7d30000 - 0x00007ffbf7e2a000 	C:\Windows\System32\ucrtbase.dll
0x00007ffbf3d30000 - 0x00007ffbf3d48000 	C:\Program Files\Java\jdk-14.0.2\bin\jli.dll
0x00007ffbef8c0000 - 0x00007ffbef8d5000 	C:\Program Files\Java\jdk-14.0.2\bin\VCRUNTIME140.dll
0x00007ffbf8210000 - 0x00007ffbf82b1000 	C:\Windows\System32\ADVAPI32.dll
0x00007ffbfa9e0000 - 0x00007ffbfaa7e000 	C:\Windows\System32\msvcrt.dll
0x00007ffbf9240000 - 0x00007ffbf929b000 	C:\Windows\System32\sechost.dll
0x00007ffbfa8a0000 - 0x00007ffbfa9c4000 	C:\Windows\System32\RPCRT4.dll
0x00007ffbf8e00000 - 0x00007ffbf8f90000 	C:\Windows\System32\USER32.dll
0x00007ffbf7d10000 - 0x00007ffbf7d30000 	C:\Windows\System32\win32u.dll
0x00007ffbce190000 - 0x00007ffbce3f9000 	C:\Windows\WinSxS\amd64_microsoft.windows.common-controls_6595b64144ccf1df_6.0.17133.1_none_e4d992df105abfa4\COMCTL32.dll
0x00007ffbf8910000 - 0x00007ffbf8938000 	C:\Windows\System32\GDI32.dll
0x00007ffbf8ad0000 - 0x00007ffbf8df3000 	C:\Windows\System32\combase.dll
0x00007ffbf7b70000 - 0x00007ffbf7d02000 	C:\Windows\System32\gdi32full.dll
0x00007ffbf7850000 - 0x00007ffbf78ef000 	C:\Windows\System32\msvcp_win.dll
0x00007ffbf6e80000 - 0x00007ffbf6efa000 	C:\Windows\System32\bcryptPrimitives.dll
0x00007ffbe99f0000 - 0x00007ffbe99fa000 	C:\Windows\SYSTEM32\VERSION.dll
0x00007ffbf92a0000 - 0x00007ffbf92cd000 	C:\Windows\System32\IMM32.DLL
0x00007ffbb91f0000 - 0x00007ffbb928b000 	C:\Program Files\Java\jdk-14.0.2\bin\msvcp140.dll
0x00007ffba97f0000 - 0x00007ffbaa30e000 	C:\Program Files\Java\jdk-14.0.2\bin\server\jvm.dll
0x00007ffbf92d0000 - 0x00007ffbf92d8000 	C:\Windows\System32\PSAPI.DLL
0x00007ffbf3a10000 - 0x00007ffbf3a33000 	C:\Windows\SYSTEM32\WINMM.dll
0x00007ffbf39e0000 - 0x00007ffbf3a0a000 	C:\Windows\SYSTEM32\winmmbase.dll
0x00007ffbf7800000 - 0x00007ffbf7849000 	C:\Windows\System32\cfgmgr32.dll
0x00007ffbef990000 - 0x00007ffbef999000 	C:\Windows\SYSTEM32\WSOCK32.dll
0x00007ffbf82c0000 - 0x00007ffbf832c000 	C:\Windows\System32\WS2_32.dll
0x00007ffbf6df0000 - 0x00007ffbf6e01000 	C:\Windows\System32\kernel.appcore.dll
0x00007ffbef820000 - 0x00007ffbef82a000 	C:\Program Files\Java\jdk-14.0.2\bin\jimage.dll
0x00007ffbc3010000 - 0x00007ffbc31d9000 	C:\Windows\SYSTEM32\DBGHELP.DLL
0x00007ffbc0170000 - 0x00007ffbc0199000 	C:\Windows\SYSTEM32\dbgcore.DLL
0x00007ffbedb30000 - 0x00007ffbedb55000 	C:\Program Files\Java\jdk-14.0.2\bin\java.dll
0x00007ffbee980000 - 0x00007ffbee996000 	C:\Program Files\Java\jdk-14.0.2\bin\zip.dll
0x00007ffbf92e0000 - 0x00007ffbfa720000 	C:\Windows\System32\SHELL32.dll
0x00007ffbf8160000 - 0x00007ffbf8209000 	C:\Windows\System32\shcore.dll
0x00007ffbf6f00000 - 0x00007ffbf760d000 	C:\Windows\System32\windows.storage.dll
0x00007ffbfa840000 - 0x00007ffbfa891000 	C:\Windows\System32\shlwapi.dll
0x00007ffbf6e60000 - 0x00007ffbf6e7f000 	C:\Windows\System32\profapi.dll
0x00007ffbf6e10000 - 0x00007ffbf6e5c000 	C:\Windows\System32\powrprof.dll
0x00007ffbf6de0000 - 0x00007ffbf6dea000 	C:\Windows\System32\FLTLIB.DLL
0x00007ffbef9a0000 - 0x00007ffbef9b9000 	C:\Program Files\Java\jdk-14.0.2\bin\net.dll
0x00007ffbf0680000 - 0x00007ffbf075d000 	C:\Windows\SYSTEM32\WINHTTP.dll
0x00007ffbf6640000 - 0x00007ffbf66a6000 	C:\Windows\system32\mswsock.dll
0x00007ffbed710000 - 0x00007ffbed722000 	C:\Program Files\Java\jdk-14.0.2\bin\nio.dll
0x00007ffbf67f0000 - 0x00007ffbf6807000 	C:\Windows\SYSTEM32\CRYPTSP.dll
0x00007ffbf6220000 - 0x00007ffbf6253000 	C:\Windows\system32\rsaenh.dll
0x00007ffbf6920000 - 0x00007ffbf6945000 	C:\Windows\SYSTEM32\bcrypt.dll
0x00007ffbf6cc0000 - 0x00007ffbf6ce8000 	C:\Windows\SYSTEM32\USERENV.dll
0x00007ffbf6810000 - 0x00007ffbf681b000 	C:\Windows\SYSTEM32\CRYPTBASE.dll
0x00007ffbf63c0000 - 0x00007ffbf63f8000 	C:\Windows\SYSTEM32\IPHLPAPI.DLL
0x00007ffbf8330000 - 0x00007ffbf8338000 	C:\Windows\System32\NSI.dll
0x00007ffbf0660000 - 0x00007ffbf0676000 	C:\Windows\SYSTEM32\dhcpcsvc6.DLL
0x00007ffbf0640000 - 0x00007ffbf065a000 	C:\Windows\SYSTEM32\dhcpcsvc.DLL
0x00007ffbeb0f0000 - 0x00007ffbeb12e000 	C:\Users\home\AppData\Roaming\Code\User\globalStorage\redhat.java\0.81.0\config_win\org.eclipse.equinox.launcher\org.eclipse.equinox.launcher.win32.win32.x86_64_1.2.300.v20210622-1446\eclipse_11503.dll
0x00007ffbef7a0000 - 0x00007ffbef7b0000 	C:\Program Files\Java\jdk-14.0.2\bin\verify.dll
0x00007ffbeafe0000 - 0x00007ffbeaff1000 	C:\Users\home\AppData\Roaming\Code\User\globalStorage\redhat.java\0.81.0\config_win\org.eclipse.osgi\22\0\.cp\jWinHttp-1.0.0.dll
0x00007ffbf87b0000 - 0x00007ffbf8901000 	C:\Windows\System32\ole32.dll
0x00007ffbe8bd0000 - 0x00007ffbe8bf5000 	C:\Program Files\Java\jdk-14.0.2\bin\sunec.dll
0x00007ffbef810000 - 0x00007ffbef81e000 	C:\Program Files\Java\jdk-14.0.2\bin\sunmscapi.dll
0x00007ffbf7610000 - 0x00007ffbf77f2000 	C:\Windows\System32\CRYPT32.dll
0x00007ffbf6dc0000 - 0x00007ffbf6dd2000 	C:\Windows\System32\MSASN1.dll
0x00007ffbf68f0000 - 0x00007ffbf6916000 	C:\Windows\SYSTEM32\ncrypt.dll
0x00007ffbf68b0000 - 0x00007ffbf68e6000 	C:\Windows\SYSTEM32\NTASN1.dll
0x00007ffbf6410000 - 0x00007ffbf64ce000 	C:\Windows\SYSTEM32\DNSAPI.dll
0x00007ffbef560000 - 0x00007ffbef56a000 	C:\Windows\System32\rasadhlp.dll
0x00007ffbeff30000 - 0x00007ffbeffa2000 	C:\Windows\System32\fwpuclnt.dll

dbghelp: loaded successfully - version: 4.0.5 - missing functions: none
symbol engine: initialized successfully - sym options: 0x614 - pdb path: .;C:\Program Files\Java\jdk-14.0.2\bin;C:\Windows\SYSTEM32;C:\Windows\WinSxS\amd64_microsoft.windows.common-controls_6595b64144ccf1df_6.0.17133.1_none_e4d992df105abfa4;C:\Program Files\Java\jdk-14.0.2\bin\server;C:\Users\home\AppData\Roaming\Code\User\globalStorage\redhat.java\0.81.0\config_win\org.eclipse.equinox.launcher\org.eclipse.equinox.launcher.win32.win32.x86_64_1.2.300.v20210622-1446;C:\Users\home\AppData\Roaming\Code\User\globalStorage\redhat.java\0.81.0\config_win\org.eclipse.osgi\22\0\.cp

VM Arguments:
jvm_args: --add-modules=ALL-SYSTEM --add-opens=java.base/java.util=ALL-UNNAMED --add-opens=java.base/java.lang=ALL-UNNAMED -Declipse.application=org.eclipse.jdt.ls.core.id1 -Dosgi.bundles.defaultStartLevel=4 -Declipse.product=org.eclipse.jdt.ls.core.product -Dfile.encoding=utf8 -DwatchParentProcess=false -XX:+UseParallelGC -XX:GCTimeRatio=4 -XX:AdaptiveSizePolicyWeight=90 -Dsun.zip.disableMemoryMapping=true -Xmx1G -Xms100m 
java_command: c:\Users\home\.vscode\extensions\redhat.java-0.81.0\server\plugins\org.eclipse.equinox.launcher_1.6.200.v20210416-2027.jar -configuration c:\Users\home\AppData\Roaming\Code\User\globalStorage\redhat.java\0.81.0\config_win -data c:\Users\home\AppData\Roaming\Code\User\workspaceStorage\241be999a8395db7aadbd350242fa534\redhat.java\jdt_ws
java_class_path (initial): c:\Users\home\.vscode\extensions\redhat.java-0.81.0\server\plugins\org.eclipse.equinox.launcher_1.6.200.v20210416-2027.jar
Launcher Type: SUN_STANDARD

[Global flags]
    uintx AdaptiveSizePolicyWeight                 = 90                                        {product} {command line}
     intx CICompilerCount                          = 3                                         {product} {ergonomic}
    uintx GCTimeRatio                              = 4                                         {product} {command line}
   size_t InitialHeapSize                          = 104857600                                 {product} {command line}
   size_t MaxHeapSize                              = 1073741824                                {product} {command line}
   size_t MaxNewSize                               = 357564416                                 {product} {ergonomic}
   size_t MinHeapDeltaBytes                        = 524288                                    {product} {ergonomic}
   size_t MinHeapSize                              = 104857600                                 {product} {command line}
   size_t NewSize                                  = 34603008                                  {product} {ergonomic}
    uintx NonNMethodCodeHeapSize                   = 5832780                                {pd product} {ergonomic}
    uintx NonProfiledCodeHeapSize                  = 122912730                              {pd product} {ergonomic}
   size_t OldSize                                  = 70254592                                  {product} {ergonomic}
    uintx ProfiledCodeHeapSize                     = 122912730                              {pd product} {ergonomic}
    uintx ReservedCodeCacheSize                    = 251658240                              {pd product} {ergonomic}
     bool SegmentedCodeCache                       = true                                      {product} {ergonomic}
   size_t SoftMaxHeapSize                          = 1073741824                             {manageable} {ergonomic}
     bool UseCompressedClassPointers               = true                                 {lp64_product} {ergonomic}
     bool UseCompressedOops                        = true                                 {lp64_product} {ergonomic}
     bool UseLargePagesIndividualAllocation        = false                                  {pd product} {ergonomic}
     bool UseParallelGC                            = true                                      {product} {command line}

Logging:
Log output configuration:
 #0: stdout all=warning uptime,level,tags
 #1: stderr all=off uptime,level,tags

Environment Variables:
PATH=C:\Program Files\Microsoft MPI\Bin\;C:\Program Files\Common Files\Oracle\Java\javapath;C:\Windows\system32;C:\Windows;C:\Windows\System32\Wbem;C:\Windows\System32\WindowsPowerShell\v1.0\;C:\Windows\System32\OpenSSH\;C:\Program Files\Git\cmd;C:\Program Files (x86)\Microsoft SQL Server\150\DTS\Binn\;C:\Program Files\Azure Data Studio\bin;C:\Program Files (x86)\Microsoft SQL Server\110\Tools\Binn\;C:\Program Files\Microsoft SQL Server\110\Tools\Binn\;C:\Program Files\Microsoft SQL Server\110\DTS\Binn\;C:\Program Files (x86)\Microsoft SQL Server\110\Tools\Binn\ManagementStudio\;C:\Program Files (x86)\Microsoft Visual Studio 10.0\Common7\IDE\PrivateAssemblies\;C:\Program Files (x86)\Microsoft SQL Server\110\DTS\Binn\;C:\Program Files\Microsoft SQL Server\Client SDK\ODBC\170\Tools\Binn\;C:\Program Files (x86)\Microsoft SQL Server\150\Tools\Binn\;C:\Program Files\Microsoft SQL Server\150\Tools\Binn\;C:\Program Files\Microsoft SQL Server\150\DTS\Binn\;C:\Program Files\Microsoft SQL Server\Client SDK\ODBC\110\Tools\Binn\;C:\Program Files (x86)\Microsoft SQL Server\120\Tools\Binn\;C:\Program Files\Microsoft SQL Server\120\Tools\Binn\;C:\Program Files\Microsoft SQL Server\120\DTS\Binn\;C:\Program Files (x86)\Microsoft SQL Server\120\Tools\Binn\ManagementStudio\;C:\Program Files (x86)\Microsoft SQL Server\120\DTS\Binn\;C:\Users\home\AppData\Local\Microsoft\WindowsApps;C:\Program Files\heroku\bin;C:\Users\home\AppData\Local\Programs\Microsoft VS Code\bin;C:\Program Files\Azure Data Studio\bin
USERNAME=home
OS=Windows_NT
PROCESSOR_IDENTIFIER=Intel64 Family 6 Model 58 Stepping 9, GenuineIntel



---------------  S Y S T E M  ---------------

OS: Windows 10 , 64 bit Build 17133 (10.0.17133.1)
OS uptime: 0 days 3:27 hours

CPU:total 4 (initial active 4) (2 cores per cpu, 2 threads per core) family 6 model 58 stepping 9, cmov, cx8, fxsr, mmx, sse, sse2, sse3, ssse3, sse4.1, sse4.2, popcnt, avx, clmul, erms, ht, tsc, tscinvbit, tscinv

Memory: 4k page, system-wide physical 3932M (388M free)
TotalPageFile size 7260M (AvailPageFile size 1085M)
current process WorkingSet (physical memory assigned to process): 249M, peak: 278M
current process commit charge ("private bytes"): 294M, peak: 323M

vm_info: Java HotSpot(TM) 64-Bit Server VM (14.0.2+12-46) for windows-amd64 JRE (14.0.2+12-46), built on Jul  9 2020 00:35:52 by "mach5one" with MS VC++ 15.9 (VS2017)

END.
