#
# A fatal error has been detected by the Java Runtime Environment:
#
#  EXCEPTION_ACCESS_VIOLATION (0xc0000005) at pc=0x00007fff9cd2b432, pid=10160, tid=10948
#
# JRE version: Java(TM) SE Runtime Environment (14.0.2+12) (build 14.0.2+12-46)
# Java VM: Java HotSpot(TM) 64-Bit Server VM (14.0.2+12-46, mixed mode, sharing, tiered, compressed oops, parallel gc, windows-amd64)
# Problematic frame:
# V  [jvm.dll+0x62b432]
#
# No core dump will be written. Minidumps are not enabled by default on client versions of Windows
#
# If you would like to submit a bug report, please visit:
#   https://bugreport.java.com/bugreport/crash.jsp
#

---------------  S U M M A R Y ------------

Command Line: --add-modules=ALL-SYSTEM --add-opens=java.base/java.util=ALL-UNNAMED --add-opens=java.base/java.lang=ALL-UNNAMED -Declipse.application=org.eclipse.jdt.ls.core.id1 -Dosgi.bundles.defaultStartLevel=4 -Declipse.product=org.eclipse.jdt.ls.core.product -Dfile.encoding=utf8 -DwatchParentProcess=false -XX:+UseParallelGC -XX:GCTimeRatio=4 -XX:AdaptiveSizePolicyWeight=90 -Dsun.zip.disableMemoryMapping=true -Xmx1G -Xms100m c:\Users\home\.vscode\extensions\redhat.java-0.80.0\server\plugins\org.eclipse.equinox.launcher_1.6.200.v20210416-2027.jar -configuration c:\Users\home\AppData\Roaming\Code\User\globalStorage\redhat.java\0.80.0\config_win -data c:\Users\home\AppData\Roaming\Code\User\workspaceStorage\241be999a8395db7aadbd350242fa534\redhat.java\jdt_ws

Host: Intel(R) Core(TM) i3-3217U CPU @ 1.80GHz, 4 cores, 3G,  Windows 10 , 64 bit Build 17133 (10.0.17133.1)
Time: Thu Aug  5 15:59:28 2021 Hora Padrão de Buenos Aires elapsed time: 13830 seconds (0d 3h 50m 30s)

---------------  T H R E A D  ---------------

Current thread (0x0000021ff5ac0000):  GCTaskThread "GC Thread#2" [stack: 0x0000007898900000,0x0000007898a00000] [id=10948]

Stack: [0x0000007898900000,0x0000007898a00000],  sp=0x00000078989ff950,  free space=1022k
Native frames: (J=compiled Java code, j=interpreted, Vv=VM code, C=native code)
V  [jvm.dll+0x62b432]
V  [jvm.dll+0x636bec]
V  [jvm.dll+0x76ec00]
V  [jvm.dll+0x6ffeda]
V  [jvm.dll+0x5f78f6]
C  [ucrtbase.dll+0x1c1ae]
C  [KERNEL32.DLL+0x13034]
C  [ntdll.dll+0x71551]


siginfo: EXCEPTION_ACCESS_VIOLATION (0xc0000005), reading address 0x00007fffae0ca560


Register to memory mapping:

RIP=0x00007fff9cd2b432 jvm.dll
RAX=0x00000000021fe262 is an unknown value
RBX=0x0000000000013907 is an unknown value
RCX=0x00000078989ff9a8 points into unknown readable memory: 78 e9 f9 9c ff 7f 00 00
RDX=0x00000000c42d4870 is pointing into object: [[Ljava.lang.String; 
{0x00000000c42d4860} - klass: 'java/lang/String'[][]
 - length: 2
RSP=0x00000078989ff950 points into unknown readable memory: 10 20 f3 d9 1f 02 00 00
RBP=0x00000078989ff9e9 points into unknown readable memory: 91 d2 9c ff 7f 00 00
RSI=0x0000021fd9f32010 points into unknown readable memory: 07 39 01 00 1f 02 00 00
RDI=0x0000021fd9f32010 points into unknown readable memory: 07 39 01 00 1f 02 00 00
R8 =0x0000000800000048 is pointing into metadata
R9 =0x00007fff9d0d9250 jvm.dll
R10=0x0000000800000000 is pointing into metadata
R11=0x00000000c46d4830 is an oop: [Ljava.lang.Object; 
{0x00000000c46d4830} - klass: 'java/lang/Object'[]
 - length: 2
R12=0x00007fff9d0d9250 jvm.dll
R13=0x0 is NULL
R14=0x00007fff9cf9e978 jvm.dll
R15=0x00007fff9cf17450 jvm.dll


Registers:
RAX=0x00000000021fe262, RBX=0x0000000000013907, RCX=0x00000078989ff9a8, RDX=0x00000000c42d4870
RSP=0x00000078989ff950, RBP=0x00000078989ff9e9, RSI=0x0000021fd9f32010, RDI=0x0000021fd9f32010
R8 =0x0000000800000048, R9 =0x00007fff9d0d9250, R10=0x0000000800000000, R11=0x00000000c46d4830
R12=0x00007fff9d0d9250, R13=0x0000000000000000, R14=0x00007fff9cf9e978, R15=0x00007fff9cf17450
RIP=0x00007fff9cd2b432, EFLAGS=0x0000000000010206

Top of Stack: (sp=0x00000078989ff950)
0x00000078989ff950:   0000021fd9f32010 0000000000013907
0x00000078989ff960:   00000078989ff9e9 0000021fd9f32010
0x00000078989ff970:   0000000000000000 00007fff9cd020b3
0x00000078989ff980:   0000021ff51a7aa0 00007fff9cd307ec
0x00000078989ff990:   0000021ff53f6818 0000000000000002
0x00000078989ff9a0:   00007fff9c700000 00007fff9cf9e978
0x00000078989ff9b0:   0000021fd9e61f50 00007fff00000003
0x00000078989ff9c0:   0000021fd9f32010 00000078989ffd10
0x00000078989ff9d0:   0000000000000000 0000000000000005
0x00000078989ff9e0:   0000021fd9f32010 00007fff9cd29100
0x00000078989ff9f0:   0000021ff40c1d98 00000000c01c1980
0x00000078989ffa00:   0000021ff3f9de80 00007fff9c700000
0x00000078989ffa10:   00000078979fec20 00007fff9cf4e6d0
0x00000078989ffa20:   00007fff9cf9f5f8 0000021fd9f32010
0x00000078989ffa30:   0000000000000000 0000000000000000
0x00000078989ffa40:   00000078989ffd10 00007fff9cd36bec 

Instructions: (pc=0x00007fff9cd2b432)
0x00007fff9cd2b332:   fb ff 48 8b 86 90 00 00 00 48 8b 0c d8 48 89 4d
0x00007fff9cd2b342:   67 8b cb 8b 46 08 2b c8 81 e1 ff ff 01 00 81 f9
0x00007fff9cd2b352:   ff ff 01 00 41 0f 44 cd 85 c9 75 4d 48 8b 46 08
0x00007fff9cd2b362:   48 89 45 6f 8b 45 73 ff c0 89 5d 7f 89 85 83 00
0x00007fff9cd2b372:   00 00 8b 45 6f 48 8b 7d 7f 3b d8 0f 85 bc 00 00
0x00007fff9cd2b382:   00 48 8b 5d 6f 48 8d 56 08 48 8b 05 a6 dc 3a 00
0x00007fff9cd2b392:   4c 8b c3 48 8b cf 48 89 5d df 48 89 7d e7 ff d0
0x00007fff9cd2b3a2:   48 3b c3 0f 85 94 00 00 00 44 0f b6 0d ee 4c 41
0x00007fff9cd2b3b2:   00 48 8b 55 67 8b 0d e3 3f 39 00 4c 8b 15 d4 3f
0x00007fff9cd2b3c2:   39 00 45 84 c9 74 0f 44 8b 42 08 41 8b c0 48 d3
0x00007fff9cd2b3d2:   e0 49 03 c2 eb 07 48 8b 42 08 44 8b c0 81 78 08
0x00007fff9cd2b3e2:   00 00 00 c0 7d 10 45 33 c0 48 8b ce e8 ad fb ff
0x00007fff9cd2b3f2:   ff e9 18 ff ff ff 48 8b 05 79 ec 42 00 48 89 45
0x00007fff9cd2b402:   c7 c7 45 cf 03 00 00 00 4c 89 75 bf 48 89 75 d7
0x00007fff9cd2b412:   45 84 c9 74 08 49 d3 e0 4d 03 c2 eb 04 4c 8b 42
0x00007fff9cd2b422:   08 49 63 40 0c 48 8d 4d bf 4c 8d 0d 1e de 3a 00
0x00007fff9cd2b432:   41 ff 14 c1 4c 89 7d bf e9 d1 fe ff ff 48 89 7d
0x00007fff9cd2b442:   ef 48 89 7e 08 4c 89 6d 87 44 89 6d 8f 4c 39 ae
0x00007fff9cd2b452:   a0 03 00 00 0f 84 a6 00 00 00 48 8d 9e 68 03 00
0x00007fff9cd2b462:   00 48 8b 43 20 48 8b 4b 38 48 83 f8 01 75 71 4c
0x00007fff9cd2b472:   8b 43 08 48 8b 43 18 4c 89 6b 20 48 8b 39 44 8b
0x00007fff9cd2b482:   71 08 49 c1 e0 04 4e 8b 3c 01 48 39 43 30 73 12
0x00007fff9cd2b492:   48 8b 43 40 49 89 04 08 48 ff 43 30 48 89 4b 40
0x00007fff9cd2b4a2:   eb 10 48 8b 03 48 8b d1 49 83 c0 08 48 8b cb ff
0x00007fff9cd2b4b2:   50 08 48 8b 4b 08 4d 85 ff 49 8b c5 4c 89 7b 38
0x00007fff9cd2b4c2:   48 0f 45 c1 48 89 4b 20 48 29 43 28 4c 8d 3d 7b
0x00007fff9cd2b4d2:   bf 1e 00 48 89 7d 87 44 89 75 8f e9 f3 00 00 00
0x00007fff9cd2b4e2:   48 ff c8 48 89 43 20 48 03 c0 48 8b 3c c1 44 8b
0x00007fff9cd2b4f2:   74 c1 08 48 89 7d 87 44 89 75 8f e9 d3 00 00 00
0x00007fff9cd2b502:   8b 9e d8 01 00 00 8b cb 8b 86 e0 01 00 00 2b c8
0x00007fff9cd2b512:   81 e1 ff 1f 00 00 0f 86 c5 00 00 00 ff cb 81 e3
0x00007fff9cd2b522:   ff 1f 00 00 89 9e d8 01 00 00 e8 9f f1 fb ff 48 


Stack slot to memory mapping:
stack at sp + 0 slots: 0x0000021fd9f32010 points into unknown readable memory: 07 39 01 00 1f 02 00 00
stack at sp + 1 slots: 0x0000000000013907 is an unknown value
stack at sp + 2 slots: 0x00000078989ff9e9 points into unknown readable memory: 91 d2 9c ff 7f 00 00
stack at sp + 3 slots: 0x0000021fd9f32010 points into unknown readable memory: 07 39 01 00 1f 02 00 00
stack at sp + 4 slots: 0x0 is NULL
stack at sp + 5 slots: 0x00007fff9cd020b3 jvm.dll
stack at sp + 6 slots: 0x0000021ff51a7aa0 points into unknown readable memory: 38 95 fa 9c ff 7f 00 00
stack at sp + 7 slots: 0x00007fff9cd307ec jvm.dll


---------------  P R O C E S S  ---------------

Threads class SMR info:
_java_thread_list=0x0000021ff6f75a10, length=32, elements={
0x0000021fd9e7a800, 0x0000021fd9f35000, 0x0000021fd9f38000, 0x0000021ff3fa8800,
0x0000021ff3fa9800, 0x0000021ff3fad000, 0x0000021ff3fb1000, 0x0000021ff3fbf800,
0x0000021ff3fe9000, 0x0000021ff520f000, 0x0000021ff527c000, 0x0000021ff5865000,
0x0000021ff5922000, 0x0000021ff5a93800, 0x0000021ff5956800, 0x0000021ff54e0000,
0x0000021ff57cc000, 0x0000021ff57cf000, 0x0000021ff57cb000, 0x0000021ff57cc800,
0x0000021ff57d0000, 0x0000021ff8ed4800, 0x0000021ff8ed5800, 0x0000021ff8ecf800,
0x0000021ff8ed3000, 0x0000021ff8eda800, 0x0000021ff515b800, 0x0000021ff515c800,
0x0000021ff515d000, 0x0000021ff515e000, 0x0000021ff515f000, 0x0000021ff5159000
}

Java Threads: ( => current thread )
  0x0000021fd9e7a800 JavaThread "main" [_thread_blocked, id=5224, stack(0x0000007897700000,0x0000007897800000)]
  0x0000021fd9f35000 JavaThread "Reference Handler" daemon [_thread_blocked, id=9180, stack(0x0000007897a00000,0x0000007897b00000)]
  0x0000021fd9f38000 JavaThread "Finalizer" daemon [_thread_blocked, id=884, stack(0x0000007897b00000,0x0000007897c00000)]
  0x0000021ff3fa8800 JavaThread "Signal Dispatcher" daemon [_thread_blocked, id=932, stack(0x0000007897c00000,0x0000007897d00000)]
  0x0000021ff3fa9800 JavaThread "Attach Listener" daemon [_thread_blocked, id=8648, stack(0x0000007897d00000,0x0000007897e00000)]
  0x0000021ff3fad000 JavaThread "Service Thread" daemon [_thread_blocked, id=7340, stack(0x0000007897e00000,0x0000007897f00000)]
  0x0000021ff3fb1000 JavaThread "C2 CompilerThread0" daemon [_thread_blocked, id=8264, stack(0x0000007897f00000,0x0000007898000000)]
  0x0000021ff3fbf800 JavaThread "C1 CompilerThread0" daemon [_thread_blocked, id=7672, stack(0x0000007898000000,0x0000007898100000)]
  0x0000021ff3fe9000 JavaThread "Sweeper thread" daemon [_thread_blocked, id=7676, stack(0x0000007898100000,0x0000007898200000)]
  0x0000021ff520f000 JavaThread "Common-Cleaner" daemon [_thread_blocked, id=2224, stack(0x0000007898200000,0x0000007898300000)]
  0x0000021ff527c000 JavaThread "Notification Thread" daemon [_thread_blocked, id=8816, stack(0x0000007898300000,0x0000007898400000)]
  0x0000021ff5865000 JavaThread "Active Thread: Equinox Container: 542801b9-8c63-408b-8599-8f0925897946" [_thread_blocked, id=2924, stack(0x0000007898500000,0x0000007898600000)]
  0x0000021ff5922000 JavaThread "Framework Event Dispatcher: Equinox Container: 542801b9-8c63-408b-8599-8f0925897946" daemon [_thread_blocked, id=8196, stack(0x0000007898600000,0x0000007898700000)]
  0x0000021ff5a93800 JavaThread "Start Level: Equinox Container: 542801b9-8c63-408b-8599-8f0925897946" daemon [_thread_blocked, id=6440, stack(0x0000007898700000,0x0000007898800000)]
  0x0000021ff5956800 JavaThread "SCR Component Actor" daemon [_thread_blocked, id=11104, stack(0x0000007898b00000,0x0000007898c00000)]
  0x0000021ff54e0000 JavaThread "Worker-JM" [_thread_blocked, id=6392, stack(0x0000007898d00000,0x0000007898e00000)]
  0x0000021ff57cc000 JavaThread "Java indexing" daemon [_thread_blocked, id=10428, stack(0x0000007899000000,0x0000007899100000)]
  0x0000021ff57cf000 JavaThread "Bundle File Closer" daemon [_thread_blocked, id=1936, stack(0x0000007899100000,0x0000007899200000)]
  0x0000021ff57cb000 JavaThread "logback configurator timer" daemon [_thread_blocked, id=7424, stack(0x0000007899200000,0x0000007899300000)]
  0x0000021ff57cc800 JavaThread "pool-2-thread-1" [_thread_blocked, id=8088, stack(0x0000007899300000,0x0000007899400000)]
  0x0000021ff57d0000 JavaThread "Worker-3" [_thread_blocked, id=8572, stack(0x0000007899500000,0x0000007899600000)]
  0x0000021ff8ed4800 JavaThread "Java Debug Server" daemon [_thread_in_native, id=9000, stack(0x0000007897500000,0x0000007897600000)]
  0x0000021ff8ed5800 JavaThread "RxSchedulerPurge-1" daemon [_thread_blocked, id=6636, stack(0x0000007897400000,0x0000007897500000)]
  0x0000021ff8ecf800 JavaThread "RxCachedWorkerPoolEvictor-1" daemon [_thread_blocked, id=5200, stack(0x0000007899900000,0x0000007899a00000)]
  0x0000021ff8ed3000 JavaThread "Worker-7" [_thread_blocked, id=6884, stack(0x0000007897600000,0x0000007897700000)]
  0x0000021ff8eda800 JavaThread "ForkJoinPool.commonPool-worker-9" daemon [_thread_blocked, id=2960, stack(0x0000007899e00000,0x0000007899f00000)]
  0x0000021ff515b800 JavaThread "ForkJoinPool.commonPool-worker-7" daemon [_thread_blocked, id=11088, stack(0x0000007898c00000,0x0000007898d00000)]
  0x0000021ff515c800 JavaThread "ForkJoinPool.commonPool-worker-11" daemon [_thread_blocked, id=8640, stack(0x0000007898e00000,0x0000007898f00000)]
  0x0000021ff515d000 JavaThread "ForkJoinPool.commonPool-worker-13" daemon [_thread_blocked, id=10164, stack(0x0000007898f00000,0x0000007899000000)]
  0x0000021ff515e000 JavaThread "ForkJoinPool.commonPool-worker-15" daemon [_thread_blocked, id=10524, stack(0x0000007899400000,0x0000007899500000)]
  0x0000021ff515f000 JavaThread "ForkJoinPool.commonPool-worker-1" daemon [_thread_blocked, id=2556, stack(0x0000007899600000,0x0000007899700000)]
  0x0000021ff5159000 JavaThread "Worker-9" [_thread_blocked, id=10464, stack(0x0000007899700000,0x0000007899800000)]

Other Threads:
  0x0000021ff3f9f000 VMThread "VM Thread" [stack: 0x0000007897900000,0x0000007897a00000] [id=8976]
  0x0000021ff527e800 WatcherThread [stack: 0x0000007898400000,0x0000007898500000] [id=11240]
  0x0000021fd9e92800 GCTaskThread "GC Thread#0" [stack: 0x0000007897800000,0x0000007897900000] [id=10224]
  0x0000021ff5abf800 GCTaskThread "GC Thread#1" [stack: 0x0000007898800000,0x0000007898900000] [id=10060]
=>0x0000021ff5ac0000 GCTaskThread "GC Thread#2" [stack: 0x0000007898900000,0x0000007898a00000] [id=10948]
  0x0000021ff5ac1000 GCTaskThread "GC Thread#3" [stack: 0x0000007898a00000,0x0000007898b00000] [id=3752]

Threads with active compile tasks:
C2 CompilerThread0  13830760 18540   !   4       org.eclipse.jdt.internal.compiler.lookup.SourceTypeBinding::methods (1837 bytes)

VM state:at safepoint (normal execution)

VM Mutex/Monitor currently owned by a thread:  ([mutex/lock_event])
[0x0000021fd9e774a0] Threads_lock - owner thread: 0x0000021ff3f9f000
[0x0000021fd9e79aa0] Heap_lock - owner thread: 0x0000021ff515c800

Heap address: 0x00000000c0000000, size: 1024 MB, Compressed Oops mode: 32-bit
Narrow klass base: 0x0000000800000000, Narrow klass shift: 3
Compressed class space size: 1073741824 Address: 0x0000000800b30000

Heap:
 PSYoungGen      total 6144K, used 2356K [0x00000000eab00000, 0x00000000eb580000, 0x0000000100000000)
  eden space 3584K, 0% used [0x00000000eab00000,0x00000000eab00000,0x00000000eae80000)
  from space 2560K, 92% used [0x00000000eb300000,0x00000000eb54d200,0x00000000eb580000)
  to   space 3072K, 0% used [0x00000000eaf80000,0x00000000eaf80000,0x00000000eb280000)
 ParOldGen       total 173056K, used 171537K [0x00000000c0000000, 0x00000000ca900000, 0x00000000eab00000)
  object space 173056K, 99% used [0x00000000c0000000,0x00000000ca7844f8,0x00000000ca900000)
 Metaspace       used 76458K, capacity 80097K, committed 80384K, reserved 1120256K
  class space    used 7516K, capacity 8898K, committed 8960K, reserved 1048576K

Card table byte_map: [0x0000021fd9860000,0x0000021fd9a70000] _byte_map_base: 0x0000021fd9260000

Marking Bits: (ParMarkBitMap*) 0x00007fff9d15a220
 Begin Bits: [0x0000021ff1620000, 0x0000021ff2620000)
 End Bits:   [0x0000021ff2620000, 0x0000021ff3620000)

Polling page: 0x0000021fd9650000

Metaspace:

Usage:
  Non-class:     69.53 MB capacity,    67.33 MB ( 97%) used,     2.04 MB (  3%) free+waste,   168.38 KB ( <1%) overhead. 
      Class:      8.69 MB capacity,     7.34 MB ( 84%) used,     1.28 MB ( 15%) free+waste,    74.75 KB ( <1%) overhead. 
       Both:     78.22 MB capacity,    74.67 MB ( 95%) used,     3.32 MB (  4%) free+waste,   243.13 KB ( <1%) overhead. 

Virtual space:
  Non-class space:       70.00 MB reserved,      69.75 MB (>99%) committed 
      Class space:        1.00 GB reserved,       8.75 MB ( <1%) committed 
             Both:        1.07 GB reserved,      78.50 MB (  7%) committed 

Chunk freelists:
   Non-Class:  33.00 KB
       Class:  30.00 KB
        Both:  63.00 KB

MaxMetaspaceSize: 17179869184.00 GB
CompressedClassSpaceSize: 1.00 GB

CodeHeap 'non-profiled nmethods': size=120000Kb used=15834Kb max_used=15834Kb free=104165Kb
 bounds [0x0000021fea0f0000, 0x0000021feb070000, 0x0000021ff1620000]
CodeHeap 'profiled nmethods': size=120000Kb used=30843Kb max_used=32104Kb free=89156Kb
 bounds [0x0000021fe2bc0000, 0x0000021fe4b90000, 0x0000021fea0f0000]
CodeHeap 'non-nmethods': size=5760Kb used=1411Kb max_used=1488Kb free=4348Kb
 bounds [0x0000021fe2620000, 0x0000021fe2890000, 0x0000021fe2bc0000]
 total_blobs=14388 nmethods=13664 adapters=633
 compilation: enabled
              stopped_count=0, restarted_count=0
 full_count=0

Compilation events (20 events):
Event: 13829.082 Thread 0x0000021ff3fbf800 18531       3       org.eclipse.jdt.internal.core.SourceType::getTypeParameters (13 bytes)
Event: 13829.083 Thread 0x0000021ff3fbf800 nmethod 18531 0x0000021fe4891510 code [0x0000021fe48916c0, 0x0000021fe4891aa8]
Event: 13829.084 Thread 0x0000021ff3fb1000 18532       4       java.util.stream.ReduceOps$3ReducingSink::begin (14 bytes)
Event: 13829.089 Thread 0x0000021ff3fb1000 nmethod 18532 0x0000021feb054c90 code [0x0000021feb054e00, 0x0000021feb054eb8]
Event: 13829.092 Thread 0x0000021ff3fb1000 18533       4       org.eclipse.jdt.internal.compiler.parser.Parser::consumeInterfaceHeaderExtends (163 bytes)
Event: 13829.107 Thread 0x0000021ff3fb1000 nmethod 18533 0x0000021feb054f90 code [0x0000021feb0551c0, 0x0000021feb055718]
Event: 13829.109 Thread 0x0000021ff3fb1000 18534       4       java.util.stream.Collectors$$Lambda$133/0x0000000800d7e440::accept (11 bytes)
Event: 13829.119 Thread 0x0000021ff3fb1000 nmethod 18534 0x0000021feb055a10 code [0x0000021feb055c00, 0x0000021feb0561d8]
Event: 13829.141 Thread 0x0000021ff3fb1000 18535       4       org.eclipse.jdt.core.dom.ASTConverter::getPrimitiveTypeCode (435 bytes)
Event: 13829.147 Thread 0x0000021ff3fb1000 nmethod 18535 0x0000021feb056490 code [0x0000021feb056720, 0x0000021feb056c38]
Event: 13829.147 Thread 0x0000021ff3fb1000 18536       4       org.eclipse.jdt.internal.corext.dom.GenericVisitor::visit (6 bytes)
Event: 13829.149 Thread 0x0000021ff3fb1000 nmethod 18536 0x0000021feb056f10 code [0x0000021feb057080, 0x0000021feb057118]
Event: 13829.149 Thread 0x0000021ff3fb1000 18537       4       org.eclipse.jdt.internal.corext.dom.GenericVisitor::endVisit (6 bytes)
Event: 13829.149 Thread 0x0000021ff3fb1000 nmethod 18537 0x0000021feb057210 code [0x0000021feb057380, 0x0000021feb0573f8]
Event: 13829.161 Thread 0x0000021ff3fb1000 18538 %     4       java.util.concurrent.ForkJoinPool$WorkQueue::tryRemoveAndExec @ 46 (183 bytes)
Event: 13829.183 Thread 0x0000021ff3fb1000 nmethod 18538% 0x0000021feb057510 code [0x0000021feb057720, 0x0000021feb057d08]
Event: 13829.301 Thread 0x0000021ff3fbf800 18539       3       org.eclipse.core.runtime.ProgressMonitorWrapper::setTaskName (11 bytes)
Event: 13829.302 Thread 0x0000021ff3fbf800 nmethod 18539 0x0000021fe40c7d90 code [0x0000021fe40c7f40, 0x0000021fe40c8128]
Event: 13829.538 Thread 0x0000021ff3fb1000 18540   !   4       org.eclipse.jdt.internal.compiler.lookup.SourceTypeBinding::methods (1837 bytes)
Event: 13830.116 Thread 0x0000021ff3fb1000 nmethod 18540 0x0000021feb058110 code [0x0000021feb058d60, 0x0000021feb061fe0]

GC Heap History (20 events):
Event: 13829.300 GC heap after
{Heap after GC invocations=2607 (full 45):
 PSYoungGen      total 6144K, used 1018K [0x00000000eab00000, 0x00000000eb480000, 0x0000000100000000)
  eden space 4096K, 0% used [0x00000000eab00000,0x00000000eab00000,0x00000000eaf00000)
  from space 2048K, 49% used [0x00000000eb080000,0x00000000eb17e900,0x00000000eb280000)
  to   space 1536K, 0% used [0x00000000eb300000,0x00000000eb300000,0x00000000eb480000)
 ParOldGen       total 173056K, used 161904K [0x00000000c0000000, 0x00000000ca900000, 0x00000000eab00000)
  object space 173056K, 93% used [0x00000000c0000000,0x00000000c9e1c3b8,0x00000000ca900000)
 Metaspace       used 76458K, capacity 80097K, committed 80384K, reserved 1120256K
  class space    used 7516K, capacity 8898K, committed 8960K, reserved 1048576K
}
Event: 13829.344 GC heap before
{Heap before GC invocations=2608 (full 45):
 PSYoungGen      total 6144K, used 5114K [0x00000000eab00000, 0x00000000eb480000, 0x0000000100000000)
  eden space 4096K, 100% used [0x00000000eab00000,0x00000000eaf00000,0x00000000eaf00000)
  from space 2048K, 49% used [0x00000000eb080000,0x00000000eb17e900,0x00000000eb280000)
  to   space 1536K, 0% used [0x00000000eb300000,0x00000000eb300000,0x00000000eb480000)
 ParOldGen       total 173056K, used 161904K [0x00000000c0000000, 0x00000000ca900000, 0x00000000eab00000)
  object space 173056K, 93% used [0x00000000c0000000,0x00000000c9e1c3b8,0x00000000ca900000)
 Metaspace       used 76458K, capacity 80097K, committed 80384K, reserved 1120256K
  class space    used 7516K, capacity 8898K, committed 8960K, reserved 1048576K
}
Event: 13829.349 GC heap after
{Heap after GC invocations=2608 (full 45):
 PSYoungGen      total 5632K, used 1423K [0x00000000eab00000, 0x00000000eb480000, 0x0000000100000000)
  eden space 4096K, 0% used [0x00000000eab00000,0x00000000eab00000,0x00000000eaf00000)
  from space 1536K, 92% used [0x00000000eb300000,0x00000000eb463c08,0x00000000eb480000)
  to   space 1536K, 0% used [0x00000000eb180000,0x00000000eb180000,0x00000000eb300000)
 ParOldGen       total 173056K, used 162773K [0x00000000c0000000, 0x00000000ca900000, 0x00000000eab00000)
  object space 173056K, 94% used [0x00000000c0000000,0x00000000c9ef55b8,0x00000000ca900000)
 Metaspace       used 76458K, capacity 80097K, committed 80384K, reserved 1120256K
  class space    used 7516K, capacity 8898K, committed 8960K, reserved 1048576K
}
Event: 13829.515 GC heap before
{Heap before GC invocations=2609 (full 45):
 PSYoungGen      total 5632K, used 5519K [0x00000000eab00000, 0x00000000eb480000, 0x0000000100000000)
  eden space 4096K, 100% used [0x00000000eab00000,0x00000000eaf00000,0x00000000eaf00000)
  from space 1536K, 92% used [0x00000000eb300000,0x00000000eb463c08,0x00000000eb480000)
  to   space 1536K, 0% used [0x00000000eb180000,0x00000000eb180000,0x00000000eb300000)
 ParOldGen       total 173056K, used 162773K [0x00000000c0000000, 0x00000000ca900000, 0x00000000eab00000)
  object space 173056K, 94% used [0x00000000c0000000,0x00000000c9ef55b8,0x00000000ca900000)
 Metaspace       used 76458K, capacity 80097K, committed 80384K, reserved 1120256K
  class space    used 7516K, capacity 8898K, committed 8960K, reserved 1048576K
}
Event: 13829.521 GC heap after
{Heap after GC invocations=2609 (full 45):
 PSYoungGen      total 5120K, used 791K [0x00000000eab00000, 0x00000000eb380000, 0x0000000100000000)
  eden space 4096K, 0% used [0x00000000eab00000,0x00000000eab00000,0x00000000eaf00000)
  from space 1024K, 77% used [0x00000000eb180000,0x00000000eb245e38,0x00000000eb280000)
  to   space 1024K, 0% used [0x00000000eb280000,0x00000000eb280000,0x00000000eb380000)
 ParOldGen       total 173056K, used 164161K [0x00000000c0000000, 0x00000000ca900000, 0x00000000eab00000)
  object space 173056K, 94% used [0x00000000c0000000,0x00000000ca050740,0x00000000ca900000)
 Metaspace       used 76458K, capacity 80097K, committed 80384K, reserved 1120256K
  class space    used 7516K, capacity 8898K, committed 8960K, reserved 1048576K
}
Event: 13829.576 GC heap before
{Heap before GC invocations=2610 (full 45):
 PSYoungGen      total 5120K, used 4887K [0x00000000eab00000, 0x00000000eb380000, 0x0000000100000000)
  eden space 4096K, 100% used [0x00000000eab00000,0x00000000eaf00000,0x00000000eaf00000)
  from space 1024K, 77% used [0x00000000eb180000,0x00000000eb245e38,0x00000000eb280000)
  to   space 1024K, 0% used [0x00000000eb280000,0x00000000eb280000,0x00000000eb380000)
 ParOldGen       total 173056K, used 164161K [0x00000000c0000000, 0x00000000ca900000, 0x00000000eab00000)
  object space 173056K, 94% used [0x00000000c0000000,0x00000000ca050740,0x00000000ca900000)
 Metaspace       used 76458K, capacity 80097K, committed 80384K, reserved 1120256K
  class space    used 7516K, capacity 8898K, committed 8960K, reserved 1048576K
}
Event: 13829.581 GC heap after
{Heap after GC invocations=2610 (full 45):
 PSYoungGen      total 5120K, used 1015K [0x00000000eab00000, 0x00000000eb400000, 0x0000000100000000)
  eden space 4096K, 0% used [0x00000000eab00000,0x00000000eab00000,0x00000000eaf00000)
  from space 1024K, 99% used [0x00000000eb280000,0x00000000eb37de38,0x00000000eb380000)
  to   space 2560K, 0% used [0x00000000eaf00000,0x00000000eaf00000,0x00000000eb180000)
 ParOldGen       total 173056K, used 165232K [0x00000000c0000000, 0x00000000ca900000, 0x00000000eab00000)
  object space 173056K, 95% used [0x00000000c0000000,0x00000000ca15c368,0x00000000ca900000)
 Metaspace       used 76458K, capacity 80097K, committed 80384K, reserved 1120256K
  class space    used 7516K, capacity 8898K, committed 8960K, reserved 1048576K
}
Event: 13829.656 GC heap before
{Heap before GC invocations=2611 (full 45):
 PSYoungGen      total 5120K, used 5111K [0x00000000eab00000, 0x00000000eb400000, 0x0000000100000000)
  eden space 4096K, 100% used [0x00000000eab00000,0x00000000eaf00000,0x00000000eaf00000)
  from space 1024K, 99% used [0x00000000eb280000,0x00000000eb37de38,0x00000000eb380000)
  to   space 2560K, 0% used [0x00000000eaf00000,0x00000000eaf00000,0x00000000eb180000)
 ParOldGen       total 173056K, used 165232K [0x00000000c0000000, 0x00000000ca900000, 0x00000000eab00000)
  object space 173056K, 95% used [0x00000000c0000000,0x00000000ca15c368,0x00000000ca900000)
 Metaspace       used 76458K, capacity 80097K, committed 80384K, reserved 1120256K
  class space    used 7516K, capacity 8898K, committed 8960K, reserved 1048576K
}
Event: 13829.659 GC heap after
{Heap after GC invocations=2611 (full 45):
 PSYoungGen      total 6656K, used 781K [0x00000000eab00000, 0x00000000eb300000, 0x0000000100000000)
  eden space 4096K, 0% used [0x00000000eab00000,0x00000000eab00000,0x00000000eaf00000)
  from space 2560K, 30% used [0x00000000eaf00000,0x00000000eafc3548,0x00000000eb180000)
  to   space 1536K, 0% used [0x00000000eb180000,0x00000000eb180000,0x00000000eb300000)
 ParOldGen       total 173056K, used 165620K [0x00000000c0000000, 0x00000000ca900000, 0x00000000eab00000)
  object space 173056K, 95% used [0x00000000c0000000,0x00000000ca1bd388,0x00000000ca900000)
 Metaspace       used 76458K, capacity 80097K, committed 80384K, reserved 1120256K
  class space    used 7516K, capacity 8898K, committed 8960K, reserved 1048576K
}
Event: 13829.715 GC heap before
{Heap before GC invocations=2612 (full 45):
 PSYoungGen      total 6656K, used 4877K [0x00000000eab00000, 0x00000000eb300000, 0x0000000100000000)
  eden space 4096K, 100% used [0x00000000eab00000,0x00000000eaf00000,0x00000000eaf00000)
  from space 2560K, 30% used [0x00000000eaf00000,0x00000000eafc3548,0x00000000eb180000)
  to   space 1536K, 0% used [0x00000000eb180000,0x00000000eb180000,0x00000000eb300000)
 ParOldGen       total 173056K, used 165620K [0x00000000c0000000, 0x00000000ca900000, 0x00000000eab00000)
  object space 173056K, 95% used [0x00000000c0000000,0x00000000ca1bd388,0x00000000ca900000)
 Metaspace       used 76458K, capacity 80097K, committed 80384K, reserved 1120256K
  class space    used 7516K, capacity 8898K, committed 8960K, reserved 1048576K
}
Event: 13829.717 GC heap after
{Heap after GC invocations=2612 (full 45):
 PSYoungGen      total 4608K, used 282K [0x00000000eab00000, 0x00000000eb200000, 0x0000000100000000)
  eden space 4096K, 0% used [0x00000000eab00000,0x00000000eab00000,0x00000000eaf00000)
  from space 512K, 55% used [0x00000000eb180000,0x00000000eb1c6900,0x00000000eb200000)
  to   space 1024K, 0% used [0x00000000eb000000,0x00000000eb000000,0x00000000eb100000)
 ParOldGen       total 173056K, used 165636K [0x00000000c0000000, 0x00000000ca900000, 0x00000000eab00000)
  object space 173056K, 95% used [0x00000000c0000000,0x00000000ca1c1388,0x00000000ca900000)
 Metaspace       used 76458K, capacity 80097K, committed 80384K, reserved 1120256K
  class space    used 7516K, capacity 8898K, committed 8960K, reserved 1048576K
}
Event: 13829.762 GC heap before
{Heap before GC invocations=2613 (full 45):
 PSYoungGen      total 4608K, used 4378K [0x00000000eab00000, 0x00000000eb200000, 0x0000000100000000)
  eden space 4096K, 100% used [0x00000000eab00000,0x00000000eaf00000,0x00000000eaf00000)
  from space 512K, 55% used [0x00000000eb180000,0x00000000eb1c6900,0x00000000eb200000)
  to   space 1024K, 0% used [0x00000000eb000000,0x00000000eb000000,0x00000000eb100000)
 ParOldGen       total 173056K, used 165636K [0x00000000c0000000, 0x00000000ca900000, 0x00000000eab00000)
  object space 173056K, 95% used [0x00000000c0000000,0x00000000ca1c1388,0x00000000ca900000)
 Metaspace       used 76458K, capacity 80097K, committed 80384K, reserved 1120256K
  class space    used 7516K, capacity 8898K, committed 8960K, reserved 1048576K
}
Event: 13829.764 GC heap after
{Heap after GC invocations=2613 (full 45):
 PSYoungGen      total 5120K, used 330K [0x00000000eab00000, 0x00000000eb200000, 0x0000000100000000)
  eden space 4096K, 0% used [0x00000000eab00000,0x00000000eab00000,0x00000000eaf00000)
  from space 1024K, 32% used [0x00000000eb000000,0x00000000eb052910,0x00000000eb100000)
  to   space 512K, 0% used [0x00000000eb180000,0x00000000eb180000,0x00000000eb200000)
 ParOldGen       total 173056K, used 165652K [0x00000000c0000000, 0x00000000ca900000, 0x00000000eab00000)
  object space 173056K, 95% used [0x00000000c0000000,0x00000000ca1c5388,0x00000000ca900000)
 Metaspace       used 76458K, capacity 80097K, committed 80384K, reserved 1120256K
  class space    used 7516K, capacity 8898K, committed 8960K, reserved 1048576K
}
Event: 13830.000 GC heap before
{Heap before GC invocations=2614 (full 45):
 PSYoungGen      total 5120K, used 4426K [0x00000000eab00000, 0x00000000eb200000, 0x0000000100000000)
  eden space 4096K, 100% used [0x00000000eab00000,0x00000000eaf00000,0x00000000eaf00000)
  from space 1024K, 32% used [0x00000000eb000000,0x00000000eb052910,0x00000000eb100000)
  to   space 512K, 0% used [0x00000000eb180000,0x00000000eb180000,0x00000000eb200000)
 ParOldGen       total 173056K, used 165652K [0x00000000c0000000, 0x00000000ca900000, 0x00000000eab00000)
  object space 173056K, 95% used [0x00000000c0000000,0x00000000ca1c5388,0x00000000ca900000)
 Metaspace       used 76458K, capacity 80097K, committed 80384K, reserved 1120256K
  class space    used 7516K, capacity 8898K, committed 8960K, reserved 1048576K
}
Event: 13830.005 GC heap after
{Heap after GC invocations=2614 (full 45):
 PSYoungGen      total 4096K, used 490K [0x00000000eab00000, 0x00000000eb500000, 0x0000000100000000)
  eden space 3584K, 0% used [0x00000000eab00000,0x00000000eab00000,0x00000000eae80000)
  from space 512K, 95% used [0x00000000eb180000,0x00000000eb1fa8b8,0x00000000eb200000)
  to   space 3072K, 0% used [0x00000000eae80000,0x00000000eae80000,0x00000000eb180000)
 ParOldGen       total 173056K, used 167684K [0x00000000c0000000, 0x00000000ca900000, 0x00000000eab00000)
  object space 173056K, 96% used [0x00000000c0000000,0x00000000ca3c1340,0x00000000ca900000)
 Metaspace       used 76458K, capacity 80097K, committed 80384K, reserved 1120256K
  class space    used 7516K, capacity 8898K, committed 8960K, reserved 1048576K
}
Event: 13830.046 GC heap before
{Heap before GC invocations=2615 (full 45):
 PSYoungGen      total 4096K, used 4074K [0x00000000eab00000, 0x00000000eb500000, 0x0000000100000000)
  eden space 3584K, 100% used [0x00000000eab00000,0x00000000eae80000,0x00000000eae80000)
  from space 512K, 95% used [0x00000000eb180000,0x00000000eb1fa8b8,0x00000000eb200000)
  to   space 3072K, 0% used [0x00000000eae80000,0x00000000eae80000,0x00000000eb180000)
 ParOldGen       total 173056K, used 167684K [0x00000000c0000000, 0x00000000ca900000, 0x00000000eab00000)
  object space 173056K, 96% used [0x00000000c0000000,0x00000000ca3c1340,0x00000000ca900000)
 Metaspace       used 76458K, capacity 80097K, committed 80384K, reserved 1120256K
  class space    used 7516K, capacity 8898K, committed 8960K, reserved 1048576K
}
Event: 13830.053 GC heap after
{Heap after GC invocations=2615 (full 45):
 PSYoungGen      total 6656K, used 3072K [0x00000000eab00000, 0x00000000eb780000, 0x0000000100000000)
  eden space 3584K, 0% used [0x00000000eab00000,0x00000000eab00000,0x00000000eae80000)
  from space 3072K, 100% used [0x00000000eae80000,0x00000000eb180000,0x00000000eb180000)
  to   space 4608K, 0% used [0x00000000eb300000,0x00000000eb300000,0x00000000eb780000)
 ParOldGen       total 173056K, used 168417K [0x00000000c0000000, 0x00000000ca900000, 0x00000000eab00000)
  object space 173056K, 97% used [0x00000000c0000000,0x00000000ca4784f8,0x00000000ca900000)
 Metaspace       used 76458K, capacity 80097K, committed 80384K, reserved 1120256K
  class space    used 7516K, capacity 8898K, committed 8960K, reserved 1048576K
}
Event: 13830.116 GC heap before
{Heap before GC invocations=2616 (full 45):
 PSYoungGen      total 6656K, used 6656K [0x00000000eab00000, 0x00000000eb780000, 0x0000000100000000)
  eden space 3584K, 100% used [0x00000000eab00000,0x00000000eae80000,0x00000000eae80000)
  from space 3072K, 100% used [0x00000000eae80000,0x00000000eb180000,0x00000000eb180000)
  to   space 4608K, 0% used [0x00000000eb300000,0x00000000eb300000,0x00000000eb780000)
 ParOldGen       total 173056K, used 168417K [0x00000000c0000000, 0x00000000ca900000, 0x00000000eab00000)
  object space 173056K, 97% used [0x00000000c0000000,0x00000000ca4784f8,0x00000000ca900000)
 Metaspace       used 76458K, capacity 80097K, committed 80384K, reserved 1120256K
  class space    used 7516K, capacity 8898K, committed 8960K, reserved 1048576K
}
Event: 13830.127 GC heap after
{Heap after GC invocations=2616 (full 45):
 PSYoungGen      total 6144K, used 2356K [0x00000000eab00000, 0x00000000eb580000, 0x0000000100000000)
  eden space 3584K, 0% used [0x00000000eab00000,0x00000000eab00000,0x00000000eae80000)
  from space 2560K, 92% used [0x00000000eb300000,0x00000000eb54d200,0x00000000eb580000)
  to   space 3072K, 0% used [0x00000000eaf80000,0x00000000eaf80000,0x00000000eb280000)
 ParOldGen       total 173056K, used 171537K [0x00000000c0000000, 0x00000000ca900000, 0x00000000eab00000)
  object space 173056K, 99% used [0x00000000c0000000,0x00000000ca7844f8,0x00000000ca900000)
 Metaspace       used 76458K, capacity 80097K, committed 80384K, reserved 1120256K
  class space    used 7516K, capacity 8898K, committed 8960K, reserved 1048576K
}
Event: 13830.127 GC heap before
{Heap before GC invocations=2617 (full 46):
 PSYoungGen      total 6144K, used 2356K [0x00000000eab00000, 0x00000000eb580000, 0x0000000100000000)
  eden space 3584K, 0% used [0x00000000eab00000,0x00000000eab00000,0x00000000eae80000)
  from space 2560K, 92% used [0x00000000eb300000,0x00000000eb54d200,0x00000000eb580000)
  to   space 3072K, 0% used [0x00000000eaf80000,0x00000000eaf80000,0x00000000eb280000)
 ParOldGen       total 173056K, used 171537K [0x00000000c0000000, 0x00000000ca900000, 0x00000000eab00000)
  object space 173056K, 99% used [0x00000000c0000000,0x00000000ca7844f8,0x00000000ca900000)
 Metaspace       used 76458K, capacity 80097K, committed 80384K, reserved 1120256K
  class space    used 7516K, capacity 8898K, committed 8960K, reserved 1048576K
}

Deoptimization events (20 events):
Event: 13813.898 Thread 0x0000021ff515d000 Uncommon trap: trap_request=0xffffffcc fr.pc=0x0000021feb002404 relative=0x00000000000003c4
Event: 13813.898 Thread 0x0000021ff515d000 Uncommon trap: reason=intrinsic_or_type_checked_inlining action=make_not_entrant pc=0x0000021feb002404 method=org.eclipse.jdt.internal.compiler.parser.Parser.consumeClassHeaderImplements()V @ 61 c2
Event: 13813.898 Thread 0x0000021ff515d000 DEOPT PACKING pc=0x0000021feb002404 sp=0x0000007898ffd240
Event: 13813.898 Thread 0x0000021ff515d000 DEOPT UNPACKING pc=0x0000021fe266912f sp=0x0000007898ffd1c8 mode 2
Event: 13817.609 Thread 0x0000021ff515d000 Uncommon trap: trap_request=0xffffffd6 fr.pc=0x0000021feb009f70 relative=0x0000000000001e70
Event: 13817.609 Thread 0x0000021ff515d000 Uncommon trap: reason=array_check action=maybe_recompile pc=0x0000021feb009f70 method=java.util.TimSort.mergeLo(IIII)V @ 590 c2
Event: 13817.609 Thread 0x0000021ff515d000 DEOPT PACKING pc=0x0000021feb009f70 sp=0x0000007898ffd910
Event: 13817.609 Thread 0x0000021ff515d000 DEOPT UNPACKING pc=0x0000021fe266912f sp=0x0000007898ffd8d0 mode 2
Event: 13817.645 Thread 0x0000021ff515d000 Uncommon trap: trap_request=0xffffffd6 fr.pc=0x0000021feb009f70 relative=0x0000000000001e70
Event: 13817.645 Thread 0x0000021ff515d000 Uncommon trap: reason=array_check action=maybe_recompile pc=0x0000021feb009f70 method=java.util.TimSort.mergeLo(IIII)V @ 590 c2
Event: 13817.645 Thread 0x0000021ff515d000 DEOPT PACKING pc=0x0000021feb009f70 sp=0x0000007898ffda50
Event: 13817.645 Thread 0x0000021ff515d000 DEOPT UNPACKING pc=0x0000021fe266912f sp=0x0000007898ffda10 mode 2
Event: 13829.108 Thread 0x0000021ff515d000 Uncommon trap: trap_request=0xffffffcc fr.pc=0x0000021feb05558c relative=0x00000000000003cc
Event: 13829.108 Thread 0x0000021ff515d000 Uncommon trap: reason=intrinsic_or_type_checked_inlining action=make_not_entrant pc=0x0000021feb05558c method=org.eclipse.jdt.internal.compiler.parser.Parser.consumeInterfaceHeaderExtends()V @ 61 c2
Event: 13829.108 Thread 0x0000021ff515d000 DEOPT PACKING pc=0x0000021feb05558c sp=0x0000007898ffd910
Event: 13829.109 Thread 0x0000021ff515d000 DEOPT UNPACKING pc=0x0000021fe266912f sp=0x0000007898ffd898 mode 2
Event: 13829.339 Thread 0x0000021ff515c800 Uncommon trap: trap_request=0xffffffe4 fr.pc=0x0000021feb05689c relative=0x000000000000017c
Event: 13829.339 Thread 0x0000021ff515c800 Uncommon trap: reason=range_check action=make_not_entrant pc=0x0000021feb05689c method=org.eclipse.jdt.core.dom.ASTConverter.getPrimitiveTypeCode([C)Lorg/eclipse/jdt/core/dom/PrimitiveType$Code; @ 2 c2
Event: 13829.339 Thread 0x0000021ff515c800 DEOPT PACKING pc=0x0000021feb05689c sp=0x0000007898efd430
Event: 13829.339 Thread 0x0000021ff515c800 DEOPT UNPACKING pc=0x0000021fe266912f sp=0x0000007898efd3b8 mode 2

Classes unloaded (20 events):
Event: 12749.748 Thread 0x0000021ff3f9f000 Unloading class 0x0000000800c0d040 'java/lang/invoke/LambdaForm$MH'
Event: 12749.748 Thread 0x0000021ff3f9f000 Unloading class 0x0000000800c0dc40 'java/lang/invoke/LambdaForm$MH'
Event: 12749.748 Thread 0x0000021ff3f9f000 Unloading class 0x0000000800c0d840 'java/lang/invoke/LambdaForm$MH'
Event: 12749.748 Thread 0x0000021ff3f9f000 Unloading class 0x0000000800c0e440 'java/lang/invoke/LambdaForm$MH'
Event: 12749.748 Thread 0x0000021ff3f9f000 Unloading class 0x0000000800c0e040 'java/lang/invoke/LambdaForm$MH'
Event: 12749.748 Thread 0x0000021ff3f9f000 Unloading class 0x0000000800c0ec40 'java/lang/invoke/LambdaForm$MH'
Event: 12749.748 Thread 0x0000021ff3f9f000 Unloading class 0x0000000800c0f440 'java/lang/invoke/LambdaForm$MH'
Event: 12749.748 Thread 0x0000021ff3f9f000 Unloading class 0x0000000800c0f040 'java/lang/invoke/LambdaForm$MH'
Event: 12749.748 Thread 0x0000021ff3f9f000 Unloading class 0x0000000800bba040 'jdk/internal/reflect/GeneratedConstructorAccessor2'
Event: 12749.748 Thread 0x0000021ff3f9f000 Unloading class 0x0000000800bbd040 'jdk/internal/reflect/GeneratedMethodAccessor5'
Event: 12749.748 Thread 0x0000021ff3f9f000 Unloading class 0x0000000800bbdc40 'jdk/internal/reflect/GeneratedMethodAccessor4'
Event: 12749.749 Thread 0x0000021ff3f9f000 Unloading class 0x0000000800bbd840 'jdk/internal/reflect/GeneratedMethodAccessor3'
Event: 12749.749 Thread 0x0000021ff3f9f000 Unloading class 0x0000000800bbe440 'jdk/internal/reflect/GeneratedMethodAccessor2'
Event: 12749.749 Thread 0x0000021ff3f9f000 Unloading class 0x0000000800bbe040 'jdk/internal/reflect/GeneratedMethodAccessor1'
Event: 12749.749 Thread 0x0000021ff3f9f000 Unloading class 0x0000000800bb9040 'java/lang/invoke/LambdaForm$DMH'
Event: 12749.749 Thread 0x0000021ff3f9f000 Unloading class 0x0000000800bb8440 'java/lang/invoke/LambdaForm$DMH'
Event: 12749.749 Thread 0x0000021ff3f9f000 Unloading class 0x0000000800b98040 'jdk/internal/reflect/GeneratedConstructorAccessor1'
Event: 13051.246 Thread 0x0000021ff3f9f000 Unloading class 0x000000080139a440 'org/eclipse/jdt/ls/core/internal/handlers/CompletionResolveHandler$$Lambda$565'
Event: 13736.615 Thread 0x0000021ff3f9f000 Unloading class 0x0000000801376840 'jdk/internal/reflect/GeneratedConstructorAccessor44'
Event: 13736.615 Thread 0x0000021ff3f9f000 Unloading class 0x0000000801372040 'jdk/internal/reflect/GeneratedConstructorAccessor36'

Classes redefined (0 events):
No events

Internal exceptions (20 events):
Event: 13333.966 Thread 0x0000021ff8ed2000 Implicit null exception at 0x0000021fe44bc47f to 0x0000021fe44c1852
Event: 13333.966 Thread 0x0000021ff8ed2000 Exception <a 'java/lang/NullPointerException'{0x00000000eab53e58}> (0x00000000eab53e58) 
thrown [./open/src/hotspot/share/runtime/sharedRuntime.cpp, line 584]
Event: 13333.966 Thread 0x0000021ff8ed2000 Implicit null exception at 0x0000021fe44bc47f to 0x0000021fe44c1852
Event: 13333.966 Thread 0x0000021ff8ed2000 Exception <a 'java/lang/NullPointerException'{0x00000000eab54518}> (0x00000000eab54518) 
thrown [./open/src/hotspot/share/runtime/sharedRuntime.cpp, line 584]
Event: 13333.966 Thread 0x0000021ff8ed2000 Implicit null exception at 0x0000021fe44bc47f to 0x0000021fe44c1852
Event: 13333.966 Thread 0x0000021ff8ed2000 Exception <a 'java/lang/NullPointerException'{0x00000000eab547f8}> (0x00000000eab547f8) 
thrown [./open/src/hotspot/share/runtime/sharedRuntime.cpp, line 584]
Event: 13333.966 Thread 0x0000021ff8ed2000 Implicit null exception at 0x0000021fe44bc47f to 0x0000021fe44c1852
Event: 13333.966 Thread 0x0000021ff8ed2000 Exception <a 'java/lang/NullPointerException'{0x00000000eab54ad8}> (0x00000000eab54ad8) 
thrown [./open/src/hotspot/share/runtime/sharedRuntime.cpp, line 584]
Event: 13757.121 Thread 0x0000021ff5159000 Implicit null exception at 0x0000021fe44bc47f to 0x0000021fe44c1852
Event: 13757.121 Thread 0x0000021ff5159000 Exception <a 'java/lang/NullPointerException'{0x00000000eabf52e8}> (0x00000000eabf52e8) 
thrown [./open/src/hotspot/share/runtime/sharedRuntime.cpp, line 584]
Event: 13757.121 Thread 0x0000021ff5159000 Implicit null exception at 0x0000021fe44bc47f to 0x0000021fe44c1852
Event: 13757.121 Thread 0x0000021ff5159000 Exception <a 'java/lang/NullPointerException'{0x00000000eabf55c8}> (0x00000000eabf55c8) 
thrown [./open/src/hotspot/share/runtime/sharedRuntime.cpp, line 584]
Event: 13757.121 Thread 0x0000021ff5159000 Implicit null exception at 0x0000021fe44bc47f to 0x0000021fe44c1852
Event: 13757.121 Thread 0x0000021ff5159000 Exception <a 'java/lang/NullPointerException'{0x00000000eabf58a8}> (0x00000000eabf58a8) 
thrown [./open/src/hotspot/share/runtime/sharedRuntime.cpp, line 584]
Event: 13757.121 Thread 0x0000021ff5159000 Implicit null exception at 0x0000021fe44bc47f to 0x0000021fe44c1852
Event: 13757.121 Thread 0x0000021ff5159000 Exception <a 'java/lang/NullPointerException'{0x00000000eabf61c0}> (0x00000000eabf61c0) 
thrown [./open/src/hotspot/share/runtime/sharedRuntime.cpp, line 584]
Event: 13757.121 Thread 0x0000021ff5159000 Implicit null exception at 0x0000021fe44bc47f to 0x0000021fe44c1852
Event: 13757.121 Thread 0x0000021ff5159000 Exception <a 'java/lang/NullPointerException'{0x00000000eabf64a0}> (0x00000000eabf64a0) 
thrown [./open/src/hotspot/share/runtime/sharedRuntime.cpp, line 584]
Event: 13757.122 Thread 0x0000021ff5159000 Implicit null exception at 0x0000021fe44bc47f to 0x0000021fe44c1852
Event: 13757.122 Thread 0x0000021ff5159000 Exception <a 'java/lang/NullPointerException'{0x00000000eabf6780}> (0x00000000eabf6780) 
thrown [./open/src/hotspot/share/runtime/sharedRuntime.cpp, line 584]

Events (20 events):
Event: 13829.254 Executing VM operation: ParallelGCFailedAllocation done
Event: 13829.297 Executing VM operation: ParallelGCFailedAllocation
Event: 13829.300 Executing VM operation: ParallelGCFailedAllocation done
Event: 13829.344 Executing VM operation: ParallelGCFailedAllocation
Event: 13829.349 Executing VM operation: ParallelGCFailedAllocation done
Event: 13829.515 Executing VM operation: ParallelGCFailedAllocation
Event: 13829.522 Executing VM operation: ParallelGCFailedAllocation done
Event: 13829.576 Executing VM operation: ParallelGCFailedAllocation
Event: 13829.581 Executing VM operation: ParallelGCFailedAllocation done
Event: 13829.655 Executing VM operation: ParallelGCFailedAllocation
Event: 13829.660 Executing VM operation: ParallelGCFailedAllocation done
Event: 13829.714 Executing VM operation: ParallelGCFailedAllocation
Event: 13829.717 Executing VM operation: ParallelGCFailedAllocation done
Event: 13829.761 Executing VM operation: ParallelGCFailedAllocation
Event: 13829.764 Executing VM operation: ParallelGCFailedAllocation done
Event: 13830.000 Executing VM operation: ParallelGCFailedAllocation
Event: 13830.005 Executing VM operation: ParallelGCFailedAllocation done
Event: 13830.046 Executing VM operation: ParallelGCFailedAllocation
Event: 13830.053 Executing VM operation: ParallelGCFailedAllocation done
Event: 13830.116 Executing VM operation: ParallelGCFailedAllocation


Dynamic libraries:
0x00007ff737370000 - 0x00007ff73737f000 	C:\Program Files\Java\jdk-14.0.2\bin\java.exe
0x00007fffeba40000 - 0x00007fffebc21000 	C:\Windows\SYSTEM32\ntdll.dll
0x00007fffeaf40000 - 0x00007fffeaff2000 	C:\Windows\System32\KERNEL32.DLL
0x00007fffe8350000 - 0x00007fffe85c3000 	C:\Windows\System32\KERNELBASE.dll
0x00007fffe8250000 - 0x00007fffe834a000 	C:\Windows\System32\ucrtbase.dll
0x00007fffe46c0000 - 0x00007fffe46d8000 	C:\Program Files\Java\jdk-14.0.2\bin\jli.dll
0x00007fffe4150000 - 0x00007fffe4165000 	C:\Program Files\Java\jdk-14.0.2\bin\VCRUNTIME140.dll
0x00007fffeb0b0000 - 0x00007fffeb151000 	C:\Windows\System32\ADVAPI32.dll
0x00007fffeb420000 - 0x00007fffeb4be000 	C:\Windows\System32\msvcrt.dll
0x00007fffea5c0000 - 0x00007fffea61b000 	C:\Windows\System32\sechost.dll
0x00007fffeb5b0000 - 0x00007fffeb6d4000 	C:\Windows\System32\RPCRT4.dll
0x00007fffea620000 - 0x00007fffea7b0000 	C:\Windows\System32\USER32.dll
0x00007fffe8dd0000 - 0x00007fffe8df0000 	C:\Windows\System32\win32u.dll
0x00007fffeb160000 - 0x00007fffeb188000 	C:\Windows\System32\GDI32.dll
0x00007fffe80b0000 - 0x00007fffe8242000 	C:\Windows\System32\gdi32full.dll
0x00007fffe8d30000 - 0x00007fffe8dcf000 	C:\Windows\System32\msvcp_win.dll
0x00007fffc0f50000 - 0x00007fffc11b9000 	C:\Windows\WinSxS\amd64_microsoft.windows.common-controls_6595b64144ccf1df_6.0.17133.1_none_e4d992df105abfa4\COMCTL32.dll
0x00007fffeb6e0000 - 0x00007fffeba03000 	C:\Windows\System32\combase.dll
0x00007fffe8df0000 - 0x00007fffe8e6a000 	C:\Windows\System32\bcryptPrimitives.dll
0x00007fffdced0000 - 0x00007fffdceda000 	C:\Windows\SYSTEM32\VERSION.dll
0x00007fffeb000000 - 0x00007fffeb02d000 	C:\Windows\System32\IMM32.DLL
0x00007fffaaea0000 - 0x00007fffaaf3b000 	C:\Program Files\Java\jdk-14.0.2\bin\msvcp140.dll
0x00007fff9c700000 - 0x00007fff9d21e000 	C:\Program Files\Java\jdk-14.0.2\bin\server\jvm.dll
0x00007fffeaa60000 - 0x00007fffeaa68000 	C:\Windows\System32\PSAPI.DLL
0x00007fffe1260000 - 0x00007fffe1269000 	C:\Windows\SYSTEM32\WSOCK32.dll
0x00007fffeb030000 - 0x00007fffeb09c000 	C:\Windows\System32\WS2_32.dll
0x00007fffe5aa0000 - 0x00007fffe5ac3000 	C:\Windows\SYSTEM32\WINMM.dll
0x00007fffe5a70000 - 0x00007fffe5a9a000 	C:\Windows\SYSTEM32\WINMMBASE.dll
0x00007fffe8ce0000 - 0x00007fffe8d29000 	C:\Windows\System32\cfgmgr32.dll
0x00007fffe7dc0000 - 0x00007fffe7dd1000 	C:\Windows\System32\kernel.appcore.dll
0x00007fffe1140000 - 0x00007fffe114a000 	C:\Program Files\Java\jdk-14.0.2\bin\jimage.dll
0x00007fffb1760000 - 0x00007fffb1929000 	C:\Windows\SYSTEM32\DBGHELP.DLL
0x00007fff9f4d0000 - 0x00007fff9f4f9000 	C:\Windows\SYSTEM32\dbgcore.DLL
0x00007fffdd3b0000 - 0x00007fffdd3d5000 	C:\Program Files\Java\jdk-14.0.2\bin\java.dll
0x00007fffe1000000 - 0x00007fffe1016000 	C:\Program Files\Java\jdk-14.0.2\bin\zip.dll
0x00007fffe9070000 - 0x00007fffea4b0000 	C:\Windows\System32\SHELL32.dll
0x00007fffea4b0000 - 0x00007fffea559000 	C:\Windows\System32\shcore.dll
0x00007fffe85d0000 - 0x00007fffe8cdd000 	C:\Windows\System32\windows.storage.dll
0x00007fffeb240000 - 0x00007fffeb291000 	C:\Windows\System32\shlwapi.dll
0x00007fffe7da0000 - 0x00007fffe7dbf000 	C:\Windows\System32\profapi.dll
0x00007fffe7d50000 - 0x00007fffe7d9c000 	C:\Windows\System32\powrprof.dll
0x00007fffe7de0000 - 0x00007fffe7dea000 	C:\Windows\System32\FLTLIB.DLL
0x00007fffdd930000 - 0x00007fffdd949000 	C:\Program Files\Java\jdk-14.0.2\bin\net.dll
0x00007fffdff50000 - 0x00007fffe002d000 	C:\Windows\SYSTEM32\WINHTTP.dll
0x00007fffe75d0000 - 0x00007fffe7636000 	C:\Windows\system32\mswsock.dll
0x00007fffdd390000 - 0x00007fffdd3a2000 	C:\Program Files\Java\jdk-14.0.2\bin\nio.dll
0x00007fffe7780000 - 0x00007fffe7797000 	C:\Windows\SYSTEM32\CRYPTSP.dll
0x00007fffe71b0000 - 0x00007fffe71e3000 	C:\Windows\system32\rsaenh.dll
0x00007fffe78b0000 - 0x00007fffe78d5000 	C:\Windows\SYSTEM32\bcrypt.dll
0x00007fffe7c80000 - 0x00007fffe7ca8000 	C:\Windows\SYSTEM32\USERENV.dll
0x00007fffe77a0000 - 0x00007fffe77ab000 	C:\Windows\SYSTEM32\CRYPTBASE.dll
0x00007fffe7350000 - 0x00007fffe7388000 	C:\Windows\SYSTEM32\IPHLPAPI.DLL
0x00007fffeb0a0000 - 0x00007fffeb0a8000 	C:\Windows\System32\NSI.dll
0x00007fffe0e60000 - 0x00007fffe0e76000 	C:\Windows\SYSTEM32\dhcpcsvc6.DLL
0x00007fffe0b80000 - 0x00007fffe0b9a000 	C:\Windows\SYSTEM32\dhcpcsvc.DLL
0x00007fffda0e0000 - 0x00007fffda11e000 	C:\Users\home\AppData\Roaming\Code\User\globalStorage\redhat.java\0.80.0\config_win\org.eclipse.equinox.launcher\org.eclipse.equinox.launcher.win32.win32.x86_64_1.2.300.v20210617-0451\eclipse_11502.dll
0x00007fffe1130000 - 0x00007fffe1140000 	C:\Program Files\Java\jdk-14.0.2\bin\verify.dll
0x00007fffdd2f0000 - 0x00007fffdd301000 	C:\Users\home\AppData\Roaming\Code\User\globalStorage\redhat.java\0.80.0\config_win\org.eclipse.osgi\23\0\.cp\jWinHttp-1.0.0.dll
0x00007fffea8e0000 - 0x00007fffeaa31000 	C:\Windows\System32\ole32.dll
0x00007fffc2000000 - 0x00007fffc2025000 	C:\Program Files\Java\jdk-14.0.2\bin\sunec.dll

dbghelp: loaded successfully - version: 4.0.5 - missing functions: none
symbol engine: initialized successfully - sym options: 0x614 - pdb path: .;C:\Program Files\Java\jdk-14.0.2\bin;C:\Windows\SYSTEM32;C:\Windows\WinSxS\amd64_microsoft.windows.common-controls_6595b64144ccf1df_6.0.17133.1_none_e4d992df105abfa4;C:\Program Files\Java\jdk-14.0.2\bin\server;C:\Users\home\AppData\Roaming\Code\User\globalStorage\redhat.java\0.80.0\config_win\org.eclipse.equinox.launcher\org.eclipse.equinox.launcher.win32.win32.x86_64_1.2.300.v20210617-0451;C:\Users\home\AppData\Roaming\Code\User\globalStorage\redhat.java\0.80.0\config_win\org.eclipse.osgi\23\0\.cp

VM Arguments:
jvm_args: --add-modules=ALL-SYSTEM --add-opens=java.base/java.util=ALL-UNNAMED --add-opens=java.base/java.lang=ALL-UNNAMED -Declipse.application=org.eclipse.jdt.ls.core.id1 -Dosgi.bundles.defaultStartLevel=4 -Declipse.product=org.eclipse.jdt.ls.core.product -Dfile.encoding=utf8 -DwatchParentProcess=false -XX:+UseParallelGC -XX:GCTimeRatio=4 -XX:AdaptiveSizePolicyWeight=90 -Dsun.zip.disableMemoryMapping=true -Xmx1G -Xms100m 
java_command: c:\Users\home\.vscode\extensions\redhat.java-0.80.0\server\plugins\org.eclipse.equinox.launcher_1.6.200.v20210416-2027.jar -configuration c:\Users\home\AppData\Roaming\Code\User\globalStorage\redhat.java\0.80.0\config_win -data c:\Users\home\AppData\Roaming\Code\User\workspaceStorage\241be999a8395db7aadbd350242fa534\redhat.java\jdt_ws
java_class_path (initial): c:\Users\home\.vscode\extensions\redhat.java-0.80.0\server\plugins\org.eclipse.equinox.launcher_1.6.200.v20210416-2027.jar
Launcher Type: SUN_STANDARD

[Global flags]
    uintx AdaptiveSizePolicyWeight                 = 90                                        {product} {command line}
     intx CICompilerCount                          = 3                                         {product} {ergonomic}
    uintx GCTimeRatio                              = 4                                         {product} {command line}
   size_t InitialHeapSize                          = 104857600                                 {product} {command line}
   size_t MaxHeapSize                              = 1073741824                                {product} {command line}
   size_t MaxNewSize                               = 357564416                                 {product} {ergonomic}
   size_t MinHeapDeltaBytes                        = 524288                                    {product} {ergonomic}
   size_t MinHeapSize                              = 104857600                                 {product} {command line}
   size_t NewSize                                  = 34603008                                  {product} {ergonomic}
    uintx NonNMethodCodeHeapSize                   = 5832780                                {pd product} {ergonomic}
    uintx NonProfiledCodeHeapSize                  = 122912730                              {pd product} {ergonomic}
   size_t OldSize                                  = 70254592                                  {product} {ergonomic}
    uintx ProfiledCodeHeapSize                     = 122912730                              {pd product} {ergonomic}
    uintx ReservedCodeCacheSize                    = 251658240                              {pd product} {ergonomic}
     bool SegmentedCodeCache                       = true                                      {product} {ergonomic}
   size_t SoftMaxHeapSize                          = 1073741824                             {manageable} {ergonomic}
     bool UseCompressedClassPointers               = true                                 {lp64_product} {ergonomic}
     bool UseCompressedOops                        = true                                 {lp64_product} {ergonomic}
     bool UseLargePagesIndividualAllocation        = false                                  {pd product} {ergonomic}
     bool UseParallelGC                            = true                                      {product} {command line}

Logging:
Log output configuration:
 #0: stdout all=warning uptime,level,tags
 #1: stderr all=off uptime,level,tags

Environment Variables:
PATH=C:\Program Files\Microsoft MPI\Bin\;C:\Program Files\Common Files\Oracle\Java\javapath;C:\Windows\system32;C:\Windows;C:\Windows\System32\Wbem;C:\Windows\System32\WindowsPowerShell\v1.0\;C:\Windows\System32\OpenSSH\;C:\Program Files\Git\cmd;C:\Program Files (x86)\Microsoft SQL Server\150\DTS\Binn\;C:\Program Files\Azure Data Studio\bin;C:\Program Files (x86)\Microsoft SQL Server\110\Tools\Binn\;C:\Program Files\Microsoft SQL Server\110\Tools\Binn\;C:\Program Files\Microsoft SQL Server\110\DTS\Binn\;C:\Program Files (x86)\Microsoft SQL Server\110\Tools\Binn\ManagementStudio\;C:\Program Files (x86)\Microsoft Visual Studio 10.0\Common7\IDE\PrivateAssemblies\;C:\Program Files (x86)\Microsoft SQL Server\110\DTS\Binn\;C:\Program Files\Microsoft SQL Server\Client SDK\ODBC\170\Tools\Binn\;C:\Program Files (x86)\Microsoft SQL Server\150\Tools\Binn\;C:\Program Files\Microsoft SQL Server\150\Tools\Binn\;C:\Program Files\Microsoft SQL Server\150\DTS\Binn\;C:\Users\home\AppData\Local\Microsoft\WindowsApps;C:\Program Files\heroku\bin;C:\Users\home\AppData\Local\Programs\Microsoft VS Code\bin;C:\Program Files\Azure Data Studio\bin
USERNAME=home
OS=Windows_NT
PROCESSOR_IDENTIFIER=Intel64 Family 6 Model 58 Stepping 9, GenuineIntel



---------------  S Y S T E M  ---------------

OS: Windows 10 , 64 bit Build 17133 (10.0.17133.1)
OS uptime: 0 days 6:43 hours

CPU:total 4 (initial active 4) (2 cores per cpu, 2 threads per core) family 6 model 58 stepping 9, cmov, cx8, fxsr, mmx, sse, sse2, sse3, ssse3, sse4.1, sse4.2, popcnt, avx, clmul, erms, ht, tsc, tscinvbit, tscinv

Memory: 4k page, system-wide physical 3932M (520M free)
TotalPageFile size 8866M (AvailPageFile size 2222M)
current process WorkingSet (physical memory assigned to process): 417M, peak: 442M
current process commit charge ("private bytes"): 462M, peak: 498M

vm_info: Java HotSpot(TM) 64-Bit Server VM (14.0.2+12-46) for windows-amd64 JRE (14.0.2+12-46), built on Jul  9 2020 00:35:52 by "mach5one" with MS VC++ 15.9 (VS2017)

END.
