#
# A fatal error has been detected by the Java Runtime Environment:
#
#  EXCEPTION_ACCESS_VIOLATION (0xc0000005) at pc=0x00007ffffae9d9aa, pid=2220, tid=9016
#
# JRE version: Java(TM) SE Runtime Environment (14.0.2+12) (build 14.0.2+12-46)
# Java VM: Java HotSpot(TM) 64-Bit Server VM (14.0.2+12-46, mixed mode, sharing, tiered, compressed oops, g1 gc, windows-amd64)
# Problematic frame:
# V  [jvm.dll+0x29d9aa]
#
# No core dump will be written. Minidumps are not enabled by default on client versions of Windows
#
# If you would like to submit a bug report, please visit:
#   https://bugreport.java.com/bugreport/crash.jsp
#

---------------  S U M M A R Y ------------

Command Line: -XX:+ShowCodeDetailsInExceptionMessages -Dfile.encoding=UTF-8 br.com.focusInformatica.mobile.MobileApplication

Host: Intel(R) Core(TM) i3-3217U CPU @ 1.80GHz, 4 cores, 3G,  Windows 10 , 64 bit Build 17133 (10.0.17133.1)
Time: Fri Jul 30 09:47:07 2021 Hora Padrão de Buenos Aires elapsed time: 639 seconds (0d 0h 10m 39s)

---------------  T H R E A D  ---------------

Current thread (0x000002ba7d976800):  GCTaskThread "GC Thread#1" [stack: 0x000000f968d00000,0x000000f968e00000] [id=9016]

Stack: [0x000000f968d00000,0x000000f968e00000],  sp=0x000000f968dff1f0,  free space=1020k
Native frames: (J=compiled Java code, j=interpreted, Vv=VM code, C=native code)
V  [jvm.dll+0x29d9aa]
V  [jvm.dll+0x2c76bb]
V  [jvm.dll+0x2d4a87]
V  [jvm.dll+0x2d68cc]
V  [jvm.dll+0x2d5120]
V  [jvm.dll+0x2d6511]
V  [jvm.dll+0x2a45b5]
V  [jvm.dll+0x2a5dd7]
V  [jvm.dll+0x76ec00]
V  [jvm.dll+0x6ffeda]
V  [jvm.dll+0x5f78f6]
C  [ucrtbase.dll+0x1c1ae]
C  [KERNEL32.DLL+0x13034]
C  [ntdll.dll+0x71551]


siginfo: EXCEPTION_ACCESS_VIOLATION (0xc0000005), reading address 0x0000000000400000


Register to memory mapping:

RIP=0x00007ffffae9d9aa jvm.dll
RAX=0x0 is NULL
RBX=0x00000000c50de5e8 is pointing into object: [Lorg.springframework.util.ConcurrentReferenceHashMap$Reference; 
{0x00000000c50de500} - klass: 'org/springframework/util/ConcurrentReferenceHashMap$Reference'[]
 - length: 64
RCX=0x0000000000000014 is an unknown value
RDX=0x0 is NULL
RSP=0x000000f968dff1f0 points into unknown readable memory: b8 6a 00 00 00 00 00 00
RBP=0x000002ba77eb6b00 points into unknown readable memory: ff ff ff ff ff ff ff ff
RSI=0x000002ba0f26e1a0 points into unknown readable memory: 28 12 45 fb ff 7f 00 00
RDI=0x000002ba0f26e1a0 points into unknown readable memory: 28 12 45 fb ff 7f 00 00
R8 =0x0000000000400000 is an unknown value
R9 =0x00000000c50de500 is an oop: [Lorg.springframework.util.ConcurrentReferenceHashMap$Reference; 
{0x00000000c50de500} - klass: 'org/springframework/util/ConcurrentReferenceHashMap$Reference'[]
 - length: 64
R10=0x000000000000000c is an unknown value
R11=0x0000000000000001 is an unknown value
R12=0x0 is NULL
R13=0x000000f968dff490 points into unknown readable memory: 98 22 45 fb ff 7f 00 00
R14=0x000002ba6f5407d8 points into unknown readable memory: 7a 0b 00 00 4f 08 00 00
R15=0x0000000000000040 is an unknown value


Registers:
RAX=0x0000000000000000, RBX=0x00000000c50de5e8, RCX=0x0000000000000014, RDX=0x0000000000000000
RSP=0x000000f968dff1f0, RBP=0x000002ba77eb6b00, RSI=0x000002ba0f26e1a0, RDI=0x000002ba0f26e1a0
R8 =0x0000000000400000, R9 =0x00000000c50de500, R10=0x000000000000000c, R11=0x0000000000000001
R12=0x0000000000000000, R13=0x000000f968dff490, R14=0x000002ba6f5407d8, R15=0x0000000000000040
RIP=0x00007ffffae9d9aa, EFLAGS=0x0000000000010246

Top of Stack: (sp=0x000000f968dff1f0)
0x000000f968dff1f0:   0000000000006ab8 000002ba0f260001
0x000000f968dff200:   000002ba0f26e1a0 00007ffffaed014d
0x000000f968dff210:   000002ba6f5407d0 00007ffffaec76bb
0x000000f968dff220:   0000000000000b7a 000000f968dff300
0x000000f968dff230:   00000000c3557de0 000002ba77eb6a00
0x000000f968dff240:   000002ba6f534e00 00007ffffaed3fd4
0x000000f968dff250:   00000000c3557e30 0000000042d7e8b4
0x000000f968dff260:   0000010b5c79820f 0000000042d7e8b4
0x000000f968dff270:   0000010b5c79820f 0000000000000040
0x000000f968dff280:   0000010b5c74fdbc 00007ffffb1f285f
0x000000f968dff290:   000002ba6f53f880 000002ba77eb6a00
0x000000f968dff2a0:   000000f968dff490 000002ba77eb6b00
0x000000f968dff2b0:   00000000c3557e30 0000000000006a00
0x000000f968dff2c0:   0000000000000001 00007ffffaed4a87
0x000000f968dff2d0:   00000000c3557c00 000000f968dff2f0
0x000000f968dff2e0:   000000f968dff300 00000000c50de5e9 

Instructions: (pc=0x00007ffffae9d9aa)
0x00007ffffae9d8aa:   00 00 00 e8 ae 07 03 00 48 8b 4c 24 38 4c 8b cf
0x00007ffffae9d8ba:   48 89 4c 24 28 4c 8b c5 48 8b 4c 24 30 48 8b d6
0x00007ffffae9d8ca:   48 89 4c 24 20 48 8b d8 49 8b ce e8 d6 07 35 00
0x00007ffffae9d8da:   4c 8d 9c 24 90 00 00 00 48 8b c3 49 8b 5b 10 49
0x00007ffffae9d8ea:   8b 6b 18 49 8b 73 20 49 8b 7b 28 49 8b e3 41 5e
0x00007ffffae9d8fa:   c3 cc cc cc cc cc 48 8b 81 18 01 00 00 48 2b c2
0x00007ffffae9d90a:   48 89 81 18 01 00 00 c3 cc cc cc cc cc cc cc cc
0x00007ffffae9d91a:   cc cc cc cc cc cc 80 3d c1 d5 7b 00 00 74 08 48
0x00007ffffae9d92a:   8b ca e9 3f 4a 3e 00 c3 cc cc cc cc cc cc cc cc
0x00007ffffae9d93a:   cc cc cc cc cc cc 66 c7 02 00 ff 48 8b c2 c3 cc
0x00007ffffae9d94a:   cc cc cc cc cc cc 48 89 5c 24 08 57 48 83 ec 20
0x00007ffffae9d95a:   48 8b da 48 8b f9 f6 c2 01 0f 84 00 01 00 00 8b
0x00007ffffae9d96a:   0d 21 1a 72 00 48 83 e3 fe 48 8b 47 08 44 8b 03
0x00007ffffae9d97a:   49 d3 e0 8b 88 48 04 00 00 48 8b 80 38 04 00 00
0x00007ffffae9d98a:   4c 03 05 f7 19 72 00 49 8b d0 48 d3 ea 0f b7 14
0x00007ffffae9d99a:   50 0f b7 c2 66 c1 e8 08 84 c0 0f 88 a3 01 00 00
0x00007ffffae9d9aa:   4d 8b 08 41 0f b6 c1 24 03 3c 03 75 1e 80 3d ca
0x00007ffffae9d9ba:   2c 72 00 00 74 0f 41 0f b6 c1 24 07 3c 05 75 05
0x00007ffffae9d9ca:   45 33 c9 eb 11 49 83 e1 fc eb 0b 48 8b cf e8 53
0x00007ffffae9d9da:   b8 02 00 4c 8b c8 8b 0d aa 19 72 00 49 8b c1 48
0x00007ffffae9d9ea:   2b 05 98 19 72 00 48 d3 e8 89 03 49 8b c1 8b 0d
0x00007ffffae9d9fa:   b2 30 7a 00 48 33 c3 48 d3 e8 48 85 c0 0f 84 40
0x00007ffffae9da0a:   01 00 00 48 8b 47 08 48 8b d3 48 8b 80 00 01 00
0x00007ffffae9da1a:   00 8b 48 68 48 8b 40 58 48 d3 ea 48 8b 0c d0 8b
0x00007ffffae9da2a:   81 cc 00 00 00 d1 e8 a8 01 0f 85 14 01 00 00 48
0x00007ffffae9da3a:   8b 47 08 49 8b d1 4c 8b c3 8b 88 48 04 00 00 48
0x00007ffffae9da4a:   8b 80 38 04 00 00 48 d3 ea 48 8b cf 0f b7 14 50
0x00007ffffae9da5a:   48 8b 5c 24 30 48 83 c4 20 5f e9 b7 d4 ff ff 0f
0x00007ffffae9da6a:   b6 c3 d0 e8 a8 01 0f 85 d2 00 00 00 4c 8b 02 48
0x00007ffffae9da7a:   8b 41 08 49 8b d0 8b 88 48 04 00 00 48 8b 80 38
0x00007ffffae9da8a:   04 00 00 48 d3 ea 0f b7 14 50 0f b7 c2 66 c1 e8
0x00007ffffae9da9a:   08 84 c0 0f 88 aa 00 00 00 4d 8b 08 41 0f b6 c1 


Stack slot to memory mapping:
stack at sp + 0 slots: 0x0000000000006ab8 is an unknown value
stack at sp + 1 slots: 0x000002ba0f260001 points into unknown readable memory: 74 6f 70 20 62 65 61
stack at sp + 2 slots: 0x000002ba0f26e1a0 points into unknown readable memory: 28 12 45 fb ff 7f 00 00
stack at sp + 3 slots: 0x00007ffffaed014d jvm.dll
stack at sp + 4 slots: 0x000002ba6f5407d0 points into unknown readable memory: 7a 0b 00 00 00 00 00 00
stack at sp + 5 slots: 0x00007ffffaec76bb jvm.dll
stack at sp + 6 slots: 0x0000000000000b7a is an unknown value
stack at sp + 7 slots: 0x000000f968dff300 points into unknown readable memory: 90 20 45 fb ff 7f 00 00


---------------  P R O C E S S  ---------------

Threads class SMR info:
_java_thread_list=0x000002ba0f1c1c10, length=30, elements={
0x000002ba7c5c8000, 0x000002ba7c5c9800, 0x000002ba7c5e7000, 0x000002ba7c5ea000,
0x000002ba7c5ef800, 0x000002ba7c5f6800, 0x000002ba7c5f7800, 0x000002ba7c606800,
0x000002ba7d058800, 0x000002ba7d08e800, 0x000002ba0fa01800, 0x000002ba0f680800,
0x000002ba10caa800, 0x000002ba1023a000, 0x000002ba1023b000, 0x000002ba10239800,
0x000002ba102d9800, 0x000002ba102da000, 0x000002ba102db000, 0x000002ba102dd800,
0x000002ba102db800, 0x000002ba102de000, 0x000002ba102d8800, 0x000002ba102dc800,
0x000002ba102e4800, 0x000002ba102e2800, 0x000002ba102df000, 0x000002ba102e4000,
0x000002ba102e5800, 0x000002ba102e3000
}

Java Threads: ( => current thread )
  0x000002ba7c5c8000 JavaThread "Reference Handler" daemon [_thread_blocked, id=6672, stack(0x000000f968200000,0x000000f968300000)]
  0x000002ba7c5c9800 JavaThread "Finalizer" daemon [_thread_blocked, id=6292, stack(0x000000f968300000,0x000000f968400000)]
  0x000002ba7c5e7000 JavaThread "Signal Dispatcher" daemon [_thread_blocked, id=4956, stack(0x000000f968400000,0x000000f968500000)]
  0x000002ba7c5ea000 JavaThread "Attach Listener" daemon [_thread_blocked, id=1664, stack(0x000000f968500000,0x000000f968600000)]
  0x000002ba7c5ef800 JavaThread "Service Thread" daemon [_thread_blocked, id=2088, stack(0x000000f968600000,0x000000f968700000)]
  0x000002ba7c5f6800 JavaThread "C2 CompilerThread0" daemon [_thread_blocked, id=328, stack(0x000000f968700000,0x000000f968800000)]
  0x000002ba7c5f7800 JavaThread "C1 CompilerThread0" daemon [_thread_blocked, id=8416, stack(0x000000f968800000,0x000000f968900000)]
  0x000002ba7c606800 JavaThread "Sweeper thread" daemon [_thread_blocked, id=9036, stack(0x000000f968900000,0x000000f968a00000)]
  0x000002ba7d058800 JavaThread "Notification Thread" daemon [_thread_blocked, id=7104, stack(0x000000f968a00000,0x000000f968b00000)]
  0x000002ba7d08e800 JavaThread "Common-Cleaner" daemon [_thread_blocked, id=8264, stack(0x000000f968c00000,0x000000f968d00000)]
  0x000002ba0fa01800 JavaThread "Catalina-utility-1" [_thread_blocked, id=4756, stack(0x000000f969300000,0x000000f969400000)]
  0x000002ba0f680800 JavaThread "Catalina-utility-2" [_thread_blocked, id=7000, stack(0x000000f969400000,0x000000f969500000)]
  0x000002ba10caa800 JavaThread "container-0" [_thread_blocked, id=7792, stack(0x000000f969500000,0x000000f969600000)]
  0x000002ba1023a000 JavaThread "mssql-jdbc-shared-timer-core-0" daemon [_thread_blocked, id=8424, stack(0x000000f969600000,0x000000f969700000)]
  0x000002ba1023b000 JavaThread "HikariPool-1 housekeeper" daemon [_thread_blocked, id=1956, stack(0x000000f969700000,0x000000f969800000)]
  0x000002ba10239800 JavaThread "File Watcher" daemon [_thread_blocked, id=3300, stack(0x000000f967900000,0x000000f967a00000)]
  0x000002ba102d9800 JavaThread "Live Reload Server" daemon [_thread_in_native, id=2208, stack(0x000000f969a00000,0x000000f969b00000)]
  0x000002ba102da000 JavaThread "http-nio-8080-exec-1" daemon [_thread_blocked, id=2216, stack(0x000000f967a00000,0x000000f967b00000)]
  0x000002ba102db000 JavaThread "http-nio-8080-exec-2" daemon [_thread_blocked, id=2164, stack(0x000000f969b00000,0x000000f969c00000)]
  0x000002ba102dd800 JavaThread "http-nio-8080-exec-3" daemon [_thread_blocked, id=2160, stack(0x000000f969c00000,0x000000f969d00000)]
  0x000002ba102db800 JavaThread "http-nio-8080-exec-4" daemon [_thread_blocked, id=6632, stack(0x000000f969d00000,0x000000f969e00000)]
  0x000002ba102de000 JavaThread "http-nio-8080-exec-5" daemon [_thread_blocked, id=1884, stack(0x000000f969e00000,0x000000f969f00000)]
  0x000002ba102d8800 JavaThread "http-nio-8080-exec-6" daemon [_thread_blocked, id=6948, stack(0x000000f969f00000,0x000000f96a000000)]
  0x000002ba102dc800 JavaThread "http-nio-8080-exec-7" daemon [_thread_blocked, id=3744, stack(0x000000f96a000000,0x000000f96a100000)]
  0x000002ba102e4800 JavaThread "http-nio-8080-exec-8" daemon [_thread_blocked, id=8124, stack(0x000000f96a100000,0x000000f96a200000)]
  0x000002ba102e2800 JavaThread "http-nio-8080-exec-9" daemon [_thread_blocked, id=2848, stack(0x000000f96a200000,0x000000f96a300000)]
  0x000002ba102df000 JavaThread "http-nio-8080-exec-10" daemon [_thread_blocked, id=5160, stack(0x000000f96a300000,0x000000f96a400000)]
  0x000002ba102e4000 JavaThread "http-nio-8080-Poller" daemon [_thread_in_native, id=4720, stack(0x000000f96a400000,0x000000f96a500000)]
  0x000002ba102e5800 JavaThread "http-nio-8080-Acceptor" daemon [_thread_in_native, id=5436, stack(0x000000f96a500000,0x000000f96a600000)]
  0x000002ba102e3000 JavaThread "DestroyJavaVM" [_thread_blocked, id=8856, stack(0x000000f967b00000,0x000000f967c00000)]

Other Threads:
  0x000002ba7c5c4800 VMThread "VM Thread" [stack: 0x000000f968100000,0x000000f968200000] [id=8196]
  0x000002ba7d08a000 WatcherThread [stack: 0x000000f968b00000,0x000000f968c00000] [id=8684]
  0x000002ba6f555800 GCTaskThread "GC Thread#0" [stack: 0x000000f967c00000,0x000000f967d00000] [id=748]
=>0x000002ba7d976800 GCTaskThread "GC Thread#1" [stack: 0x000000f968d00000,0x000000f968e00000] [id=9016]
  0x000002ba7dcfb800 GCTaskThread "GC Thread#2" [stack: 0x000000f969100000,0x000000f969200000] [id=3508]
  0x000002ba7dd5f000 GCTaskThread "GC Thread#3" [stack: 0x000000f969200000,0x000000f969300000] [id=6000]
  0x000002ba6f55f800 ConcurrentGCThread "G1 Main Marker" [stack: 0x000000f967d00000,0x000000f967e00000] [id=6832]
  0x000002ba6f561800 ConcurrentGCThread "G1 Conc#0" [stack: 0x000000f967e00000,0x000000f967f00000] [id=3392]
  0x000002ba6f5aa800 ConcurrentGCThread "G1 Refine#0" [stack: 0x000000f967f00000,0x000000f968000000] [id=8440]
  0x000002ba6f5ab800 ConcurrentGCThread "G1 Young RemSet Sampling" [stack: 0x000000f968000000,0x000000f968100000] [id=6052]

Threads with active compile tasks:

VM state:at safepoint (normal execution)

VM Mutex/Monitor currently owned by a thread:  ([mutex/lock_event])
[0x000002ba6f51cf00] Threads_lock - owner thread: 0x000002ba7c5c4800
[0x000002ba6f51c600] Heap_lock - owner thread: 0x000002ba10239800

Heap address: 0x00000000c2800000, size: 984 MB, Compressed Oops mode: 32-bit
Narrow klass base: 0x0000000800000000, Narrow klass shift: 3
Compressed class space size: 1073741824 Address: 0x0000000800b30000

Heap:
 garbage-first heap   total 73728K, used 58778K [0x00000000c2800000, 0x0000000100000000)
  region size 1024K, 33 young (33792K), 2 survivors (2048K)
 Metaspace       used 60216K, capacity 61915K, committed 62108K, reserved 1103872K
  class space    used 7750K, capacity 8390K, committed 8428K, reserved 1048576K
Heap Regions: E=young(eden), S=young(survivor), O=old, HS=humongous(starts), HC=humongous(continues), CS=collection set, F=free, OA=open archive, CA=closed archive, TAMS=top-at-mark-start (previous, next)
|   0|0x00000000c2800000, 0x00000000c2900000, 0x00000000c2900000|100%|HS|  |TAMS 0x00000000c2900000, 0x00000000c2800000| Complete 
|   1|0x00000000c2900000, 0x00000000c2a00000, 0x00000000c2a00000|100%| O|  |TAMS 0x00000000c2a00000, 0x00000000c2900000| Untracked 
|   2|0x00000000c2a00000, 0x00000000c2b00000, 0x00000000c2b00000|100%| O|  |TAMS 0x00000000c2b00000, 0x00000000c2a00000| Untracked 
|   3|0x00000000c2b00000, 0x00000000c2c00000, 0x00000000c2c00000|100%| O|  |TAMS 0x00000000c2c00000, 0x00000000c2b00000| Untracked 
|   4|0x00000000c2c00000, 0x00000000c2d00000, 0x00000000c2d00000|100%| O|  |TAMS 0x00000000c2d00000, 0x00000000c2c00000| Untracked 
|   5|0x00000000c2d00000, 0x00000000c2e00000, 0x00000000c2e00000|100%| O|  |TAMS 0x00000000c2e00000, 0x00000000c2d00000| Untracked 
|   6|0x00000000c2e00000, 0x00000000c2f00000, 0x00000000c2f00000|100%| O|  |TAMS 0x00000000c2f00000, 0x00000000c2e00000| Untracked 
|   7|0x00000000c2f00000, 0x00000000c3000000, 0x00000000c3000000|100%| O|  |TAMS 0x00000000c3000000, 0x00000000c2f00000| Untracked 
|   8|0x00000000c3000000, 0x00000000c3024200, 0x00000000c3100000| 14%| O|  |TAMS 0x00000000c3024200, 0x00000000c3000000| Untracked 
|   9|0x00000000c3100000, 0x00000000c3200000, 0x00000000c3200000|100%| O|  |TAMS 0x00000000c3200000, 0x00000000c3100000| Untracked 
|  10|0x00000000c3200000, 0x00000000c3300000, 0x00000000c3300000|100%| O|  |TAMS 0x00000000c3300000, 0x00000000c3200000| Untracked 
|  11|0x00000000c3300000, 0x00000000c3400000, 0x00000000c3400000|100%| O|  |TAMS 0x00000000c3400000, 0x00000000c3300000| Untracked 
|  12|0x00000000c3400000, 0x00000000c3500000, 0x00000000c3500000|100%| O|  |TAMS 0x00000000c3500000, 0x00000000c3400000| Untracked 
|  13|0x00000000c3500000, 0x00000000c3600000, 0x00000000c3600000|100%| O|  |TAMS 0x00000000c3600000, 0x00000000c3500000| Untracked 
|  14|0x00000000c3600000, 0x00000000c3700000, 0x00000000c3700000|100%| O|  |TAMS 0x00000000c36e2800, 0x00000000c3600000| Untracked 
|  15|0x00000000c3700000, 0x00000000c3800000, 0x00000000c3800000|100%| O|  |TAMS 0x00000000c3700000, 0x00000000c3700000| Untracked 
|  16|0x00000000c3800000, 0x00000000c3900000, 0x00000000c3900000|100%| O|  |TAMS 0x00000000c3800000, 0x00000000c3800000| Untracked 
|  17|0x00000000c3900000, 0x00000000c3a00000, 0x00000000c3a00000|100%| O|  |TAMS 0x00000000c3900000, 0x00000000c3900000| Untracked 
|  18|0x00000000c3a00000, 0x00000000c3b00000, 0x00000000c3b00000|100%| O|  |TAMS 0x00000000c3a00000, 0x00000000c3a00000| Untracked 
|  19|0x00000000c3b00000, 0x00000000c3c00000, 0x00000000c3c00000|100%| O|  |TAMS 0x00000000c3b00000, 0x00000000c3b00000| Untracked 
|  20|0x00000000c3c00000, 0x00000000c3d00000, 0x00000000c3d00000|100%| O|  |TAMS 0x00000000c3c00000, 0x00000000c3c00000| Untracked 
|  21|0x00000000c3d00000, 0x00000000c3e00000, 0x00000000c3e00000|100%| O|  |TAMS 0x00000000c3d00000, 0x00000000c3d00000| Untracked 
|  22|0x00000000c3e00000, 0x00000000c3f00000, 0x00000000c3f00000|100%| O|  |TAMS 0x00000000c3e00000, 0x00000000c3e00000| Untracked 
|  23|0x00000000c3f00000, 0x00000000c4000000, 0x00000000c4000000|100%| O|  |TAMS 0x00000000c3f00000, 0x00000000c3f00000| Untracked 
|  24|0x00000000c4000000, 0x00000000c4100000, 0x00000000c4100000|100%| O|  |TAMS 0x00000000c4000000, 0x00000000c4000000| Untracked 
|  25|0x00000000c4100000, 0x00000000c41c2240, 0x00000000c4200000| 75%| O|  |TAMS 0x00000000c4100000, 0x00000000c4100000| Untracked 
|  26|0x00000000c4200000, 0x00000000c4200000, 0x00000000c4300000|  0%| F|  |TAMS 0x00000000c4200000, 0x00000000c4200000| Untracked 
|  27|0x00000000c4300000, 0x00000000c4300000, 0x00000000c4400000|  0%| F|  |TAMS 0x00000000c4300000, 0x00000000c4300000| Untracked 
|  28|0x00000000c4400000, 0x00000000c4400000, 0x00000000c4500000|  0%| F|  |TAMS 0x00000000c4400000, 0x00000000c4400000| Untracked 
|  29|0x00000000c4500000, 0x00000000c4500000, 0x00000000c4600000|  0%| F|  |TAMS 0x00000000c4500000, 0x00000000c4500000| Untracked 
|  30|0x00000000c4600000, 0x00000000c4600000, 0x00000000c4700000|  0%| F|  |TAMS 0x00000000c4600000, 0x00000000c4600000| Untracked 
|  31|0x00000000c4700000, 0x00000000c4700000, 0x00000000c4800000|  0%| F|  |TAMS 0x00000000c4700000, 0x00000000c4700000| Untracked 
|  32|0x00000000c4800000, 0x00000000c4800000, 0x00000000c4900000|  0%| F|  |TAMS 0x00000000c4800000, 0x00000000c4800000| Untracked 
|  33|0x00000000c4900000, 0x00000000c4900000, 0x00000000c4a00000|  0%| F|  |TAMS 0x00000000c4900000, 0x00000000c4900000| Untracked 
|  34|0x00000000c4a00000, 0x00000000c4a5cd70, 0x00000000c4b00000| 36%| E|CS|TAMS 0x00000000c4a00000, 0x00000000c4a00000| Complete 
|  35|0x00000000c4b00000, 0x00000000c4c00000, 0x00000000c4c00000|100%| E|CS|TAMS 0x00000000c4b00000, 0x00000000c4b00000| Complete 
|  36|0x00000000c4c00000, 0x00000000c4c00000, 0x00000000c4d00000|  0%| F|  |TAMS 0x00000000c4c00000, 0x00000000c4c00000| Untracked 
|  37|0x00000000c4d00000, 0x00000000c4df22b0, 0x00000000c4e00000| 94%| S|  |TAMS 0x00000000c4d00000, 0x00000000c4d00000| Complete 
|  38|0x00000000c4e00000, 0x00000000c4f00000, 0x00000000c4f00000|100%| E|CS|TAMS 0x00000000c4e00000, 0x00000000c4e00000| Complete 
|  39|0x00000000c4f00000, 0x00000000c5000000, 0x00000000c5000000|100%| E|CS|TAMS 0x00000000c4f00000, 0x00000000c4f00000| Complete 
|  40|0x00000000c5000000, 0x00000000c5100000, 0x00000000c5100000|100%| S|  |TAMS 0x00000000c5000000, 0x00000000c5000000| Complete 
|  41|0x00000000c5100000, 0x00000000c5200000, 0x00000000c5200000|100%| E|CS|TAMS 0x00000000c5100000, 0x00000000c5100000| Complete 
|  42|0x00000000c5200000, 0x00000000c5300000, 0x00000000c5300000|100%| E|CS|TAMS 0x00000000c5200000, 0x00000000c5200000| Complete 
|  43|0x00000000c5300000, 0x00000000c5400000, 0x00000000c5400000|100%| E|CS|TAMS 0x00000000c5300000, 0x00000000c5300000| Complete 
|  44|0x00000000c5400000, 0x00000000c5500000, 0x00000000c5500000|100%| E|CS|TAMS 0x00000000c5400000, 0x00000000c5400000| Complete 
|  45|0x00000000c5500000, 0x00000000c5600000, 0x00000000c5600000|100%| E|CS|TAMS 0x00000000c5500000, 0x00000000c5500000| Complete 
|  46|0x00000000c5600000, 0x00000000c5700000, 0x00000000c5700000|100%| E|CS|TAMS 0x00000000c5600000, 0x00000000c5600000| Complete 
|  47|0x00000000c5700000, 0x00000000c5800000, 0x00000000c5800000|100%| E|CS|TAMS 0x00000000c5700000, 0x00000000c5700000| Complete 
|  48|0x00000000c5800000, 0x00000000c5900000, 0x00000000c5900000|100%| E|CS|TAMS 0x00000000c5800000, 0x00000000c5800000| Complete 
|  49|0x00000000c5900000, 0x00000000c5a00000, 0x00000000c5a00000|100%| E|CS|TAMS 0x00000000c5900000, 0x00000000c5900000| Complete 
|  50|0x00000000c5a00000, 0x00000000c5b00000, 0x00000000c5b00000|100%| E|CS|TAMS 0x00000000c5a00000, 0x00000000c5a00000| Complete 
|  51|0x00000000c5b00000, 0x00000000c5c00000, 0x00000000c5c00000|100%| E|CS|TAMS 0x00000000c5b00000, 0x00000000c5b00000| Complete 
|  52|0x00000000c5c00000, 0x00000000c5d00000, 0x00000000c5d00000|100%| E|CS|TAMS 0x00000000c5c00000, 0x00000000c5c00000| Complete 
|  53|0x00000000c5d00000, 0x00000000c5e00000, 0x00000000c5e00000|100%| E|CS|TAMS 0x00000000c5d00000, 0x00000000c5d00000| Complete 
|  54|0x00000000c5e00000, 0x00000000c5f00000, 0x00000000c5f00000|100%| E|CS|TAMS 0x00000000c5e00000, 0x00000000c5e00000| Complete 
|  55|0x00000000c5f00000, 0x00000000c6000000, 0x00000000c6000000|100%| E|CS|TAMS 0x00000000c5f00000, 0x00000000c5f00000| Complete 
|  56|0x00000000c6000000, 0x00000000c6100000, 0x00000000c6100000|100%| E|CS|TAMS 0x00000000c6000000, 0x00000000c6000000| Complete 
|  57|0x00000000c6100000, 0x00000000c6200000, 0x00000000c6200000|100%| E|CS|TAMS 0x00000000c6100000, 0x00000000c6100000| Complete 
|  58|0x00000000c6200000, 0x00000000c6300000, 0x00000000c6300000|100%| E|CS|TAMS 0x00000000c6200000, 0x00000000c6200000| Complete 
|  59|0x00000000c6300000, 0x00000000c6400000, 0x00000000c6400000|100%| E|CS|TAMS 0x00000000c6300000, 0x00000000c6300000| Complete 
|  60|0x00000000c6400000, 0x00000000c6500000, 0x00000000c6500000|100%| E|CS|TAMS 0x00000000c6400000, 0x00000000c6400000| Complete 
|  61|0x00000000c6500000, 0x00000000c6600000, 0x00000000c6600000|100%| E|CS|TAMS 0x00000000c6500000, 0x00000000c6500000| Complete 
|  62|0x00000000c6600000, 0x00000000c6700000, 0x00000000c6700000|100%| E|CS|TAMS 0x00000000c6600000, 0x00000000c6600000| Complete 
|  63|0x00000000c6700000, 0x00000000c6800000, 0x00000000c6800000|100%| E|CS|TAMS 0x00000000c6700000, 0x00000000c6700000| Complete 
|  64|0x00000000c6800000, 0x00000000c6900000, 0x00000000c6900000|100%| E|CS|TAMS 0x00000000c6800000, 0x00000000c6800000| Complete 
|  65|0x00000000c6900000, 0x00000000c6a00000, 0x00000000c6a00000|100%| E|CS|TAMS 0x00000000c6900000, 0x00000000c6900000| Complete 
|  66|0x00000000c6a00000, 0x00000000c6b00000, 0x00000000c6b00000|100%| E|CS|TAMS 0x00000000c6a00000, 0x00000000c6a00000| Complete 
|  67|0x00000000c6b00000, 0x00000000c6c00000, 0x00000000c6c00000|100%| E|CS|TAMS 0x00000000c6b00000, 0x00000000c6b00000| Complete 
|  68|0x00000000c6c00000, 0x00000000c6d00000, 0x00000000c6d00000|100%| E|CS|TAMS 0x00000000c6c00000, 0x00000000c6c00000| Complete 
|  69|0x00000000c6d00000, 0x00000000c6e00000, 0x00000000c6e00000|100%| E|CS|TAMS 0x00000000c6d00000, 0x00000000c6d00000| Complete 
|  73|0x00000000c7100000, 0x00000000c7200000, 0x00000000c7200000|100%| E|CS|TAMS 0x00000000c7100000, 0x00000000c7100000| Complete 
|  74|0x00000000c7200000, 0x00000000c7300000, 0x00000000c7300000|100%| E|CS|TAMS 0x00000000c7200000, 0x00000000c7200000| Complete 

Card table byte_map: [0x000002ba77eb0000,0x000002ba780a0000] _byte_map_base: 0x000002ba7789c000

Marking Bits (Prev, Next): (CMBitMap*) 0x000002ba6f5570d8, (CMBitMap*) 0x000002ba6f557098
 Prev Bits: [0x000002ba791f0000, 0x000002ba7a150000)
 Next Bits: [0x000002ba78290000, 0x000002ba791f0000)

Polling page: 0x000002ba6d350000

Metaspace:

Usage:
  Non-class:     52.27 MB capacity,    51.24 MB ( 98%) used,   852.68 KB (  2%) free+waste,   206.94 KB ( <1%) overhead. 
      Class:      8.19 MB capacity,     7.57 MB ( 92%) used,   542.83 KB (  6%) free+waste,    96.44 KB (  1%) overhead. 
       Both:     60.46 MB capacity,    58.80 MB ( 97%) used,     1.36 MB (  2%) free+waste,   303.38 KB ( <1%) overhead. 

Virtual space:
  Non-class space:       54.00 MB reserved,      52.42 MB ( 97%) committed 
      Class space:        1.00 GB reserved,       8.23 MB ( <1%) committed 
             Both:        1.05 GB reserved,      60.65 MB (  6%) committed 

Chunk freelists:
   Non-Class:  27.00 KB
       Class:  26.00 KB
        Both:  53.00 KB

MaxMetaspaceSize: 17179869184.00 GB
CompressedClassSpaceSize: 1.00 GB

CodeHeap 'non-profiled nmethods': size=120000Kb used=4297Kb max_used=4297Kb free=115703Kb
 bounds [0x000002ba07ad0000, 0x000002ba07f10000, 0x000002ba0f000000]
CodeHeap 'profiled nmethods': size=120000Kb used=12170Kb max_used=12170Kb free=107829Kb
 bounds [0x000002ba005a0000, 0x000002ba01190000, 0x000002ba07ad0000]
CodeHeap 'non-nmethods': size=5760Kb used=1327Kb max_used=1385Kb free=4432Kb
 bounds [0x000002ba00000000, 0x000002ba00270000, 0x000002ba005a0000]
 total_blobs=6585 nmethods=5962 adapters=535
 compilation: enabled
              stopped_count=0, restarted_count=0
 full_count=0

Compilation events (20 events):
Event: 530.459 Thread 0x000002ba7c5f6800 6790       4       java.util.LinkedHashMap$LinkedKeySet::size (8 bytes)
Event: 530.461 Thread 0x000002ba7c5f6800 nmethod 6790 0x000002ba07f01990 code [0x000002ba07f01b20, 0x000002ba07f01bb8]
Event: 539.734 Thread 0x000002ba7c5f6800 6791       4       java.util.HashMap$KeySet::size (8 bytes)
Event: 539.736 Thread 0x000002ba7c5f6800 nmethod 6791 0x000002ba07f01c90 code [0x000002ba07f01e20, 0x000002ba07f01eb8]
Event: 559.144 Thread 0x000002ba7c5f7800 6792       3       org.apache.catalina.webresources.Cache$EvictionOrder::compare (13 bytes)
Event: 559.145 Thread 0x000002ba7c5f7800 nmethod 6792 0x000002ba01180290 code [0x000002ba01180460, 0x000002ba01180938]
Event: 559.145 Thread 0x000002ba7c5f7800 6793       3       org.apache.catalina.webresources.Cache$EvictionOrder::compare (31 bytes)
Event: 559.146 Thread 0x000002ba7c5f7800 nmethod 6793 0x000002ba01180a90 code [0x000002ba01180c40, 0x000002ba01180e98]
Event: 569.145 Thread 0x000002ba7c5f7800 6794   !   3       org.apache.catalina.core.ContainerBase::findChildren (42 bytes)
Event: 569.147 Thread 0x000002ba7c5f7800 nmethod 6794 0x000002ba01180f90 code [0x000002ba01181160, 0x000002ba01181858]
Event: 602.814 Thread 0x000002ba7c5f7800 6795   !   3       sun.nio.ch.WindowsSelectorImpl::resetWakeupSocket (41 bytes)
Event: 602.815 Thread 0x000002ba7c5f7800 nmethod 6795 0x000002ba01181a90 code [0x000002ba01181c40, 0x000002ba01182028]
Event: 602.815 Thread 0x000002ba7c5f7800 6796       3       java.nio.channels.spi.AbstractSelector::begin (48 bytes)
Event: 602.817 Thread 0x000002ba7c5f7800 nmethod 6796 0x000002ba01182190 code [0x000002ba011823a0, 0x000002ba01182cc8]
Event: 602.817 Thread 0x000002ba7c5f7800 6797       3       sun.nio.ch.WindowsSelectorImpl$SubSelector::poll (51 bytes)
Event: 602.818 Thread 0x000002ba7c5f7800 nmethod 6797 0x000002ba01182f90 code [0x000002ba01183140, 0x000002ba01183388]
Event: 639.181 Thread 0x000002ba7c5f7800 6799   !   3       org.apache.catalina.core.ContainerBase::getRealmInternal (38 bytes)
Event: 639.184 Thread 0x000002ba7c5f7800 nmethod 6799 0x000002ba01183490 code [0x000002ba011836c0, 0x000002ba01183fb8]
Event: 639.184 Thread 0x000002ba7c5f7800 6800       3       org.apache.catalina.core.StandardPipeline::getFirst (17 bytes)
Event: 639.184 Thread 0x000002ba7c5f7800 nmethod 6800 0x000002ba01184310 code [0x000002ba011844a0, 0x000002ba01184618]

GC Heap History (20 events):
Event: 9.391 GC heap after
{Heap after GC invocations=14 (full 0):
 garbage-first heap   total 61440K, used 16678K [0x00000000c2800000, 0x0000000100000000)
  region size 1024K, 4 young (4096K), 4 survivors (4096K)
 Metaspace       used 30237K, capacity 31372K, committed 31536K, reserved 1077248K
  class space    used 3784K, capacity 4219K, committed 4224K, reserved 1048576K
}
Event: 10.142 GC heap before
{Heap before GC invocations=14 (full 0):
 garbage-first heap   total 61440K, used 37158K [0x00000000c2800000, 0x0000000100000000)
  region size 1024K, 25 young (25600K), 4 survivors (4096K)
 Metaspace       used 34732K, capacity 35827K, committed 35888K, reserved 1081344K
  class space    used 4536K, capacity 4976K, committed 4992K, reserved 1048576K
}
Event: 10.152 GC heap after
{Heap after GC invocations=15 (full 0):
 garbage-first heap   total 61440K, used 17263K [0x00000000c2800000, 0x0000000100000000)
  region size 1024K, 3 young (3072K), 3 survivors (3072K)
 Metaspace       used 34732K, capacity 35827K, committed 35888K, reserved 1081344K
  class space    used 4536K, capacity 4976K, committed 4992K, reserved 1048576K
}
Event: 12.341 GC heap before
{Heap before GC invocations=16 (full 0):
 garbage-first heap   total 61440K, used 49007K [0x00000000c2800000, 0x0000000100000000)
  region size 1024K, 34 young (34816K), 3 survivors (3072K)
 Metaspace       used 40497K, capacity 41638K, committed 41756K, reserved 1085440K
  class space    used 5215K, capacity 5652K, committed 5740K, reserved 1048576K
}
Event: 12.353 GC heap after
{Heap after GC invocations=17 (full 0):
 garbage-first heap   total 73728K, used 20178K [0x00000000c2800000, 0x0000000100000000)
  region size 1024K, 5 young (5120K), 5 survivors (5120K)
 Metaspace       used 40497K, capacity 41638K, committed 41756K, reserved 1085440K
  class space    used 5215K, capacity 5652K, committed 5740K, reserved 1048576K
}
Event: 19.304 GC heap before
{Heap before GC invocations=18 (full 0):
 garbage-first heap   total 73728K, used 56018K [0x00000000c2800000, 0x0000000100000000)
  region size 1024K, 41 young (41984K), 5 survivors (5120K)
 Metaspace       used 45993K, capacity 47231K, committed 47388K, reserved 1089536K
  class space    used 5948K, capacity 6406K, committed 6508K, reserved 1048576K
}
Event: 19.332 GC heap after
{Heap after GC invocations=19 (full 0):
 garbage-first heap   total 73728K, used 21701K [0x00000000c2800000, 0x0000000100000000)
  region size 1024K, 5 young (5120K), 5 survivors (5120K)
 Metaspace       used 45993K, capacity 47231K, committed 47388K, reserved 1089536K
  class space    used 5948K, capacity 6406K, committed 6508K, reserved 1048576K
}
Event: 86.390 GC heap before
{Heap before GC invocations=19 (full 0):
 garbage-first heap   total 73728K, used 56517K [0x00000000c2800000, 0x0000000100000000)
  region size 1024K, 39 young (39936K), 5 survivors (5120K)
 Metaspace       used 49754K, capacity 51017K, committed 51228K, reserved 1093632K
  class space    used 6475K, capacity 6942K, committed 7020K, reserved 1048576K
}
Event: 86.402 GC heap after
{Heap after GC invocations=20 (full 0):
 garbage-first heap   total 73728K, used 22482K [0x00000000c2800000, 0x0000000100000000)
  region size 1024K, 2 young (2048K), 2 survivors (2048K)
 Metaspace       used 49754K, capacity 51017K, committed 51228K, reserved 1093632K
  class space    used 6475K, capacity 6942K, committed 7020K, reserved 1048576K
}
Event: 87.536 GC heap before
{Heap before GC invocations=20 (full 0):
 garbage-first heap   total 73728K, used 57298K [0x00000000c2800000, 0x0000000100000000)
  region size 1024K, 36 young (36864K), 2 survivors (2048K)
 Metaspace       used 49778K, capacity 51017K, committed 51228K, reserved 1093632K
  class space    used 6475K, capacity 6942K, committed 7020K, reserved 1048576K
}
Event: 87.558 GC heap after
{Heap after GC invocations=21 (full 0):
 garbage-first heap   total 73728K, used 24392K [0x00000000c2800000, 0x0000000100000000)
  region size 1024K, 4 young (4096K), 4 survivors (4096K)
 Metaspace       used 49778K, capacity 51017K, committed 51228K, reserved 1093632K
  class space    used 6475K, capacity 6942K, committed 7020K, reserved 1048576K
}
Event: 90.041 GC heap before
{Heap before GC invocations=21 (full 0):
 garbage-first heap   total 73728K, used 58184K [0x00000000c2800000, 0x0000000100000000)
  region size 1024K, 37 young (37888K), 4 survivors (4096K)
 Metaspace       used 52201K, capacity 53504K, committed 53660K, reserved 1095680K
  class space    used 6770K, capacity 7279K, committed 7404K, reserved 1048576K
}
Event: 90.048 GC heap after
{Heap after GC invocations=22 (full 0):
 garbage-first heap   total 73728K, used 23099K [0x00000000c2800000, 0x0000000100000000)
  region size 1024K, 2 young (2048K), 2 survivors (2048K)
 Metaspace       used 52201K, capacity 53504K, committed 53660K, reserved 1095680K
  class space    used 6770K, capacity 7279K, committed 7404K, reserved 1048576K
}
Event: 91.659 GC heap before
{Heap before GC invocations=22 (full 0):
 garbage-first heap   total 73728K, used 57915K [0x00000000c2800000, 0x0000000100000000)
  region size 1024K, 36 young (36864K), 2 survivors (2048K)
 Metaspace       used 53530K, capacity 55020K, committed 55068K, reserved 1097728K
  class space    used 6924K, capacity 7494K, committed 7532K, reserved 1048576K
}
Event: 91.667 GC heap after
{Heap after GC invocations=23 (full 0):
 garbage-first heap   total 73728K, used 23908K [0x00000000c2800000, 0x0000000100000000)
  region size 1024K, 3 young (3072K), 3 survivors (3072K)
 Metaspace       used 53530K, capacity 55020K, committed 55068K, reserved 1097728K
  class space    used 6924K, capacity 7494K, committed 7532K, reserved 1048576K
}
Event: 94.134 GC heap before
{Heap before GC invocations=23 (full 0):
 garbage-first heap   total 73728K, used 58724K [0x00000000c2800000, 0x0000000100000000)
  region size 1024K, 37 young (37888K), 3 survivors (3072K)
 Metaspace       used 55700K, capacity 57229K, committed 57500K, reserved 1099776K
  class space    used 7206K, capacity 7794K, committed 7916K, reserved 1048576K
}
Event: 94.147 GC heap after
{Heap after GC invocations=24 (full 0):
 garbage-first heap   total 73728K, used 25840K [0x00000000c2800000, 0x0000000100000000)
  region size 1024K, 5 young (5120K), 5 survivors (5120K)
 Metaspace       used 55700K, capacity 57229K, committed 57500K, reserved 1099776K
  class space    used 7206K, capacity 7794K, committed 7916K, reserved 1048576K
}
Event: 216.814 GC heap before
{Heap before GC invocations=24 (full 0):
 garbage-first heap   total 73728K, used 58608K [0x00000000c2800000, 0x0000000100000000)
  region size 1024K, 37 young (37888K), 5 survivors (5120K)
 Metaspace       used 57035K, capacity 58674K, committed 58908K, reserved 1099776K
  class space    used 7357K, capacity 7972K, committed 8044K, reserved 1048576K
}
Event: 216.839 GC heap after
{Heap after GC invocations=25 (full 0):
 garbage-first heap   total 73728K, used 27034K [0x00000000c2800000, 0x0000000100000000)
  region size 1024K, 4 young (4096K), 4 survivors (4096K)
 Metaspace       used 57035K, capacity 58674K, committed 58908K, reserved 1099776K
  class space    used 7357K, capacity 7972K, committed 8044K, reserved 1048576K
}
Event: 639.420 GC heap before
{Heap before GC invocations=25 (full 0):
 garbage-first heap   total 73728K, used 57754K [0x00000000c2800000, 0x0000000100000000)
  region size 1024K, 35 young (35840K), 4 survivors (4096K)
 Metaspace       used 60216K, capacity 61915K, committed 62108K, reserved 1103872K
  class space    used 7750K, capacity 8390K, committed 8428K, reserved 1048576K
}

Deoptimization events (20 events):
Event: 463.326 Thread 0x000002ba102da000 Uncommon trap: trap_request=0xffffff45 fr.pc=0x000002ba07c68a48 relative=0x0000000000000088
Event: 463.326 Thread 0x000002ba102da000 Uncommon trap: reason=unstable_if action=reinterpret pc=0x000002ba07c68a48 method=java.util.logging.Logger.isLoggable(Ljava/util/logging/Level;)Z @ 13 c2
Event: 463.326 Thread 0x000002ba102da000 DEOPT PACKING pc=0x000002ba07c68a48 sp=0x000000f967afe5d0
Event: 463.326 Thread 0x000002ba102da000 DEOPT UNPACKING pc=0x000002ba0004912f sp=0x000000f967afe510 mode 2
Event: 463.389 Thread 0x000002ba102da000 Uncommon trap: trap_request=0xffffff45 fr.pc=0x000002ba07b1ec10 relative=0x0000000000000070
Event: 463.389 Thread 0x000002ba102da000 Uncommon trap: reason=unstable_if action=reinterpret pc=0x000002ba07b1ec10 method=java.lang.Class.getComponentType()Ljava/lang/Class; @ 4 c2
Event: 463.389 Thread 0x000002ba102da000 DEOPT PACKING pc=0x000002ba07b1ec10 sp=0x000000f967afd680
Event: 463.389 Thread 0x000002ba102da000 DEOPT UNPACKING pc=0x000002ba0004912f sp=0x000000f967afd610 mode 2
Event: 463.432 Thread 0x000002ba102da000 Uncommon trap: trap_request=0xffffff45 fr.pc=0x000002ba07ba8578 relative=0x0000000000000058
Event: 463.432 Thread 0x000002ba102da000 Uncommon trap: reason=unstable_if action=reinterpret pc=0x000002ba07ba8578 method=java.util.Objects.equals(Ljava/lang/Object;Ljava/lang/Object;)Z @ 6 c2
Event: 463.432 Thread 0x000002ba102da000 DEOPT PACKING pc=0x000002ba07ba8578 sp=0x000000f967afce40
Event: 463.432 Thread 0x000002ba102da000 DEOPT UNPACKING pc=0x000002ba0004912f sp=0x000000f967afcde0 mode 2
Event: 463.467 Thread 0x000002ba102da000 Uncommon trap: trap_request=0xffffff45 fr.pc=0x000002ba07ba9ee0 relative=0x00000000000002c0
Event: 463.467 Thread 0x000002ba102da000 Uncommon trap: reason=unstable_if action=reinterpret pc=0x000002ba07ba9ee0 method=java.nio.Buffer.<init>(IIIILjdk/internal/access/foreign/MemorySegmentProxy;)V @ 50 c2
Event: 463.467 Thread 0x000002ba102da000 DEOPT PACKING pc=0x000002ba07ba9ee0 sp=0x000000f967afcfd0
Event: 463.467 Thread 0x000002ba102da000 DEOPT UNPACKING pc=0x000002ba0004912f sp=0x000000f967afcf18 mode 2
Event: 464.212 Thread 0x000002ba102da000 Uncommon trap: trap_request=0xffffff45 fr.pc=0x000002ba07b88ca4 relative=0x00000000000014c4
Event: 464.212 Thread 0x000002ba102da000 Uncommon trap: reason=unstable_if action=reinterpret pc=0x000002ba07b88ca4 method=com.microsoft.sqlserver.jdbc.ServerDTVImpl.getValue(Lcom/microsoft/sqlserver/jdbc/DTV;Lcom/microsoft/sqlserver/jdbc/JDBCType;ILcom/microsoft/sqlserver/jdbc/InputStreamGetter
Event: 464.212 Thread 0x000002ba102da000 DEOPT PACKING pc=0x000002ba07b88ca4 sp=0x000000f967af95d0
Event: 464.212 Thread 0x000002ba102da000 DEOPT UNPACKING pc=0x000002ba0004912f sp=0x000000f967af9550 mode 2

Classes unloaded (0 events):
No events

Classes redefined (0 events):
No events

Internal exceptions (20 events):
Event: 92.141 Thread 0x000002ba7db11800 Exception <a 'java/lang/ClassNotFoundException'{0x00000000c6029da0}: org/springframework/beans/factory/AwareCustomizer> (0x00000000c6029da0) 
thrown [./open/src/hotspot/share/classfile/systemDictionary.cpp, line 226]
Event: 92.142 Thread 0x000002ba7db11800 Exception <a 'java/lang/ClassNotFoundException'{0x00000000c60391f0}: org/springframework/web/context/ServletContextAwareCustomizer> (0x00000000c60391f0) 
thrown [./open/src/hotspot/share/classfile/systemDictionary.cpp, line 226]
Event: 92.143 Thread 0x000002ba7db11800 Exception <a 'java/lang/ClassNotFoundException'{0x00000000c6048110}: org/springframework/beans/factory/AwareCustomizer> (0x00000000c6048110) 
thrown [./open/src/hotspot/share/classfile/systemDictionary.cpp, line 226]
Event: 92.859 Thread 0x000002ba7db11800 Exception <a 'java/lang/NoSuchMethodError'{0x00000000c58f8bf0}: 'void java.lang.invoke.DirectMethodHandle$Holder.invokeVirtual(java.lang.Object, java.lang.Object, int)'> (0x00000000c58f8bf0) 
thrown [./open/src/hotspot/share/interpreter/linkResolver.cpp, line 766]
Event: 92.866 Thread 0x000002ba7db11800 Exception <a 'java/lang/NoSuchMethodError'{0x00000000c5711c08}: 'void java.lang.invoke.DirectMethodHandle$Holder.invokeVirtual(java.lang.Object, java.lang.Object, long)'> (0x00000000c5711c08) 
thrown [./open/src/hotspot/share/interpreter/linkResolver.cpp, line 766]
Event: 94.044 Thread 0x000002ba7db11800 Exception <a 'java/lang/IncompatibleClassChangeError'{0x00000000c4e0e388}: Found class java.lang.Object, but interface was expected> (0x00000000c4e0e388) 
thrown [./open/src/hotspot/share/interpreter/linkResolver.cpp, line 832]
Event: 94.369 Thread 0x000002ba7db11800 Exception <a 'java/lang/ClassNotFoundException'{0x00000000c6db6118}: java/lang/ObjectCustomizer> (0x00000000c6db6118) 
thrown [./open/src/hotspot/share/classfile/systemDictionary.cpp, line 226]
Event: 94.372 Thread 0x000002ba7db11800 Exception <a 'java/lang/ClassNotFoundException'{0x00000000c6dca2b0}: br/com/focusInformatica/mobile/Models/MobileentradaitensCustomizer> (0x00000000c6dca2b0) 
thrown [./open/src/hotspot/share/classfile/systemDictionary.cpp, line 226]
Event: 94.453 Thread 0x000002ba7db11800 Exception <a 'java/lang/ClassNotFoundException'{0x00000000c69e9130}: java/lang/ObjectCustomizer> (0x00000000c69e9130) 
thrown [./open/src/hotspot/share/classfile/systemDictionary.cpp, line 226]
Event: 94.455 Thread 0x000002ba7db11800 Exception <a 'java/lang/ClassNotFoundException'{0x00000000c69fd708}: br/com/focusInformatica/mobile/Models/MobilealteracaoprecoCustomizer> (0x00000000c69fd708) 
thrown [./open/src/hotspot/share/classfile/systemDictionary.cpp, line 226]
Event: 94.523 Thread 0x000002ba7db11800 Exception <a 'java/lang/ClassNotFoundException'{0x00000000c64204a8}: java/lang/ObjectCustomizer> (0x00000000c64204a8) 
thrown [./open/src/hotspot/share/classfile/systemDictionary.cpp, line 226]
Event: 94.524 Thread 0x000002ba7db11800 Exception <a 'java/lang/ClassNotFoundException'{0x00000000c6434150}: br/com/focusInformatica/mobile/Models/MobileperdaloteCustomizer> (0x00000000c6434150) 
thrown [./open/src/hotspot/share/classfile/systemDictionary.cpp, line 226]
Event: 94.581 Thread 0x000002ba7db11800 Exception <a 'java/lang/ClassNotFoundException'{0x00000000c6032ca8}: java/lang/ObjectCustomizer> (0x00000000c6032ca8) 
thrown [./open/src/hotspot/share/classfile/systemDictionary.cpp, line 226]
Event: 94.583 Thread 0x000002ba7db11800 Exception <a 'java/lang/ClassNotFoundException'{0x00000000c6046950}: br/com/focusInformatica/mobile/Models/MobileperdaserieCustomizer> (0x00000000c6046950) 
thrown [./open/src/hotspot/share/classfile/systemDictionary.cpp, line 226]
Event: 94.969 Thread 0x000002ba7db11800 Exception <a 'java/lang/NoSuchMethodError'{0x00000000c589f4d0}: 'java.lang.Object java.lang.invoke.DirectMethodHandle$Holder.invokeSpecial(java.lang.Object, java.lang.Object, int, java.lang.Object, int, java.lang.Object)'> (0x00000000c589f4d0) 
thrown [./open/src/hotspot/share/interpreter/linkResolver.cpp, line 766]
Event: 94.970 Thread 0x000002ba7db11800 Exception <a 'java/lang/NoSuchMethodError'{0x00000000c58a6300}: 'java.lang.Object java.lang.invoke.DirectMethodHandle$Holder.invokeStatic(java.lang.Object, java.lang.Object, int, java.lang.Object, int)'> (0x00000000c58a6300) 
thrown [./open/src/hotspot/share/interpreter/linkResolver.cpp, line 766]
Event: 94.971 Thread 0x000002ba7db11800 Exception <a 'java/lang/NoSuchMethodError'{0x00000000c58a96b0}: 'java.lang.Object java.lang.invoke.DirectMethodHandle$Holder.invokeSpecial(java.lang.Object, java.lang.Object, java.lang.Object, int, java.lang.Object, int)'> (0x00000000c58a96b0) 
thrown [./open/src/hotspot/share/interpreter/linkResolver.cpp, line 766]
Event: 94.974 Thread 0x000002ba7db11800 Exception <a 'java/lang/NoSuchMethodError'{0x00000000c58b5378}: 'void java.lang.invoke.DirectMethodHandle$Holder.invokeVirtual(java.lang.Object, java.lang.Object)'> (0x00000000c58b5378) 
thrown [./open/src/hotspot/share/interpreter/linkResolver.cpp, line 766]
Event: 463.968 Thread 0x000002ba102da000 Exception <a 'java/lang/ClassNotFoundException'{0x00000000c5a5ecf8}: java/lang/ObjectCustomizer> (0x00000000c5a5ecf8) 
thrown [./open/src/hotspot/share/classfile/systemDictionary.cpp, line 226]
Event: 463.970 Thread 0x000002ba102da000 Exception <a 'java/lang/ClassNotFoundException'{0x00000000c5a77b30}: br/com/focusInformatica/mobile/Models/MobilealteracaoprecoitensCustomizer> (0x00000000c5a77b30) 
thrown [./open/src/hotspot/share/classfile/systemDictionary.cpp, line 226]

Events (20 events):
Event: 464.210 Executing VM operation: HandshakeOneThread done
Event: 464.210 Executing VM operation: HandshakeOneThread
Event: 464.210 Executing VM operation: HandshakeOneThread done
Event: 464.418 loading class java/nio/StringCharBuffer
Event: 464.451 loading class java/nio/StringCharBuffer done
Event: 464.451 loading class sun/nio/cs/ISO_8859_1$Encoder
Event: 464.461 loading class sun/nio/cs/ISO_8859_1$Encoder done
Event: 464.461 loading class sun/nio/cs/Surrogate$Parser
Event: 464.465 loading class sun/nio/cs/Surrogate$Parser done
Event: 464.465 loading class sun/nio/cs/Surrogate
Event: 464.465 loading class sun/nio/cs/Surrogate done
Event: 464.474 Executing VM operation: HandshakeOneThread
Event: 464.474 Executing VM operation: HandshakeOneThread done
Event: 464.477 Executing VM operation: HandshakeOneThread
Event: 464.477 Executing VM operation: HandshakeOneThread done
Event: 524.756 Executing VM operation: HandshakeOneThread
Event: 524.756 Executing VM operation: HandshakeOneThread done
Event: 524.758 Executing VM operation: HandshakeOneThread
Event: 524.758 Executing VM operation: HandshakeOneThread done
Event: 639.420 Executing VM operation: G1CollectForAllocation


Dynamic libraries:
0x00007ff6c53a0000 - 0x00007ff6c53af000 	C:\Program Files\Java\jdk-14.0.2\bin\java.exe
0x00007ff844450000 - 0x00007ff844631000 	C:\Windows\SYSTEM32\ntdll.dll
0x00007ff844360000 - 0x00007ff844412000 	C:\Windows\System32\KERNEL32.DLL
0x00007ff840a10000 - 0x00007ff840c83000 	C:\Windows\System32\KERNELBASE.dll
0x00007ff840cb0000 - 0x00007ff840daa000 	C:\Windows\System32\ucrtbase.dll
0x00007ff83cb90000 - 0x00007ff83cba8000 	C:\Program Files\Java\jdk-14.0.2\bin\jli.dll
0x00007ff83cb70000 - 0x00007ff83cb85000 	C:\Program Files\Java\jdk-14.0.2\bin\VCRUNTIME140.dll
0x00007ff841f30000 - 0x00007ff841fd1000 	C:\Windows\System32\ADVAPI32.dll
0x00007ff842230000 - 0x00007ff8422ce000 	C:\Windows\System32\msvcrt.dll
0x00007ff841ac0000 - 0x00007ff841b1b000 	C:\Windows\System32\sechost.dll
0x00007ff844220000 - 0x00007ff844344000 	C:\Windows\System32\RPCRT4.dll
0x00007ff842660000 - 0x00007ff8427f0000 	C:\Windows\System32\USER32.dll
0x00007ff81cb00000 - 0x00007ff81cd69000 	C:\Windows\WinSxS\amd64_microsoft.windows.common-controls_6595b64144ccf1df_6.0.17133.1_none_e4d992df105abfa4\COMCTL32.dll
0x00007ff840c90000 - 0x00007ff840cb0000 	C:\Windows\System32\win32u.dll
0x00007ff8441f0000 - 0x00007ff844218000 	C:\Windows\System32\GDI32.dll
0x00007ff8422d0000 - 0x00007ff8425f3000 	C:\Windows\System32\combase.dll
0x00007ff841630000 - 0x00007ff8417c2000 	C:\Windows\System32\gdi32full.dll
0x00007ff841560000 - 0x00007ff8415da000 	C:\Windows\System32\bcryptPrimitives.dll
0x00007ff8414c0000 - 0x00007ff84155f000 	C:\Windows\System32\msvcp_win.dll
0x00007ff833ba0000 - 0x00007ff833baa000 	C:\Windows\SYSTEM32\VERSION.dll
0x00007ff841e80000 - 0x00007ff841ead000 	C:\Windows\System32\IMM32.DLL
0x00007ff834780000 - 0x00007ff83481b000 	C:\Program Files\Java\jdk-14.0.2\bin\msvcp140.dll
0x00007ffffac00000 - 0x00007ffffb71e000 	C:\Program Files\Java\jdk-14.0.2\bin\server\jvm.dll
0x00007ff841b20000 - 0x00007ff841b28000 	C:\Windows\System32\PSAPI.DLL
0x00007ff83d5b0000 - 0x00007ff83d5b9000 	C:\Windows\SYSTEM32\WSOCK32.dll
0x00007ff83d3b0000 - 0x00007ff83d3d3000 	C:\Windows\SYSTEM32\WINMM.dll
0x00007ff841b30000 - 0x00007ff841b9c000 	C:\Windows\System32\WS2_32.dll
0x00007ff83d380000 - 0x00007ff83d3aa000 	C:\Windows\SYSTEM32\WINMMBASE.dll
0x00007ff8415e0000 - 0x00007ff841629000 	C:\Windows\System32\cfgmgr32.dll
0x00007ff8407b0000 - 0x00007ff8407c1000 	C:\Windows\System32\kernel.appcore.dll
0x00007ff83cb60000 - 0x00007ff83cb6a000 	C:\Program Files\Java\jdk-14.0.2\bin\jimage.dll
0x00007ff81aa80000 - 0x00007ff81ac49000 	C:\Windows\SYSTEM32\DBGHELP.DLL
0x00007ff803c90000 - 0x00007ff803cb9000 	C:\Windows\SYSTEM32\dbgcore.DLL
0x00007ff834fb0000 - 0x00007ff834fd5000 	C:\Program Files\Java\jdk-14.0.2\bin\java.dll
0x00007ff83a320000 - 0x00007ff83a336000 	C:\Program Files\Java\jdk-14.0.2\bin\zip.dll
0x00007ff842d50000 - 0x00007ff844190000 	C:\Windows\System32\SHELL32.dll
0x00007ff841fe0000 - 0x00007ff842089000 	C:\Windows\System32\shcore.dll
0x00007ff840db0000 - 0x00007ff8414bd000 	C:\Windows\System32\windows.storage.dll
0x00007ff8419c0000 - 0x00007ff841a11000 	C:\Windows\System32\shlwapi.dll
0x00007ff840760000 - 0x00007ff84077f000 	C:\Windows\System32\profapi.dll
0x00007ff8407d0000 - 0x00007ff84081c000 	C:\Windows\System32\powrprof.dll
0x00007ff840780000 - 0x00007ff84078a000 	C:\Windows\System32\FLTLIB.DLL
0x00007ff834f90000 - 0x00007ff834fa9000 	C:\Program Files\Java\jdk-14.0.2\bin\net.dll
0x00007ff83a220000 - 0x00007ff83a2fd000 	C:\Windows\SYSTEM32\WINHTTP.dll
0x00007ff83ffe0000 - 0x00007ff840046000 	C:\Windows\system32\mswsock.dll
0x00007ff834a70000 - 0x00007ff834a82000 	C:\Program Files\Java\jdk-14.0.2\bin\nio.dll
0x00007ff839310000 - 0x00007ff839320000 	C:\Program Files\Java\jdk-14.0.2\bin\verify.dll
0x00007ff834200000 - 0x00007ff834209000 	C:\Program Files\Java\jdk-14.0.2\bin\management.dll
0x00007ff833a10000 - 0x00007ff833a1b000 	C:\Program Files\Java\jdk-14.0.2\bin\management_ext.dll
0x00007ff81cda0000 - 0x00007ff81cdb6000 	C:\Windows\system32\napinsp.dll
0x00007ff81cdc0000 - 0x00007ff81cdda000 	C:\Windows\system32\pnrpnsp.dll
0x00007ff83d590000 - 0x00007ff83d5a9000 	C:\Windows\system32\NLAapi.dll
0x00007ff83fda0000 - 0x00007ff83fe5e000 	C:\Windows\SYSTEM32\DNSAPI.dll
0x00007ff844350000 - 0x00007ff844358000 	C:\Windows\System32\NSI.dll
0x00007ff83fd60000 - 0x00007ff83fd98000 	C:\Windows\SYSTEM32\IPHLPAPI.DLL
0x00007ff81cf40000 - 0x00007ff81cf4e000 	C:\Windows\System32\winrnr.dll
0x00007ff839340000 - 0x00007ff83934a000 	C:\Windows\System32\rasadhlp.dll
0x00007ff8398b0000 - 0x00007ff839922000 	C:\Windows\System32\fwpuclnt.dll
0x00007ff8402c0000 - 0x00007ff8402e5000 	C:\Windows\SYSTEM32\bcrypt.dll
0x00007ff840190000 - 0x00007ff8401a7000 	C:\Windows\SYSTEM32\CRYPTSP.dll
0x00007ff83fbc0000 - 0x00007ff83fbf3000 	C:\Windows\system32\rsaenh.dll
0x00007ff840660000 - 0x00007ff840688000 	C:\Windows\SYSTEM32\USERENV.dll
0x00007ff8401b0000 - 0x00007ff8401bb000 	C:\Windows\SYSTEM32\CRYPTBASE.dll
0x00007ff839b30000 - 0x00007ff839b46000 	C:\Windows\SYSTEM32\dhcpcsvc6.DLL
0x00007ff839b10000 - 0x00007ff839b2a000 	C:\Windows\SYSTEM32\dhcpcsvc.DLL
0x00007ff832b50000 - 0x00007ff832b5e000 	C:\Program Files\Java\jdk-14.0.2\bin\sunmscapi.dll
0x00007ff840820000 - 0x00007ff840a02000 	C:\Windows\System32\CRYPT32.dll
0x00007ff840790000 - 0x00007ff8407a2000 	C:\Windows\System32\MSASN1.dll
0x00007ff840290000 - 0x00007ff8402b6000 	C:\Windows\SYSTEM32\ncrypt.dll
0x00007ff840250000 - 0x00007ff840286000 	C:\Windows\SYSTEM32\NTASN1.dll
0x00007ff834710000 - 0x00007ff834735000 	C:\Program Files\Java\jdk-14.0.2\bin\sunec.dll

dbghelp: loaded successfully - version: 4.0.5 - missing functions: none
symbol engine: initialized successfully - sym options: 0x614 - pdb path: .;C:\Program Files\Java\jdk-14.0.2\bin;C:\Windows\SYSTEM32;C:\Windows\WinSxS\amd64_microsoft.windows.common-controls_6595b64144ccf1df_6.0.17133.1_none_e4d992df105abfa4;C:\Program Files\Java\jdk-14.0.2\bin\server

VM Arguments:
jvm_args: -XX:+ShowCodeDetailsInExceptionMessages -Dfile.encoding=UTF-8 
java_command: br.com.focusInformatica.mobile.MobileApplication
java_class_path (initial): C:\mobile\target\classes;C:\Users\home\.m2\repository\org\springframework\boot\spring-boot-starter-data-jpa\2.5.2\spring-boot-starter-data-jpa-2.5.2.jar;C:\Users\home\.m2\repository\org\springframework\boot\spring-boot-starter-aop\2.5.2\spring-boot-starter-aop-2.5.2.jar;C:\Users\home\.m2\repository\org\springframework\spring-aop\5.3.8\spring-aop-5.3.8.jar;C:\Users\home\.m2\repository\org\aspectj\aspectjweaver\1.9.6\aspectjweaver-1.9.6.jar;C:\Users\home\.m2\repository\org\springframework\boot\spring-boot-starter-jdbc\2.5.2\spring-boot-starter-jdbc-2.5.2.jar;C:\Users\home\.m2\repository\com\zaxxer\HikariCP\4.0.3\HikariCP-4.0.3.jar;C:\Users\home\.m2\repository\org\springframework\spring-jdbc\5.3.8\spring-jdbc-5.3.8.jar;C:\Users\home\.m2\repository\jakarta\transaction\jakarta.transaction-api\1.3.3\jakarta.transaction-api-1.3.3.jar;C:\Users\home\.m2\repository\jakarta\persistence\jakarta.persistence-api\2.2.3\jakarta.persistence-api-2.2.3.jar;C:\Users\home\.m2\repository\org\hibernate\hibernate-core\5.4.32.Final\hibernate-core-5.4.32.Final.jar;C:\Users\home\.m2\repository\org\jboss\logging\jboss-logging\3.4.2.Final\jboss-logging-3.4.2.Final.jar;C:\Users\home\.m2\repository\org\javassist\javassist\3.27.0-GA\javassist-3.27.0-GA.jar;C:\Users\home\.m2\repository\net\bytebuddy\byte-buddy\1.10.22\byte-buddy-1.10.22.jar;C:\Users\home\.m2\repository\antlr\antlr\2.7.7\antlr-2.7.7.jar;C:\Users\home\.m2\repository\org\jboss\jandex\2.2.3.Final\jandex-2.2.3.Final.jar;C:\Users\home\.m2\repository\com\fasterxml\classmate\1.5.1\classmate-1.5.1.jar;C:\Users\home\.m2\repository\org\dom4j\dom4j\2.1.3\dom4j-2.1.3.jar;C:\Users\home\.m2\repository\org\hibernate\common\hibernate-commons-annotations\5.1.2.Final\hibernate-commons-annotations-5.1.2.Final.jar;C:\Users\home\.m2\repository\org\glassfish\jaxb\jaxb-runtime\2.3.4\jaxb-runtime-2.3.4.jar;C:\Users\home\.m2\repository\org\glassfish\jaxb\txw2\2.3.4\txw2-2.3.4.jar;C:\Users\home\.m2\repository\com\sun\istack\istac
Launcher Type: SUN_STANDARD

[Global flags]
     intx CICompilerCount                          = 3                                         {product} {ergonomic}
     uint ConcGCThreads                            = 1                                         {product} {ergonomic}
     uint G1ConcRefinementThreads                  = 4                                         {product} {ergonomic}
   size_t G1HeapRegionSize                         = 1048576                                   {product} {ergonomic}
    uintx GCDrainStackTargetSize                   = 64                                        {product} {ergonomic}
   size_t InitialHeapSize                          = 65011712                                  {product} {ergonomic}
   size_t MarkStackSize                            = 4194304                                   {product} {ergonomic}
   size_t MaxHeapSize                              = 1031798784                                {product} {ergonomic}
   size_t MaxNewSize                               = 618659840                                 {product} {ergonomic}
   size_t MinHeapDeltaBytes                        = 1048576                                   {product} {ergonomic}
   size_t MinHeapSize                              = 8388608                                   {product} {ergonomic}
    uintx NonNMethodCodeHeapSize                   = 5832780                                {pd product} {ergonomic}
    uintx NonProfiledCodeHeapSize                  = 122912730                              {pd product} {ergonomic}
    uintx ProfiledCodeHeapSize                     = 122912730                              {pd product} {ergonomic}
    uintx ReservedCodeCacheSize                    = 251658240                              {pd product} {ergonomic}
     bool SegmentedCodeCache                       = true                                      {product} {ergonomic}
     bool ShowCodeDetailsInExceptionMessages       = true                                   {manageable} {command line}
   size_t SoftMaxHeapSize                          = 1031798784                             {manageable} {ergonomic}
     bool UseCompressedClassPointers               = true                                 {lp64_product} {ergonomic}
     bool UseCompressedOops                        = true                                 {lp64_product} {ergonomic}
     bool UseG1GC                                  = true                                      {product} {ergonomic}
     bool UseLargePagesIndividualAllocation        = false                                  {pd product} {ergonomic}

Logging:
Log output configuration:
 #0: stdout all=warning uptime,level,tags
 #1: stderr all=off uptime,level,tags

Environment Variables:
PATH=C:\Program Files\Microsoft MPI\Bin\;C:\Program Files\Common Files\Oracle\Java\javapath;C:\Windows\system32;C:\Windows;C:\Windows\System32\Wbem;C:\Windows\System32\WindowsPowerShell\v1.0\;C:\Windows\System32\OpenSSH\;C:\Program Files\Git\cmd;C:\Program Files (x86)\Microsoft SQL Server\150\DTS\Binn\;C:\Program Files\Azure Data Studio\bin;C:\Program Files (x86)\Microsoft SQL Server\110\Tools\Binn\;C:\Program Files\Microsoft SQL Server\110\Tools\Binn\;C:\Program Files\Microsoft SQL Server\110\DTS\Binn\;C:\Program Files (x86)\Microsoft SQL Server\110\Tools\Binn\ManagementStudio\;C:\Program Files (x86)\Microsoft Visual Studio 10.0\Common7\IDE\PrivateAssemblies\;C:\Program Files (x86)\Microsoft SQL Server\110\DTS\Binn\;C:\Program Files\Microsoft SQL Server\Client SDK\ODBC\170\Tools\Binn\;C:\Program Files (x86)\Microsoft SQL Server\150\Tools\Binn\;C:\Program Files\Microsoft SQL Server\150\Tools\Binn\;C:\Program Files\Microsoft SQL Server\150\DTS\Binn\;C:\Users\home\AppData\Local\Microsoft\WindowsApps;C:\Program Files\heroku\bin;C:\Users\home\AppData\Local\Programs\Microsoft VS Code\bin;C:\Program Files\Azure Data Studio\bin
USERNAME=home
OS=Windows_NT
PROCESSOR_IDENTIFIER=Intel64 Family 6 Model 58 Stepping 9, GenuineIntel



---------------  S Y S T E M  ---------------

OS: Windows 10 , 64 bit Build 17133 (10.0.17133.1)
OS uptime: 0 days 1:14 hours

CPU:total 4 (initial active 4) (2 cores per cpu, 2 threads per core) family 6 model 58 stepping 9, cmov, cx8, fxsr, mmx, sse, sse2, sse3, ssse3, sse4.1, sse4.2, popcnt, avx, clmul, erms, ht, tsc, tscinvbit, tscinv

Memory: 4k page, system-wide physical 3932M (998M free)
TotalPageFile size 6236M (AvailPageFile size 1813M)
current process WorkingSet (physical memory assigned to process): 217M, peak: 263M
current process commit charge ("private bytes"): 250M, peak: 296M

vm_info: Java HotSpot(TM) 64-Bit Server VM (14.0.2+12-46) for windows-amd64 JRE (14.0.2+12-46), built on Jul  9 2020 00:35:52 by "mach5one" with MS VC++ 15.9 (VS2017)

END.
